Tue May 21 05:28:09 +0000 2024 - Executing "{openroad -exit -no_init -python /openlane/scripts/odbpy/lefutil.py get_metal_layers -o /openlane/designs/inverter/runs/inverter_run/tmp/layers.list /root/.volare/sky130A/libs.ref/sky130_fd_sc_hd/techlef/sky130_fd_sc_hd__nom.tlef}"

Tue May 21 05:28:10 +0000 2024 - Executing "{/openlane/scripts/mergeLef.py -o /openlane/designs/inverter/runs/inverter_run/tmp/merged.nom.lef -i /root/.volare/sky130A/libs.ref/sky130_fd_sc_hd/techlef/sky130_fd_sc_hd__nom.tlef {/root/.volare/sky130A/libs.ref/sky130_fd_sc_hd/lef/sky130_ef_sc_hd.lef /root/.volare/sky130A/libs.ref/sky130_fd_sc_hd/lef/sky130_fd_sc_hd.lef} |& tee /dev/null}"

Tue May 21 05:28:10 +0000 2024 - Executing "{/openlane/scripts/mergeLef.py -o /openlane/designs/inverter/runs/inverter_run/tmp/merged.min.lef -i /root/.volare/sky130A/libs.ref/sky130_fd_sc_hd/techlef/sky130_fd_sc_hd__min.tlef {/root/.volare/sky130A/libs.ref/sky130_fd_sc_hd/lef/sky130_ef_sc_hd.lef /root/.volare/sky130A/libs.ref/sky130_fd_sc_hd/lef/sky130_fd_sc_hd.lef} |& tee /dev/null}"

Tue May 21 05:28:10 +0000 2024 - Executing "{/openlane/scripts/mergeLef.py -o /openlane/designs/inverter/runs/inverter_run/tmp/merged.max.lef -i /root/.volare/sky130A/libs.ref/sky130_fd_sc_hd/techlef/sky130_fd_sc_hd__max.tlef {/root/.volare/sky130A/libs.ref/sky130_fd_sc_hd/lef/sky130_ef_sc_hd.lef /root/.volare/sky130A/libs.ref/sky130_fd_sc_hd/lef/sky130_fd_sc_hd.lef} |& tee /dev/null}"

Tue May 21 05:28:10 +0000 2024 - Executing "{python3 /openlane/scripts/mergeLib.py --output /openlane/designs/inverter/runs/inverter_run/tmp/synthesis/merged.lib --name sky130A_merged /root/.volare/sky130A/libs.ref/sky130_fd_sc_hd/lib/sky130_fd_sc_hd__tt_025C_1v80.lib}"

Tue May 21 05:28:11 +0000 2024 - Executing "{python3 /openlane/scripts/libtrim.py --cell-file /openlane/designs/inverter/runs/inverter_run/tmp/synthesis/trimmed.lib.exclude.list --output /openlane/designs/inverter/runs/inverter_run/tmp/synthesis/trimmed.lib /openlane/designs/inverter/runs/inverter_run/tmp/synthesis/merged.lib}"

Tue May 21 05:28:11 +0000 2024 - Executing "{python3 /openlane/scripts/libtrim.py --cell-file /openlane/designs/inverter/runs/inverter_run/tmp/cts/cts.lib.exclude.list --output /openlane/designs/inverter/runs/inverter_run/tmp/cts/cts.lib /root/.volare/sky130A/libs.ref/sky130_fd_sc_hd/lib/sky130_fd_sc_hd__tt_025C_1v80.lib}"

Tue May 21 05:28:11 +0000 2024 - Executing "{python3 /openlane/scripts/libtrim.py --cell-file /openlane/designs/inverter/runs/inverter_run/tmp/cts/cts-fastest.lib.exclude.list --output /openlane/designs/inverter/runs/inverter_run/tmp/cts/cts-fastest.lib /root/.volare/sky130A/libs.ref/sky130_fd_sc_hd/lib/sky130_fd_sc_hd__ff_n40C_1v95.lib}"

Tue May 21 05:28:12 +0000 2024 - Executing "{python3 /openlane/scripts/libtrim.py --cell-file /openlane/designs/inverter/runs/inverter_run/tmp/cts/cts-slowest.lib.exclude.list --output /openlane/designs/inverter/runs/inverter_run/tmp/cts/cts-slowest.lib /root/.volare/sky130A/libs.ref/sky130_fd_sc_hd/lib/sky130_fd_sc_hd__ss_100C_1v60.lib}"

Tue May 21 05:28:12 +0000 2024 - Executing "{python3 /openlane/scripts/new_tracks.py -i /root/.volare/sky130A/libs.tech/openlane/sky130_fd_sc_hd/tracks.info -o /openlane/designs/inverter/runs/inverter_run/tmp/routing/config.tracks}"

Tue May 21 05:28:12 +0000 2024 - Executing "{echo {OpenLane 77eb5ffc00966b47b36e332ccbf42103eb95e974} > /openlane/designs/inverter/runs/inverter_run/OPENLANE_VERSION}"

Tue May 21 05:28:21 +0000 2024 - Executing "{sed -E {s/^([[:space:]]+)pg_pin(.*)/\1pin\2\n\1    direction : "inout";/g} /root/.volare/sky130A/libs.ref/sky130_fd_sc_hd/lib/sky130_fd_sc_hd__tt_025C_1v80.lib > /openlane/designs/inverter/runs/inverter_run/tmp/synthesis/1-sky130_fd_sc_hd__tt_025C_1v80.no_pg.lib}"

Tue May 21 05:28:21 +0000 2024 - Executing "{sed -E {s/^([[:space:]]+)pg_pin(.*)/\1pin\2\n\1    direction : "inout";/g} /openlane/designs/inverter/runs/inverter_run/tmp/synthesis/trimmed.lib > /openlane/designs/inverter/runs/inverter_run/tmp/synthesis/1-trimmed.no_pg.lib}"

Tue May 21 05:28:21 +0000 2024 - Executing "yosys -c /openlane/scripts/yosys/synth.tcl |& tee /dev/null /openlane/designs/inverter/runs/inverter_run/logs/synthesis/1-synthesis.log"

Tue May 21 05:28:21 +0000 2024 - Executing "{yosys -c /openlane/scripts/yosys/synth.tcl |& tee /dev/null /openlane/designs/inverter/runs/inverter_run/logs/synthesis/1-synthesis.log}"

Tue May 21 05:28:22 +0000 2024 - Executing "{sed -i.bak -e {s/\(set ::env(CURRENT_NETLIST)\).*/\1 \/openlane\/designs\/inverter\/runs\/inverter_run\/results\/synthesis\/inverter.v/} /openlane/designs/inverter/runs/inverter_run/config.tcl}"

Tue May 21 05:28:22 +0000 2024 - Executing "{sed -i.bak /defparam/d /openlane/designs/inverter/runs/inverter_run/results/synthesis/inverter.v}"

Tue May 21 05:28:22 +0000 2024 - Executing "sta -exit -no_init /openlane/scripts/openroad/sta/multi_corner.tcl |& tee /dev/null /openlane/designs/inverter/runs/inverter_run/logs/synthesis/2-sta.log"

Tue May 21 05:28:22 +0000 2024 - Executing "{sta -exit -no_init /openlane/scripts/openroad/sta/multi_corner.tcl |& tee /dev/null /openlane/designs/inverter/runs/inverter_run/logs/synthesis/2-sta.log}"

Tue May 21 05:28:31 +0000 2024 - Executing "openroad -exit /openlane/scripts/openroad/floorplan.tcl |& tee /dev/null /openlane/designs/inverter/runs/inverter_run/logs/floorplan/3-initial_fp.log"

Tue May 21 05:28:31 +0000 2024 - Executing "{openroad -exit /openlane/scripts/openroad/floorplan.tcl |& tee /dev/null /openlane/designs/inverter/runs/inverter_run/logs/floorplan/3-initial_fp.log}"

Tue May 21 05:28:32 +0000 2024 - Executing "{openroad -exit -no_init -python /openlane/scripts/odbpy/snap_to_grid.py --output /openlane/designs/inverter/runs/inverter_run/tmp/floorplan/3-minimized_pdn.txt --input-lef /openlane/designs/inverter/runs/inverter_run/tmp/merged.nom.lef 0.2875000000000001 0.33999999999999986 0.5750000000000002 0.6799999999999997}"

Tue May 21 05:28:33 +0000 2024 - Executing "{openroad -exit -no_init -python /openlane/scripts/odbpy/defutil.py extract_core_dims --output-data /openlane/designs/inverter/runs/inverter_run/tmp/dimensions.txt --input-lef /openlane/designs/inverter/runs/inverter_run/tmp/merged.nom.lef /openlane/designs/inverter/runs/inverter_run/tmp/floorplan/3-initial_fp.def}"

Tue May 21 05:28:33 +0000 2024 - Executing "openroad -exit /openlane/scripts/openroad/ioplacer.tcl |& tee /dev/null /openlane/designs/inverter/runs/inverter_run/logs/floorplan/4-io.log"

Tue May 21 05:28:33 +0000 2024 - Executing "{openroad -exit /openlane/scripts/openroad/ioplacer.tcl |& tee /dev/null /openlane/designs/inverter/runs/inverter_run/logs/floorplan/4-io.log}"

Tue May 21 05:28:34 +0000 2024 - Executing "openroad -exit /openlane/scripts/openroad/tapcell.tcl |& tee /dev/null /openlane/designs/inverter/runs/inverter_run/logs/floorplan/5-tap.log"

Tue May 21 05:28:34 +0000 2024 - Executing "{openroad -exit /openlane/scripts/openroad/tapcell.tcl |& tee /dev/null /openlane/designs/inverter/runs/inverter_run/logs/floorplan/5-tap.log}"

Tue May 21 05:28:34 +0000 2024 - Executing "openroad -exit /openlane/scripts/openroad/pdn.tcl |& tee /dev/null /openlane/designs/inverter/runs/inverter_run/logs/floorplan/6-pdn.log"

Tue May 21 05:28:34 +0000 2024 - Executing "{openroad -exit /openlane/scripts/openroad/pdn.tcl |& tee /dev/null /openlane/designs/inverter/runs/inverter_run/logs/floorplan/6-pdn.log}"

