[INFO]: Run Directory: /openlane/designs/inverter/runs/inverter_run
[INFO]: Saving runtime environment...
[INFO]: Preparing LEF files for the nom corner...
[INFO]: Preparing LEF files for the min corner...
[INFO]: Preparing LEF files for the max corner...
[WARNING]: PNR_SDC_FILE is not set. It is recommended to write a custom SDC file for the design. Defaulting to BASE_SDC_FILE
[WARNING]: SIGNOFF_SDC_FILE is not set. It is recommended to write a custom SDC file for the design. Defaulting to BASE_SDC_FILE
[INFO]: Running Synthesis (log: designs/inverter/runs/inverter_run/logs/synthesis/1-synthesis.log)...
[INFO]: Running Single-Corner Static Timing Analysis (log: designs/inverter/runs/inverter_run/logs/synthesis/2-sta.log)...
[INFO]: Running Initial Floorplanning (log: designs/inverter/runs/inverter_run/logs/floorplan/3-initial_fp.log)...
[WARNING]: Current core area is too small for the power grid settings chosen. The power grid was scaled down to an offset of 1/8 the core width and height and a pitch of 1/4 the core width and height.
[INFO]: Floorplanned with width 2.3 and height 2.72.
[INFO]: Running IO Placement (log: designs/inverter/runs/inverter_run/logs/floorplan/4-io.log)...
[INFO]: Running Tap/Decap Insertion (log: designs/inverter/runs/inverter_run/logs/floorplan/5-tap.log)...
[INFO]: Power planning with power {VPWR} and ground {VGND}...
[INFO]: Generating PDN (log: designs/inverter/runs/inverter_run/logs/floorplan/6-pdn.log)...
[ERROR]: during executing openroad script /openlane/scripts/openroad/pdn.tcl
[ERROR]: Log: designs/inverter/runs/inverter_run/logs/floorplan/6-pdn.log
[ERROR]: Last 10 lines:
[INFO]: Setting input delay to: 2.0
[WARNING STA-0366] port '__VIRTUAL_CLK__' not found.
[INFO]: Setting load to: 0.033442
[INFO]: Setting clock uncertainty to: 0.25
[INFO]: Setting clock transition to: 0.15
[WARNING STA-0419] transition time can not be specified for virtual clocks.
[INFO]: Setting timing derate to: 5.0 %
[ERROR PDN-0175] Pitch 0.5750 is too small for, must be atleast 6.6000
Error: pdn_cfg.tcl, 88 PDN-0175
child process exited abnormally

[ERROR]: Creating issue reproducible...
[INFO]: Saving runtime environment...
[INFO]: Reproducible packaged: Please tarball and upload 'designs/inverter/runs/inverter_run/issue_reproducible' if you're going to submit an issue.
