OpenROAD d423155d69de7f683a23f6916ead418a615ad4ad 
Features included (+) or not (-):  +Charts +GPU +GUI +Python
This program is licensed under the BSD-3 license. See the LICENSE file for details.
Components of this program may be licensed under more restrictive licenses which must be honored.
[INFO]: Reading ODB at '/openlane/designs/car_park/runs/ayyaz/tmp/20-car_park.odb'…
define_corners Typical
read_liberty -corner Typical /root/.volare/sky130A/libs.ref/sky130_fd_sc_hd/lib/sky130_fd_sc_hd__tt_025C_1v80.lib
Using 1e-12 for capacitance...
Using 1e+03 for resistance...
Using 1e-09 for time...
Using 1e+00 for voltage...
Using 1e-03 for current...
Using 1e-09 for power...
Using 1e-06 for distance...
Reading design constraints file at '/openlane/scripts/base.sdc'…
[INFO]: Setting output delay to: 2.0
[INFO]: Setting input delay to: 2.0
[INFO]: Setting load to: 0.033442
[INFO]: Setting clock uncertainty to: 0.25
[INFO]: Setting clock transition to: 0.15
[INFO]: Setting timing derate to: 5.0 %
[INFO]: Setting RC values...
min_report

===========================================================================
report_checks -path_delay min (Hold)
============================================================================
======================= Typical Corner ===================================

Startpoint: _22_ (rising edge-triggered flip-flop clocked by clk)
Endpoint: _22_ (rising edge-triggered flip-flop clocked by clk)
Path Group: clk
Path Type: min

Fanout     Cap    Slew   Delay    Time   Description
-----------------------------------------------------------------------------
                  0.15    0.00    0.00   clock clk (rise edge)
                          0.00    0.00   clock network delay (ideal)
                  0.15    0.00    0.00 ^ _22_/CLK (sky130_fd_sc_hd__dfxtp_1)
     2    0.00    0.05    0.33    0.33 ^ _22_/Q (sky130_fd_sc_hd__dfxtp_1)
                                         net11 (net)
                  0.05    0.00    0.33 ^ hold3/A (sky130_fd_sc_hd__dlygate4sd3_1)
     1    0.00    0.07    0.53    0.86 ^ hold3/X (sky130_fd_sc_hd__dlygate4sd3_1)
                                         net19 (net)
                  0.07    0.00    0.86 ^ _14_/A (sky130_fd_sc_hd__xor2_1)
     1    0.00    0.03    0.06    0.92 v _14_/X (sky130_fd_sc_hd__xor2_1)
                                         _06_ (net)
                  0.03    0.00    0.92 v _22_/D (sky130_fd_sc_hd__dfxtp_1)
                                  0.92   data arrival time

                  0.15    0.00    0.00   clock clk (rise edge)
                          0.00    0.00   clock network delay (ideal)
                          0.25    0.25   clock uncertainty
                          0.00    0.25   clock reconvergence pessimism
                                  0.25 ^ _22_/CLK (sky130_fd_sc_hd__dfxtp_1)
                         -0.02    0.23   library hold time
                                  0.23   data required time
-----------------------------------------------------------------------------
                                  0.23   data required time
                                 -0.92   data arrival time
-----------------------------------------------------------------------------
                                  0.69   slack (MET)


Startpoint: _16_ (rising edge-triggered flip-flop clocked by clk)
Endpoint: _16_ (rising edge-triggered flip-flop clocked by clk)
Path Group: clk
Path Type: min

Fanout     Cap    Slew   Delay    Time   Description
-----------------------------------------------------------------------------
                  0.15    0.00    0.00   clock clk (rise edge)
                          0.00    0.00   clock network delay (ideal)
                  0.15    0.00    0.00 ^ _16_/CLK (sky130_fd_sc_hd__dfxtp_1)
     2    0.00    0.05    0.33    0.33 ^ _16_/Q (sky130_fd_sc_hd__dfxtp_1)
                                         net9 (net)
                  0.05    0.00    0.33 ^ hold1/A (sky130_fd_sc_hd__dlygate4sd3_1)
     1    0.00    0.07    0.53    0.86 ^ hold1/X (sky130_fd_sc_hd__dlygate4sd3_1)
                                         net17 (net)
                  0.07    0.00    0.86 ^ _08_/A (sky130_fd_sc_hd__xor2_1)
     1    0.00    0.03    0.06    0.92 v _08_/X (sky130_fd_sc_hd__xor2_1)
                                         _00_ (net)
                  0.03    0.00    0.92 v _16_/D (sky130_fd_sc_hd__dfxtp_1)
                                  0.92   data arrival time

                  0.15    0.00    0.00   clock clk (rise edge)
                          0.00    0.00   clock network delay (ideal)
                          0.25    0.25   clock uncertainty
                          0.00    0.25   clock reconvergence pessimism
                                  0.25 ^ _16_/CLK (sky130_fd_sc_hd__dfxtp_1)
                         -0.03    0.22   library hold time
                                  0.22   data required time
-----------------------------------------------------------------------------
                                  0.22   data required time
                                 -0.92   data arrival time
-----------------------------------------------------------------------------
                                  0.69   slack (MET)


Startpoint: _17_ (rising edge-triggered flip-flop clocked by clk)
Endpoint: _17_ (rising edge-triggered flip-flop clocked by clk)
Path Group: clk
Path Type: min

Fanout     Cap    Slew   Delay    Time   Description
-----------------------------------------------------------------------------
                  0.15    0.00    0.00   clock clk (rise edge)
                          0.00    0.00   clock network delay (ideal)
                  0.15    0.00    0.00 ^ _17_/CLK (sky130_fd_sc_hd__dfxtp_1)
     2    0.01    0.06    0.34    0.34 ^ _17_/Q (sky130_fd_sc_hd__dfxtp_1)
                                         net16 (net)
                  0.06    0.00    0.34 ^ hold6/A (sky130_fd_sc_hd__dlygate4sd3_1)
     1    0.01    0.07    0.53    0.87 ^ hold6/X (sky130_fd_sc_hd__dlygate4sd3_1)
                                         net22 (net)
                  0.07    0.00    0.87 ^ _09_/A (sky130_fd_sc_hd__xor2_1)
     1    0.00    0.03    0.06    0.93 v _09_/X (sky130_fd_sc_hd__xor2_1)
                                         _01_ (net)
                  0.03    0.00    0.93 v _17_/D (sky130_fd_sc_hd__dfxtp_1)
                                  0.93   data arrival time

                  0.15    0.00    0.00   clock clk (rise edge)
                          0.00    0.00   clock network delay (ideal)
                          0.25    0.25   clock uncertainty
                          0.00    0.25   clock reconvergence pessimism
                                  0.25 ^ _17_/CLK (sky130_fd_sc_hd__dfxtp_1)
                         -0.03    0.22   library hold time
                                  0.22   data required time
-----------------------------------------------------------------------------
                                  0.22   data required time
                                 -0.93   data arrival time
-----------------------------------------------------------------------------
                                  0.70   slack (MET)


Startpoint: _23_ (rising edge-triggered flip-flop clocked by clk)
Endpoint: _23_ (rising edge-triggered flip-flop clocked by clk)
Path Group: clk
Path Type: min

Fanout     Cap    Slew   Delay    Time   Description
-----------------------------------------------------------------------------
                  0.15    0.00    0.00   clock clk (rise edge)
                          0.00    0.00   clock network delay (ideal)
                  0.15    0.00    0.00 ^ _23_/CLK (sky130_fd_sc_hd__dfxtp_1)
     2    0.01    0.06    0.34    0.34 ^ _23_/Q (sky130_fd_sc_hd__dfxtp_1)
                                         net10 (net)
                  0.06    0.00    0.34 ^ hold2/A (sky130_fd_sc_hd__dlygate4sd3_1)
     1    0.01    0.07    0.53    0.87 ^ hold2/X (sky130_fd_sc_hd__dlygate4sd3_1)
                                         net18 (net)
                  0.07    0.00    0.87 ^ _15_/A (sky130_fd_sc_hd__xor2_1)
     1    0.00    0.03    0.06    0.93 v _15_/X (sky130_fd_sc_hd__xor2_1)
                                         _07_ (net)
                  0.03    0.00    0.93 v _23_/D (sky130_fd_sc_hd__dfxtp_1)
                                  0.93   data arrival time

                  0.15    0.00    0.00   clock clk (rise edge)
                          0.00    0.00   clock network delay (ideal)
                          0.25    0.25   clock uncertainty
                          0.00    0.25   clock reconvergence pessimism
                                  0.25 ^ _23_/CLK (sky130_fd_sc_hd__dfxtp_1)
                         -0.03    0.22   library hold time
                                  0.22   data required time
-----------------------------------------------------------------------------
                                  0.22   data required time
                                 -0.93   data arrival time
-----------------------------------------------------------------------------
                                  0.71   slack (MET)


Startpoint: _19_ (rising edge-triggered flip-flop clocked by clk)
Endpoint: _19_ (rising edge-triggered flip-flop clocked by clk)
Path Group: clk
Path Type: min

Fanout     Cap    Slew   Delay    Time   Description
-----------------------------------------------------------------------------
                  0.15    0.00    0.00   clock clk (rise edge)
                          0.00    0.00   clock network delay (ideal)
                  0.15    0.00    0.00 ^ _19_/CLK (sky130_fd_sc_hd__dfxtp_1)
     2    0.01    0.06    0.33    0.33 ^ _19_/Q (sky130_fd_sc_hd__dfxtp_1)
                                         net14 (net)
                  0.06    0.00    0.33 ^ hold7/A (sky130_fd_sc_hd__dlygate4sd3_1)
     1    0.01    0.08    0.53    0.87 ^ hold7/X (sky130_fd_sc_hd__dlygate4sd3_1)
                                         net23 (net)
                  0.08    0.00    0.87 ^ _11_/A (sky130_fd_sc_hd__xor2_1)
     1    0.00    0.04    0.06    0.93 v _11_/X (sky130_fd_sc_hd__xor2_1)
                                         _03_ (net)
                  0.04    0.00    0.93 v _19_/D (sky130_fd_sc_hd__dfxtp_1)
                                  0.93   data arrival time

                  0.15    0.00    0.00   clock clk (rise edge)
                          0.00    0.00   clock network delay (ideal)
                          0.25    0.25   clock uncertainty
                          0.00    0.25   clock reconvergence pessimism
                                  0.25 ^ _19_/CLK (sky130_fd_sc_hd__dfxtp_1)
                         -0.03    0.22   library hold time
                                  0.22   data required time
-----------------------------------------------------------------------------
                                  0.22   data required time
                                 -0.93   data arrival time
-----------------------------------------------------------------------------
                                  0.71   slack (MET)


Startpoint: _21_ (rising edge-triggered flip-flop clocked by clk)
Endpoint: _21_ (rising edge-triggered flip-flop clocked by clk)
Path Group: clk
Path Type: min

Fanout     Cap    Slew   Delay    Time   Description
-----------------------------------------------------------------------------
                  0.15    0.00    0.00   clock clk (rise edge)
                          0.00    0.00   clock network delay (ideal)
                  0.15    0.00    0.00 ^ _21_/CLK (sky130_fd_sc_hd__dfxtp_1)
     2    0.01    0.06    0.34    0.34 ^ _21_/Q (sky130_fd_sc_hd__dfxtp_1)
                                         net12 (net)
                  0.06    0.00    0.34 ^ hold5/A (sky130_fd_sc_hd__dlygate4sd3_1)
     1    0.01    0.07    0.53    0.87 ^ hold5/X (sky130_fd_sc_hd__dlygate4sd3_1)
                                         net21 (net)
                  0.07    0.00    0.87 ^ _13_/A (sky130_fd_sc_hd__xor2_1)
     1    0.00    0.04    0.06    0.93 v _13_/X (sky130_fd_sc_hd__xor2_1)
                                         _05_ (net)
                  0.04    0.00    0.93 v _21_/D (sky130_fd_sc_hd__dfxtp_1)
                                  0.93   data arrival time

                  0.15    0.00    0.00   clock clk (rise edge)
                          0.00    0.00   clock network delay (ideal)
                          0.25    0.25   clock uncertainty
                          0.00    0.25   clock reconvergence pessimism
                                  0.25 ^ _21_/CLK (sky130_fd_sc_hd__dfxtp_1)
                         -0.03    0.22   library hold time
                                  0.22   data required time
-----------------------------------------------------------------------------
                                  0.22   data required time
                                 -0.93   data arrival time
-----------------------------------------------------------------------------
                                  0.71   slack (MET)


Startpoint: _20_ (rising edge-triggered flip-flop clocked by clk)
Endpoint: _20_ (rising edge-triggered flip-flop clocked by clk)
Path Group: clk
Path Type: min

Fanout     Cap    Slew   Delay    Time   Description
-----------------------------------------------------------------------------
                  0.15    0.00    0.00   clock clk (rise edge)
                          0.00    0.00   clock network delay (ideal)
                  0.15    0.00    0.00 ^ _20_/CLK (sky130_fd_sc_hd__dfxtp_1)
     2    0.01    0.06    0.34    0.34 ^ _20_/Q (sky130_fd_sc_hd__dfxtp_1)
                                         net13 (net)
                  0.06    0.00    0.34 ^ hold8/A (sky130_fd_sc_hd__dlygate4sd3_1)
     1    0.01    0.08    0.54    0.87 ^ hold8/X (sky130_fd_sc_hd__dlygate4sd3_1)
                                         net24 (net)
                  0.08    0.00    0.87 ^ _12_/A (sky130_fd_sc_hd__xor2_1)
     1    0.00    0.04    0.06    0.94 v _12_/X (sky130_fd_sc_hd__xor2_1)
                                         _04_ (net)
                  0.04    0.00    0.94 v _20_/D (sky130_fd_sc_hd__dfxtp_1)
                                  0.94   data arrival time

                  0.15    0.00    0.00   clock clk (rise edge)
                          0.00    0.00   clock network delay (ideal)
                          0.25    0.25   clock uncertainty
                          0.00    0.25   clock reconvergence pessimism
                                  0.25 ^ _20_/CLK (sky130_fd_sc_hd__dfxtp_1)
                         -0.03    0.22   library hold time
                                  0.22   data required time
-----------------------------------------------------------------------------
                                  0.22   data required time
                                 -0.94   data arrival time
-----------------------------------------------------------------------------
                                  0.71   slack (MET)


Startpoint: _18_ (rising edge-triggered flip-flop clocked by clk)
Endpoint: _18_ (rising edge-triggered flip-flop clocked by clk)
Path Group: clk
Path Type: min

Fanout     Cap    Slew   Delay    Time   Description
-----------------------------------------------------------------------------
                  0.15    0.00    0.00   clock clk (rise edge)
                          0.00    0.00   clock network delay (ideal)
                  0.15    0.00    0.00 ^ _18_/CLK (sky130_fd_sc_hd__dfxtp_1)
     2    0.01    0.07    0.34    0.34 ^ _18_/Q (sky130_fd_sc_hd__dfxtp_1)
                                         net15 (net)
                  0.07    0.00    0.34 ^ hold4/A (sky130_fd_sc_hd__dlygate4sd3_1)
     1    0.01    0.07    0.53    0.88 ^ hold4/X (sky130_fd_sc_hd__dlygate4sd3_1)
                                         net20 (net)
                  0.07    0.00    0.88 ^ _10_/A (sky130_fd_sc_hd__xor2_1)
     1    0.00    0.04    0.06    0.94 v _10_/X (sky130_fd_sc_hd__xor2_1)
                                         _02_ (net)
                  0.04    0.00    0.94 v _18_/D (sky130_fd_sc_hd__dfxtp_1)
                                  0.94   data arrival time

                  0.15    0.00    0.00   clock clk (rise edge)
                          0.00    0.00   clock network delay (ideal)
                          0.25    0.25   clock uncertainty
                          0.00    0.25   clock reconvergence pessimism
                                  0.25 ^ _18_/CLK (sky130_fd_sc_hd__dfxtp_1)
                         -0.03    0.22   library hold time
                                  0.22   data required time
-----------------------------------------------------------------------------
                                  0.22   data required time
                                 -0.94   data arrival time
-----------------------------------------------------------------------------
                                  0.72   slack (MET)


Startpoint: _22_ (rising edge-triggered flip-flop clocked by clk)
Endpoint: parking_spaces[2] (output port clocked by clk)
Path Group: clk
Path Type: min

Fanout     Cap    Slew   Delay    Time   Description
-----------------------------------------------------------------------------
                  0.15    0.00    0.00   clock clk (rise edge)
                          0.00    0.00   clock network delay (ideal)
                  0.15    0.00    0.00 ^ _22_/CLK (sky130_fd_sc_hd__dfxtp_1)
     2    0.00    0.03    0.32    0.32 v _22_/Q (sky130_fd_sc_hd__dfxtp_1)
                                         net11 (net)
                  0.03    0.00    0.32 v output11/A (sky130_fd_sc_hd__buf_2)
     1    0.03    0.09    0.16    0.48 v output11/X (sky130_fd_sc_hd__buf_2)
                                         parking_spaces[2] (net)
                  0.09    0.00    0.48 v parking_spaces[2] (out)
                                  0.48   data arrival time

                  0.15    0.00    0.00   clock clk (rise edge)
                          0.00    0.00   clock network delay (ideal)
                          0.25    0.25   clock uncertainty
                          0.00    0.25   clock reconvergence pessimism
                         -2.00   -1.75   output external delay
                                 -1.75   data required time
-----------------------------------------------------------------------------
                                 -1.75   data required time
                                 -0.48   data arrival time
-----------------------------------------------------------------------------
                                  2.23   slack (MET)


Startpoint: _16_ (rising edge-triggered flip-flop clocked by clk)
Endpoint: parking_spaces[0] (output port clocked by clk)
Path Group: clk
Path Type: min

Fanout     Cap    Slew   Delay    Time   Description
-----------------------------------------------------------------------------
                  0.15    0.00    0.00   clock clk (rise edge)
                          0.00    0.00   clock network delay (ideal)
                  0.15    0.00    0.00 ^ _16_/CLK (sky130_fd_sc_hd__dfxtp_1)
     2    0.00    0.03    0.32    0.32 v _16_/Q (sky130_fd_sc_hd__dfxtp_1)
                                         net9 (net)
                  0.03    0.00    0.32 v output9/A (sky130_fd_sc_hd__buf_2)
     1    0.03    0.09    0.17    0.48 v output9/X (sky130_fd_sc_hd__buf_2)
                                         parking_spaces[0] (net)
                  0.09    0.00    0.48 v parking_spaces[0] (out)
                                  0.48   data arrival time

                  0.15    0.00    0.00   clock clk (rise edge)
                          0.00    0.00   clock network delay (ideal)
                          0.25    0.25   clock uncertainty
                          0.00    0.25   clock reconvergence pessimism
                         -2.00   -1.75   output external delay
                                 -1.75   data required time
-----------------------------------------------------------------------------
                                 -1.75   data required time
                                 -0.48   data arrival time
-----------------------------------------------------------------------------
                                  2.23   slack (MET)


Startpoint: _19_ (rising edge-triggered flip-flop clocked by clk)
Endpoint: parking_spaces[5] (output port clocked by clk)
Path Group: clk
Path Type: min

Fanout     Cap    Slew   Delay    Time   Description
-----------------------------------------------------------------------------
                  0.15    0.00    0.00   clock clk (rise edge)
                          0.00    0.00   clock network delay (ideal)
                  0.15    0.00    0.00 ^ _19_/CLK (sky130_fd_sc_hd__dfxtp_1)
     2    0.00    0.03    0.32    0.32 v _19_/Q (sky130_fd_sc_hd__dfxtp_1)
                                         net14 (net)
                  0.03    0.00    0.32 v output14/A (sky130_fd_sc_hd__clkbuf_4)
     1    0.03    0.08    0.17    0.49 v output14/X (sky130_fd_sc_hd__clkbuf_4)
                                         parking_spaces[5] (net)
                  0.08    0.00    0.49 v parking_spaces[5] (out)
                                  0.49   data arrival time

                  0.15    0.00    0.00   clock clk (rise edge)
                          0.00    0.00   clock network delay (ideal)
                          0.25    0.25   clock uncertainty
                          0.00    0.25   clock reconvergence pessimism
                         -2.00   -1.75   output external delay
                                 -1.75   data required time
-----------------------------------------------------------------------------
                                 -1.75   data required time
                                 -0.49   data arrival time
-----------------------------------------------------------------------------
                                  2.24   slack (MET)


Startpoint: _17_ (rising edge-triggered flip-flop clocked by clk)
Endpoint: parking_spaces[7] (output port clocked by clk)
Path Group: clk
Path Type: min

Fanout     Cap    Slew   Delay    Time   Description
-----------------------------------------------------------------------------
                  0.15    0.00    0.00   clock clk (rise edge)
                          0.00    0.00   clock network delay (ideal)
                  0.15    0.00    0.00 ^ _17_/CLK (sky130_fd_sc_hd__dfxtp_1)
     2    0.01    0.04    0.32    0.32 v _17_/Q (sky130_fd_sc_hd__dfxtp_1)
                                         net16 (net)
                  0.04    0.00    0.32 v output16/A (sky130_fd_sc_hd__buf_2)
     1    0.03    0.09    0.17    0.49 v output16/X (sky130_fd_sc_hd__buf_2)
                                         parking_spaces[7] (net)
                  0.09    0.00    0.49 v parking_spaces[7] (out)
                                  0.49   data arrival time

                  0.15    0.00    0.00   clock clk (rise edge)
                          0.00    0.00   clock network delay (ideal)
                          0.25    0.25   clock uncertainty
                          0.00    0.25   clock reconvergence pessimism
                         -2.00   -1.75   output external delay
                                 -1.75   data required time
-----------------------------------------------------------------------------
                                 -1.75   data required time
                                 -0.49   data arrival time
-----------------------------------------------------------------------------
                                  2.24   slack (MET)


Startpoint: _21_ (rising edge-triggered flip-flop clocked by clk)
Endpoint: parking_spaces[3] (output port clocked by clk)
Path Group: clk
Path Type: min

Fanout     Cap    Slew   Delay    Time   Description
-----------------------------------------------------------------------------
                  0.15    0.00    0.00   clock clk (rise edge)
                          0.00    0.00   clock network delay (ideal)
                  0.15    0.00    0.00 ^ _21_/CLK (sky130_fd_sc_hd__dfxtp_1)
     2    0.01    0.04    0.32    0.32 v _21_/Q (sky130_fd_sc_hd__dfxtp_1)
                                         net12 (net)
                  0.04    0.00    0.32 v output12/A (sky130_fd_sc_hd__buf_2)
     1    0.03    0.09    0.17    0.49 v output12/X (sky130_fd_sc_hd__buf_2)
                                         parking_spaces[3] (net)
                  0.09    0.00    0.49 v parking_spaces[3] (out)
                                  0.49   data arrival time

                  0.15    0.00    0.00   clock clk (rise edge)
                          0.00    0.00   clock network delay (ideal)
                          0.25    0.25   clock uncertainty
                          0.00    0.25   clock reconvergence pessimism
                         -2.00   -1.75   output external delay
                                 -1.75   data required time
-----------------------------------------------------------------------------
                                 -1.75   data required time
                                 -0.49   data arrival time
-----------------------------------------------------------------------------
                                  2.24   slack (MET)


Startpoint: _20_ (rising edge-triggered flip-flop clocked by clk)
Endpoint: parking_spaces[4] (output port clocked by clk)
Path Group: clk
Path Type: min

Fanout     Cap    Slew   Delay    Time   Description
-----------------------------------------------------------------------------
                  0.15    0.00    0.00   clock clk (rise edge)
                          0.00    0.00   clock network delay (ideal)
                  0.15    0.00    0.00 ^ _20_/CLK (sky130_fd_sc_hd__dfxtp_1)
     2    0.01    0.04    0.32    0.32 v _20_/Q (sky130_fd_sc_hd__dfxtp_1)
                                         net13 (net)
                  0.04    0.00    0.32 v output13/A (sky130_fd_sc_hd__buf_2)
     1    0.04    0.09    0.17    0.49 v output13/X (sky130_fd_sc_hd__buf_2)
                                         parking_spaces[4] (net)
                  0.09    0.00    0.49 v parking_spaces[4] (out)
                                  0.49   data arrival time

                  0.15    0.00    0.00   clock clk (rise edge)
                          0.00    0.00   clock network delay (ideal)
                          0.25    0.25   clock uncertainty
                          0.00    0.25   clock reconvergence pessimism
                         -2.00   -1.75   output external delay
                                 -1.75   data required time
-----------------------------------------------------------------------------
                                 -1.75   data required time
                                 -0.49   data arrival time
-----------------------------------------------------------------------------
                                  2.24   slack (MET)


Startpoint: _23_ (rising edge-triggered flip-flop clocked by clk)
Endpoint: parking_spaces[1] (output port clocked by clk)
Path Group: clk
Path Type: min

Fanout     Cap    Slew   Delay    Time   Description
-----------------------------------------------------------------------------
                  0.15    0.00    0.00   clock clk (rise edge)
                          0.00    0.00   clock network delay (ideal)
                  0.15    0.00    0.00 ^ _23_/CLK (sky130_fd_sc_hd__dfxtp_1)
     2    0.01    0.04    0.32    0.32 v _23_/Q (sky130_fd_sc_hd__dfxtp_1)
                                         net10 (net)
                  0.04    0.00    0.32 v output10/A (sky130_fd_sc_hd__buf_2)
     1    0.04    0.09    0.17    0.49 v output10/X (sky130_fd_sc_hd__buf_2)
                                         parking_spaces[1] (net)
                  0.09    0.00    0.49 v parking_spaces[1] (out)
                                  0.49   data arrival time

                  0.15    0.00    0.00   clock clk (rise edge)
                          0.00    0.00   clock network delay (ideal)
                          0.25    0.25   clock uncertainty
                          0.00    0.25   clock reconvergence pessimism
                         -2.00   -1.75   output external delay
                                 -1.75   data required time
-----------------------------------------------------------------------------
                                 -1.75   data required time
                                 -0.49   data arrival time
-----------------------------------------------------------------------------
                                  2.24   slack (MET)


Startpoint: _18_ (rising edge-triggered flip-flop clocked by clk)
Endpoint: parking_spaces[6] (output port clocked by clk)
Path Group: clk
Path Type: min

Fanout     Cap    Slew   Delay    Time   Description
-----------------------------------------------------------------------------
                  0.15    0.00    0.00   clock clk (rise edge)
                          0.00    0.00   clock network delay (ideal)
                  0.15    0.00    0.00 ^ _18_/CLK (sky130_fd_sc_hd__dfxtp_1)
     2    0.01    0.04    0.32    0.32 v _18_/Q (sky130_fd_sc_hd__dfxtp_1)
                                         net15 (net)
                  0.04    0.00    0.33 v output15/A (sky130_fd_sc_hd__buf_2)
     1    0.04    0.09    0.17    0.50 v output15/X (sky130_fd_sc_hd__buf_2)
                                         parking_spaces[6] (net)
                  0.09    0.00    0.50 v parking_spaces[6] (out)
                                  0.50   data arrival time

                  0.15    0.00    0.00   clock clk (rise edge)
                          0.00    0.00   clock network delay (ideal)
                          0.25    0.25   clock uncertainty
                          0.00    0.25   clock reconvergence pessimism
                         -2.00   -1.75   output external delay
                                 -1.75   data required time
-----------------------------------------------------------------------------
                                 -1.75   data required time
                                 -0.50   data arrival time
-----------------------------------------------------------------------------
                                  2.25   slack (MET)



worst slack corner Typical: 0.6905
min_report_end
max_report

===========================================================================
report_checks -path_delay max (Setup)
============================================================================
======================= Typical Corner ===================================

Startpoint: _18_ (rising edge-triggered flip-flop clocked by clk)
Endpoint: parking_spaces[6] (output port clocked by clk)
Path Group: clk
Path Type: max

Fanout     Cap    Slew   Delay    Time   Description
-----------------------------------------------------------------------------
                  0.15    0.00    0.00   clock clk (rise edge)
                          0.00    0.00   clock network delay (ideal)
                  0.15    0.00    0.00 ^ _18_/CLK (sky130_fd_sc_hd__dfxtp_1)
     2    0.01    0.07    0.38    0.38 ^ _18_/Q (sky130_fd_sc_hd__dfxtp_1)
                                         net15 (net)
                  0.07    0.00    0.38 ^ output15/A (sky130_fd_sc_hd__buf_2)
     1    0.04    0.18    0.23    0.61 ^ output15/X (sky130_fd_sc_hd__buf_2)
                                         parking_spaces[6] (net)
                  0.18    0.00    0.61 ^ parking_spaces[6] (out)
                                  0.61   data arrival time

                  0.15   10.00   10.00   clock clk (rise edge)
                          0.00   10.00   clock network delay (ideal)
                         -0.25    9.75   clock uncertainty
                          0.00    9.75   clock reconvergence pessimism
                         -2.00    7.75   output external delay
                                  7.75   data required time
-----------------------------------------------------------------------------
                                  7.75   data required time
                                 -0.61   data arrival time
-----------------------------------------------------------------------------
                                  7.14   slack (MET)


Startpoint: _23_ (rising edge-triggered flip-flop clocked by clk)
Endpoint: parking_spaces[1] (output port clocked by clk)
Path Group: clk
Path Type: max

Fanout     Cap    Slew   Delay    Time   Description
-----------------------------------------------------------------------------
                  0.15    0.00    0.00   clock clk (rise edge)
                          0.00    0.00   clock network delay (ideal)
                  0.15    0.00    0.00 ^ _23_/CLK (sky130_fd_sc_hd__dfxtp_1)
     2    0.01    0.06    0.37    0.37 ^ _23_/Q (sky130_fd_sc_hd__dfxtp_1)
                                         net10 (net)
                  0.06    0.00    0.37 ^ output10/A (sky130_fd_sc_hd__buf_2)
     1    0.04    0.18    0.22    0.60 ^ output10/X (sky130_fd_sc_hd__buf_2)
                                         parking_spaces[1] (net)
                  0.18    0.00    0.60 ^ parking_spaces[1] (out)
                                  0.60   data arrival time

                  0.15   10.00   10.00   clock clk (rise edge)
                          0.00   10.00   clock network delay (ideal)
                         -0.25    9.75   clock uncertainty
                          0.00    9.75   clock reconvergence pessimism
                         -2.00    7.75   output external delay
                                  7.75   data required time
-----------------------------------------------------------------------------
                                  7.75   data required time
                                 -0.60   data arrival time
-----------------------------------------------------------------------------
                                  7.15   slack (MET)


Startpoint: _20_ (rising edge-triggered flip-flop clocked by clk)
Endpoint: parking_spaces[4] (output port clocked by clk)
Path Group: clk
Path Type: max

Fanout     Cap    Slew   Delay    Time   Description
-----------------------------------------------------------------------------
                  0.15    0.00    0.00   clock clk (rise edge)
                          0.00    0.00   clock network delay (ideal)
                  0.15    0.00    0.00 ^ _20_/CLK (sky130_fd_sc_hd__dfxtp_1)
     2    0.01    0.06    0.37    0.37 ^ _20_/Q (sky130_fd_sc_hd__dfxtp_1)
                                         net13 (net)
                  0.06    0.00    0.37 ^ output13/A (sky130_fd_sc_hd__buf_2)
     1    0.04    0.18    0.22    0.60 ^ output13/X (sky130_fd_sc_hd__buf_2)
                                         parking_spaces[4] (net)
                  0.18    0.00    0.60 ^ parking_spaces[4] (out)
                                  0.60   data arrival time

                  0.15   10.00   10.00   clock clk (rise edge)
                          0.00   10.00   clock network delay (ideal)
                         -0.25    9.75   clock uncertainty
                          0.00    9.75   clock reconvergence pessimism
                         -2.00    7.75   output external delay
                                  7.75   data required time
-----------------------------------------------------------------------------
                                  7.75   data required time
                                 -0.60   data arrival time
-----------------------------------------------------------------------------
                                  7.15   slack (MET)


Startpoint: _21_ (rising edge-triggered flip-flop clocked by clk)
Endpoint: parking_spaces[3] (output port clocked by clk)
Path Group: clk
Path Type: max

Fanout     Cap    Slew   Delay    Time   Description
-----------------------------------------------------------------------------
                  0.15    0.00    0.00   clock clk (rise edge)
                          0.00    0.00   clock network delay (ideal)
                  0.15    0.00    0.00 ^ _21_/CLK (sky130_fd_sc_hd__dfxtp_1)
     2    0.01    0.06    0.37    0.37 ^ _21_/Q (sky130_fd_sc_hd__dfxtp_1)
                                         net12 (net)
                  0.06    0.00    0.37 ^ output12/A (sky130_fd_sc_hd__buf_2)
     1    0.03    0.17    0.22    0.59 ^ output12/X (sky130_fd_sc_hd__buf_2)
                                         parking_spaces[3] (net)
                  0.17    0.00    0.59 ^ parking_spaces[3] (out)
                                  0.59   data arrival time

                  0.15   10.00   10.00   clock clk (rise edge)
                          0.00   10.00   clock network delay (ideal)
                         -0.25    9.75   clock uncertainty
                          0.00    9.75   clock reconvergence pessimism
                         -2.00    7.75   output external delay
                                  7.75   data required time
-----------------------------------------------------------------------------
                                  7.75   data required time
                                 -0.59   data arrival time
-----------------------------------------------------------------------------
                                  7.16   slack (MET)


Startpoint: _17_ (rising edge-triggered flip-flop clocked by clk)
Endpoint: parking_spaces[7] (output port clocked by clk)
Path Group: clk
Path Type: max

Fanout     Cap    Slew   Delay    Time   Description
-----------------------------------------------------------------------------
                  0.15    0.00    0.00   clock clk (rise edge)
                          0.00    0.00   clock network delay (ideal)
                  0.15    0.00    0.00 ^ _17_/CLK (sky130_fd_sc_hd__dfxtp_1)
     2    0.01    0.06    0.37    0.37 ^ _17_/Q (sky130_fd_sc_hd__dfxtp_1)
                                         net16 (net)
                  0.06    0.00    0.37 ^ output16/A (sky130_fd_sc_hd__buf_2)
     1    0.03    0.17    0.22    0.59 ^ output16/X (sky130_fd_sc_hd__buf_2)
                                         parking_spaces[7] (net)
                  0.17    0.00    0.59 ^ parking_spaces[7] (out)
                                  0.59   data arrival time

                  0.15   10.00   10.00   clock clk (rise edge)
                          0.00   10.00   clock network delay (ideal)
                         -0.25    9.75   clock uncertainty
                          0.00    9.75   clock reconvergence pessimism
                         -2.00    7.75   output external delay
                                  7.75   data required time
-----------------------------------------------------------------------------
                                  7.75   data required time
                                 -0.59   data arrival time
-----------------------------------------------------------------------------
                                  7.16   slack (MET)


Startpoint: _16_ (rising edge-triggered flip-flop clocked by clk)
Endpoint: parking_spaces[0] (output port clocked by clk)
Path Group: clk
Path Type: max

Fanout     Cap    Slew   Delay    Time   Description
-----------------------------------------------------------------------------
                  0.15    0.00    0.00   clock clk (rise edge)
                          0.00    0.00   clock network delay (ideal)
                  0.15    0.00    0.00 ^ _16_/CLK (sky130_fd_sc_hd__dfxtp_1)
     2    0.00    0.05    0.36    0.36 ^ _16_/Q (sky130_fd_sc_hd__dfxtp_1)
                                         net9 (net)
                  0.05    0.00    0.36 ^ output9/A (sky130_fd_sc_hd__buf_2)
     1    0.03    0.17    0.21    0.58 ^ output9/X (sky130_fd_sc_hd__buf_2)
                                         parking_spaces[0] (net)
                  0.17    0.00    0.58 ^ parking_spaces[0] (out)
                                  0.58   data arrival time

                  0.15   10.00   10.00   clock clk (rise edge)
                          0.00   10.00   clock network delay (ideal)
                         -0.25    9.75   clock uncertainty
                          0.00    9.75   clock reconvergence pessimism
                         -2.00    7.75   output external delay
                                  7.75   data required time
-----------------------------------------------------------------------------
                                  7.75   data required time
                                 -0.58   data arrival time
-----------------------------------------------------------------------------
                                  7.17   slack (MET)


Startpoint: _22_ (rising edge-triggered flip-flop clocked by clk)
Endpoint: parking_spaces[2] (output port clocked by clk)
Path Group: clk
Path Type: max

Fanout     Cap    Slew   Delay    Time   Description
-----------------------------------------------------------------------------
                  0.15    0.00    0.00   clock clk (rise edge)
                          0.00    0.00   clock network delay (ideal)
                  0.15    0.00    0.00 ^ _22_/CLK (sky130_fd_sc_hd__dfxtp_1)
     2    0.00    0.05    0.37    0.37 ^ _22_/Q (sky130_fd_sc_hd__dfxtp_1)
                                         net11 (net)
                  0.05    0.00    0.37 ^ output11/A (sky130_fd_sc_hd__buf_2)
     1    0.03    0.17    0.21    0.57 ^ output11/X (sky130_fd_sc_hd__buf_2)
                                         parking_spaces[2] (net)
                  0.17    0.00    0.57 ^ parking_spaces[2] (out)
                                  0.57   data arrival time

                  0.15   10.00   10.00   clock clk (rise edge)
                          0.00   10.00   clock network delay (ideal)
                         -0.25    9.75   clock uncertainty
                          0.00    9.75   clock reconvergence pessimism
                         -2.00    7.75   output external delay
                                  7.75   data required time
-----------------------------------------------------------------------------
                                  7.75   data required time
                                 -0.57   data arrival time
-----------------------------------------------------------------------------
                                  7.18   slack (MET)


Startpoint: _19_ (rising edge-triggered flip-flop clocked by clk)
Endpoint: parking_spaces[5] (output port clocked by clk)
Path Group: clk
Path Type: max

Fanout     Cap    Slew   Delay    Time   Description
-----------------------------------------------------------------------------
                  0.15    0.00    0.00   clock clk (rise edge)
                          0.00    0.00   clock network delay (ideal)
                  0.15    0.00    0.00 ^ _19_/CLK (sky130_fd_sc_hd__dfxtp_1)
     2    0.01    0.06    0.37    0.37 ^ _19_/Q (sky130_fd_sc_hd__dfxtp_1)
                                         net14 (net)
                  0.06    0.00    0.37 ^ output14/A (sky130_fd_sc_hd__clkbuf_4)
     1    0.03    0.11    0.20    0.57 ^ output14/X (sky130_fd_sc_hd__clkbuf_4)
                                         parking_spaces[5] (net)
                  0.11    0.00    0.57 ^ parking_spaces[5] (out)
                                  0.57   data arrival time

                  0.15   10.00   10.00   clock clk (rise edge)
                          0.00   10.00   clock network delay (ideal)
                         -0.25    9.75   clock uncertainty
                          0.00    9.75   clock reconvergence pessimism
                         -2.00    7.75   output external delay
                                  7.75   data required time
-----------------------------------------------------------------------------
                                  7.75   data required time
                                 -0.57   data arrival time
-----------------------------------------------------------------------------
                                  7.18   slack (MET)


Startpoint: sensors[3] (input port clocked by clk)
Endpoint: _21_ (rising edge-triggered flip-flop clocked by clk)
Path Group: clk
Path Type: max

Fanout     Cap    Slew   Delay    Time   Description
-----------------------------------------------------------------------------
                  0.15    0.00    0.00   clock clk (rise edge)
                          0.00    0.00   clock network delay (ideal)
                          2.00    2.00 ^ input external delay
     1    0.01    0.03    0.02    2.02 ^ sensors[3] (in)
                                         sensors[3] (net)
                  0.03    0.00    2.02 ^ input4/A (sky130_fd_sc_hd__clkbuf_1)
     1    0.01    0.08    0.10    2.12 ^ input4/X (sky130_fd_sc_hd__clkbuf_1)
                                         net4 (net)
                  0.08    0.00    2.13 ^ _13_/B (sky130_fd_sc_hd__xor2_1)
     1    0.00    0.11    0.15    2.28 ^ _13_/X (sky130_fd_sc_hd__xor2_1)
                                         _05_ (net)
                  0.11    0.00    2.28 ^ _21_/D (sky130_fd_sc_hd__dfxtp_1)
                                  2.28   data arrival time

                  0.15   10.00   10.00   clock clk (rise edge)
                          0.00   10.00   clock network delay (ideal)
                         -0.25    9.75   clock uncertainty
                          0.00    9.75   clock reconvergence pessimism
                                  9.75 ^ _21_/CLK (sky130_fd_sc_hd__dfxtp_1)
                         -0.05    9.70   library setup time
                                  9.70   data required time
-----------------------------------------------------------------------------
                                  9.70   data required time
                                 -2.28   data arrival time
-----------------------------------------------------------------------------
                                  7.42   slack (MET)


Startpoint: sensors[4] (input port clocked by clk)
Endpoint: _20_ (rising edge-triggered flip-flop clocked by clk)
Path Group: clk
Path Type: max

Fanout     Cap    Slew   Delay    Time   Description
-----------------------------------------------------------------------------
                  0.15    0.00    0.00   clock clk (rise edge)
                          0.00    0.00   clock network delay (ideal)
                          2.00    2.00 v input external delay
     1    0.00    0.01    0.01    2.01 v sensors[4] (in)
                                         sensors[4] (net)
                  0.01    0.00    2.01 v input5/A (sky130_fd_sc_hd__clkbuf_1)
     1    0.01    0.04    0.09    2.10 v input5/X (sky130_fd_sc_hd__clkbuf_1)
                                         net5 (net)
                  0.04    0.00    2.10 v _12_/B (sky130_fd_sc_hd__xor2_1)
     1    0.00    0.05    0.14    2.24 v _12_/X (sky130_fd_sc_hd__xor2_1)
                                         _04_ (net)
                  0.05    0.00    2.24 v _20_/D (sky130_fd_sc_hd__dfxtp_1)
                                  2.24   data arrival time

                  0.15   10.00   10.00   clock clk (rise edge)
                          0.00   10.00   clock network delay (ideal)
                         -0.25    9.75   clock uncertainty
                          0.00    9.75   clock reconvergence pessimism
                                  9.75 ^ _20_/CLK (sky130_fd_sc_hd__dfxtp_1)
                         -0.09    9.66   library setup time
                                  9.66   data required time
-----------------------------------------------------------------------------
                                  9.66   data required time
                                 -2.24   data arrival time
-----------------------------------------------------------------------------
                                  7.43   slack (MET)


Startpoint: sensors[7] (input port clocked by clk)
Endpoint: _17_ (rising edge-triggered flip-flop clocked by clk)
Path Group: clk
Path Type: max

Fanout     Cap    Slew   Delay    Time   Description
-----------------------------------------------------------------------------
                  0.15    0.00    0.00   clock clk (rise edge)
                          0.00    0.00   clock network delay (ideal)
                          2.00    2.00 v input external delay
     1    0.01    0.01    0.01    2.01 v sensors[7] (in)
                                         sensors[7] (net)
                  0.01    0.00    2.01 v input8/A (sky130_fd_sc_hd__clkbuf_1)
     1    0.01    0.04    0.09    2.10 v input8/X (sky130_fd_sc_hd__clkbuf_1)
                                         net8 (net)
                  0.04    0.00    2.10 v _09_/B (sky130_fd_sc_hd__xor2_1)
     1    0.00    0.04    0.14    2.24 v _09_/X (sky130_fd_sc_hd__xor2_1)
                                         _01_ (net)
                  0.04    0.00    2.24 v _17_/D (sky130_fd_sc_hd__dfxtp_1)
                                  2.24   data arrival time

                  0.15   10.00   10.00   clock clk (rise edge)
                          0.00   10.00   clock network delay (ideal)
                         -0.25    9.75   clock uncertainty
                          0.00    9.75   clock reconvergence pessimism
                                  9.75 ^ _17_/CLK (sky130_fd_sc_hd__dfxtp_1)
                         -0.09    9.66   library setup time
                                  9.66   data required time
-----------------------------------------------------------------------------
                                  9.66   data required time
                                 -2.24   data arrival time
-----------------------------------------------------------------------------
                                  7.43   slack (MET)


Startpoint: sensors[6] (input port clocked by clk)
Endpoint: _18_ (rising edge-triggered flip-flop clocked by clk)
Path Group: clk
Path Type: max

Fanout     Cap    Slew   Delay    Time   Description
-----------------------------------------------------------------------------
                  0.15    0.00    0.00   clock clk (rise edge)
                          0.00    0.00   clock network delay (ideal)
                          2.00    2.00 v input external delay
     1    0.00    0.01    0.00    2.00 v sensors[6] (in)
                                         sensors[6] (net)
                  0.01    0.00    2.00 v input7/A (sky130_fd_sc_hd__clkbuf_1)
     1    0.01    0.04    0.09    2.09 v input7/X (sky130_fd_sc_hd__clkbuf_1)
                                         net7 (net)
                  0.04    0.00    2.09 v _10_/B (sky130_fd_sc_hd__xor2_1)
     1    0.00    0.05    0.14    2.23 v _10_/X (sky130_fd_sc_hd__xor2_1)
                                         _02_ (net)
                  0.05    0.00    2.23 v _18_/D (sky130_fd_sc_hd__dfxtp_1)
                                  2.23   data arrival time

                  0.15   10.00   10.00   clock clk (rise edge)
                          0.00   10.00   clock network delay (ideal)
                         -0.25    9.75   clock uncertainty
                          0.00    9.75   clock reconvergence pessimism
                                  9.75 ^ _18_/CLK (sky130_fd_sc_hd__dfxtp_1)
                         -0.09    9.66   library setup time
                                  9.66   data required time
-----------------------------------------------------------------------------
                                  9.66   data required time
                                 -2.23   data arrival time
-----------------------------------------------------------------------------
                                  7.43   slack (MET)


Startpoint: sensors[5] (input port clocked by clk)
Endpoint: _19_ (rising edge-triggered flip-flop clocked by clk)
Path Group: clk
Path Type: max

Fanout     Cap    Slew   Delay    Time   Description
-----------------------------------------------------------------------------
                  0.15    0.00    0.00   clock clk (rise edge)
                          0.00    0.00   clock network delay (ideal)
                          2.00    2.00 v input external delay
     1    0.00    0.01    0.01    2.01 v sensors[5] (in)
                                         sensors[5] (net)
                  0.01    0.00    2.01 v input6/A (sky130_fd_sc_hd__clkbuf_1)
     1    0.01    0.04    0.09    2.09 v input6/X (sky130_fd_sc_hd__clkbuf_1)
                                         net6 (net)
                  0.04    0.00    2.09 v _11_/B (sky130_fd_sc_hd__xor2_1)
     1    0.00    0.04    0.14    2.23 v _11_/X (sky130_fd_sc_hd__xor2_1)
                                         _03_ (net)
                  0.04    0.00    2.23 v _19_/D (sky130_fd_sc_hd__dfxtp_1)
                                  2.23   data arrival time

                  0.15   10.00   10.00   clock clk (rise edge)
                          0.00   10.00   clock network delay (ideal)
                         -0.25    9.75   clock uncertainty
                          0.00    9.75   clock reconvergence pessimism
                                  9.75 ^ _19_/CLK (sky130_fd_sc_hd__dfxtp_1)
                         -0.09    9.66   library setup time
                                  9.66   data required time
-----------------------------------------------------------------------------
                                  9.66   data required time
                                 -2.23   data arrival time
-----------------------------------------------------------------------------
                                  7.43   slack (MET)


Startpoint: sensors[1] (input port clocked by clk)
Endpoint: _23_ (rising edge-triggered flip-flop clocked by clk)
Path Group: clk
Path Type: max

Fanout     Cap    Slew   Delay    Time   Description
-----------------------------------------------------------------------------
                  0.15    0.00    0.00   clock clk (rise edge)
                          0.00    0.00   clock network delay (ideal)
                          2.00    2.00 v input external delay
     1    0.00    0.01    0.00    2.00 v sensors[1] (in)
                                         sensors[1] (net)
                  0.01    0.00    2.00 v input2/A (sky130_fd_sc_hd__clkbuf_1)
     1    0.01    0.04    0.09    2.09 v input2/X (sky130_fd_sc_hd__clkbuf_1)
                                         net2 (net)
                  0.04    0.00    2.09 v _15_/B (sky130_fd_sc_hd__xor2_1)
     1    0.00    0.04    0.14    2.23 v _15_/X (sky130_fd_sc_hd__xor2_1)
                                         _07_ (net)
                  0.04    0.00    2.23 v _23_/D (sky130_fd_sc_hd__dfxtp_1)
                                  2.23   data arrival time

                  0.15   10.00   10.00   clock clk (rise edge)
                          0.00   10.00   clock network delay (ideal)
                         -0.25    9.75   clock uncertainty
                          0.00    9.75   clock reconvergence pessimism
                                  9.75 ^ _23_/CLK (sky130_fd_sc_hd__dfxtp_1)
                         -0.08    9.67   library setup time
                                  9.67   data required time
-----------------------------------------------------------------------------
                                  9.67   data required time
                                 -2.23   data arrival time
-----------------------------------------------------------------------------
                                  7.44   slack (MET)


Startpoint: sensors[2] (input port clocked by clk)
Endpoint: _22_ (rising edge-triggered flip-flop clocked by clk)
Path Group: clk
Path Type: max

Fanout     Cap    Slew   Delay    Time   Description
-----------------------------------------------------------------------------
                  0.15    0.00    0.00   clock clk (rise edge)
                          0.00    0.00   clock network delay (ideal)
                          2.00    2.00 v input external delay
     1    0.00    0.01    0.01    2.01 v sensors[2] (in)
                                         sensors[2] (net)
                  0.01    0.00    2.01 v input3/A (sky130_fd_sc_hd__clkbuf_1)
     1    0.01    0.04    0.09    2.09 v input3/X (sky130_fd_sc_hd__clkbuf_1)
                                         net3 (net)
                  0.04    0.00    2.09 v _14_/B (sky130_fd_sc_hd__xor2_1)
     1    0.00    0.04    0.14    2.23 v _14_/X (sky130_fd_sc_hd__xor2_1)
                                         _06_ (net)
                  0.04    0.00    2.23 v _22_/D (sky130_fd_sc_hd__dfxtp_1)
                                  2.23   data arrival time

                  0.15   10.00   10.00   clock clk (rise edge)
                          0.00   10.00   clock network delay (ideal)
                         -0.25    9.75   clock uncertainty
                          0.00    9.75   clock reconvergence pessimism
                                  9.75 ^ _22_/CLK (sky130_fd_sc_hd__dfxtp_1)
                         -0.08    9.67   library setup time
                                  9.67   data required time
-----------------------------------------------------------------------------
                                  9.67   data required time
                                 -2.23   data arrival time
-----------------------------------------------------------------------------
                                  7.44   slack (MET)


Startpoint: sensors[0] (input port clocked by clk)
Endpoint: _16_ (rising edge-triggered flip-flop clocked by clk)
Path Group: clk
Path Type: max

Fanout     Cap    Slew   Delay    Time   Description
-----------------------------------------------------------------------------
                  0.15    0.00    0.00   clock clk (rise edge)
                          0.00    0.00   clock network delay (ideal)
                          2.00    2.00 v input external delay
     1    0.00    0.01    0.00    2.00 v sensors[0] (in)
                                         sensors[0] (net)
                  0.01    0.00    2.00 v input1/A (sky130_fd_sc_hd__clkbuf_1)
     1    0.01    0.04    0.09    2.09 v input1/X (sky130_fd_sc_hd__clkbuf_1)
                                         net1 (net)
                  0.04    0.00    2.09 v _08_/B (sky130_fd_sc_hd__xor2_1)
     1    0.00    0.04    0.14    2.23 v _08_/X (sky130_fd_sc_hd__xor2_1)
                                         _00_ (net)
                  0.04    0.00    2.23 v _16_/D (sky130_fd_sc_hd__dfxtp_1)
                                  2.23   data arrival time

                  0.15   10.00   10.00   clock clk (rise edge)
                          0.00   10.00   clock network delay (ideal)
                         -0.25    9.75   clock uncertainty
                          0.00    9.75   clock reconvergence pessimism
                                  9.75 ^ _16_/CLK (sky130_fd_sc_hd__dfxtp_1)
                         -0.08    9.67   library setup time
                                  9.67   data required time
-----------------------------------------------------------------------------
                                  9.67   data required time
                                 -2.23   data arrival time
-----------------------------------------------------------------------------
                                  7.44   slack (MET)



worst slack corner Typical: 7.1407
max_report_end
checks_report

===========================================================================
report_checks -unconstrained
===========================================================================
======================= Typical Corner ===================================

Startpoint: _18_ (rising edge-triggered flip-flop clocked by clk)
Endpoint: parking_spaces[6] (output port clocked by clk)
Path Group: clk
Path Type: max

Fanout     Cap    Slew   Delay    Time   Description
-----------------------------------------------------------------------------
                  0.15    0.00    0.00   clock clk (rise edge)
                          0.00    0.00   clock network delay (ideal)
                  0.15    0.00    0.00 ^ _18_/CLK (sky130_fd_sc_hd__dfxtp_1)
     2    0.01    0.07    0.38    0.38 ^ _18_/Q (sky130_fd_sc_hd__dfxtp_1)
                                         net15 (net)
                  0.07    0.00    0.38 ^ output15/A (sky130_fd_sc_hd__buf_2)
     1    0.04    0.18    0.23    0.61 ^ output15/X (sky130_fd_sc_hd__buf_2)
                                         parking_spaces[6] (net)
                  0.18    0.00    0.61 ^ parking_spaces[6] (out)
                                  0.61   data arrival time

                  0.15   10.00   10.00   clock clk (rise edge)
                          0.00   10.00   clock network delay (ideal)
                         -0.25    9.75   clock uncertainty
                          0.00    9.75   clock reconvergence pessimism
                         -2.00    7.75   output external delay
                                  7.75   data required time
-----------------------------------------------------------------------------
                                  7.75   data required time
                                 -0.61   data arrival time
-----------------------------------------------------------------------------
                                  7.14   slack (MET)




===========================================================================
report_checks --slack_max -0.01
============================================================================
======================= Typical Corner ===================================

No paths found.


===========================================================================
 report_check_types -max_slew -max_cap -max_fanout -violators
============================================================================
======================= Typical Corner ===================================


max slew violations count Typical: 0
max fanout violations count Typical: 0
max cap violations count Typical: 0

===========================================================================
report_parasitic_annotation -report_unannotated
============================================================================
Found 0 unannotated drivers.
Found 4 partially unannotated drivers.
 clk
 sensors[0]
 clkbuf_0_clk/X
 output11/X

===========================================================================
max slew violation count 0
max fanout violation count 0
max cap violation count 0
============================================================================

===========================================================================
check_setup -verbose -unconstrained_endpoints -multiple_clock -no_clock -no_input_delay -loops -generated_clocks
===========================================================================
checks_report_end
power_report

===========================================================================
 report_power
============================================================================
======================= Typical Corner ===================================

Group                  Internal  Switching    Leakage      Total
                          Power      Power      Power      Power (Watts)
----------------------------------------------------------------
Sequential             3.70e-05   2.04e-06   6.74e-11   3.91e-05  29.9%
Combinational          1.24e-05   1.73e-05   1.16e-10   2.97e-05  22.7%
Clock                  5.02e-05   1.18e-05   1.21e-10   6.20e-05  47.4%
Macro                  0.00e+00   0.00e+00   0.00e+00   0.00e+00   0.0%
Pad                    0.00e+00   0.00e+00   0.00e+00   0.00e+00   0.0%
----------------------------------------------------------------
Total                  9.97e-05   3.12e-05   3.04e-10   1.31e-04 100.0%
                          76.2%      23.8%       0.0%

power_report_end
skew_report

===========================================================================
report_clock_skew
============================================================================
Clock clk
   0.28 source latency _20_/CLK ^
  -0.25 target latency _20_/CLK ^
   0.00 CRPR
--------------
   0.03 setup skew

skew_report_end
summary_report

===========================================================================
report_tns
============================================================================
tns 0.00

===========================================================================
report_wns
============================================================================
wns 0.00

===========================================================================
report_worst_slack -max (Setup)
============================================================================
worst slack 7.14

===========================================================================
report_worst_slack -min (Hold)
============================================================================
worst slack 0.69
summary_report_end
area_report

===========================================================================
report_design_area
============================================================================
Design area 467 u^2 49% utilization.
area_report_end
[WARNING] Did not save OpenROAD database!
Writing SDF to '/openlane/designs/car_park/runs/ayyaz/results/signoff/car_park.sdf'…
Writing timing model to '/openlane/designs/car_park/runs/ayyaz/results/signoff/car_park.lib'…
