
63. Printing statistics.

=== mem_decode ===

   Number of wires:                298
   Number of wire bits:            685
   Number of public wires:          35
   Number of public wire bits:     422
   Number of memories:               0
   Number of memory bits:            0
   Number of processes:              0
   Number of cells:                416
     sky130_fd_sc_hd__a21o_2        75
     sky130_fd_sc_hd__a21oi_2       14
     sky130_fd_sc_hd__a221o_2        7
     sky130_fd_sc_hd__a31o_2        25
     sky130_fd_sc_hd__a41o_2        32
     sky130_fd_sc_hd__and2_2        10
     sky130_fd_sc_hd__and2b_2        1
     sky130_fd_sc_hd__and3_2        27
     sky130_fd_sc_hd__and3b_2        1
     sky130_fd_sc_hd__and4_2         1
     sky130_fd_sc_hd__and4b_2        1
     sky130_fd_sc_hd__buf_1         49
     sky130_fd_sc_hd__buf_2         71
     sky130_fd_sc_hd__conb_1        32
     sky130_fd_sc_hd__dfxtp_2        1
     sky130_fd_sc_hd__inv_2          8
     sky130_fd_sc_hd__nand2_2        7
     sky130_fd_sc_hd__nand3_2        1
     sky130_fd_sc_hd__nor2_2         3
     sky130_fd_sc_hd__nor3b_2        1
     sky130_fd_sc_hd__nor4_2         2
     sky130_fd_sc_hd__nor4b_2        1
     sky130_fd_sc_hd__o2111a_2       1
     sky130_fd_sc_hd__o21ai_2        1
     sky130_fd_sc_hd__o2bb2a_2       7
     sky130_fd_sc_hd__or2_2          1
     sky130_fd_sc_hd__or2b_2        25
     sky130_fd_sc_hd__or3_2          1
     sky130_fd_sc_hd__or4_2          9
     sky130_fd_sc_hd__or4b_2         1

   Chip area for module '\mem_decode': 3012.889600

