Tue May 21 05:19:19 +0000 2024 - Executing "{openroad -exit -no_init -python /openlane/scripts/odbpy/lefutil.py get_metal_layers -o /openlane/designs/mem_decode/runs/decoder/tmp/layers.list /root/.volare/sky130A/libs.ref/sky130_fd_sc_hd/techlef/sky130_fd_sc_hd__nom.tlef}"

Tue May 21 05:19:20 +0000 2024 - Executing "{/openlane/scripts/mergeLef.py -o /openlane/designs/mem_decode/runs/decoder/tmp/merged.nom.lef -i /root/.volare/sky130A/libs.ref/sky130_fd_sc_hd/techlef/sky130_fd_sc_hd__nom.tlef {/root/.volare/sky130A/libs.ref/sky130_fd_sc_hd/lef/sky130_ef_sc_hd.lef /root/.volare/sky130A/libs.ref/sky130_fd_sc_hd/lef/sky130_fd_sc_hd.lef} |& tee /dev/null}"

Tue May 21 05:19:20 +0000 2024 - Executing "{/openlane/scripts/mergeLef.py -o /openlane/designs/mem_decode/runs/decoder/tmp/merged.min.lef -i /root/.volare/sky130A/libs.ref/sky130_fd_sc_hd/techlef/sky130_fd_sc_hd__min.tlef {/root/.volare/sky130A/libs.ref/sky130_fd_sc_hd/lef/sky130_ef_sc_hd.lef /root/.volare/sky130A/libs.ref/sky130_fd_sc_hd/lef/sky130_fd_sc_hd.lef} |& tee /dev/null}"

Tue May 21 05:19:20 +0000 2024 - Executing "{/openlane/scripts/mergeLef.py -o /openlane/designs/mem_decode/runs/decoder/tmp/merged.max.lef -i /root/.volare/sky130A/libs.ref/sky130_fd_sc_hd/techlef/sky130_fd_sc_hd__max.tlef {/root/.volare/sky130A/libs.ref/sky130_fd_sc_hd/lef/sky130_ef_sc_hd.lef /root/.volare/sky130A/libs.ref/sky130_fd_sc_hd/lef/sky130_fd_sc_hd.lef} |& tee /dev/null}"

Tue May 21 05:19:21 +0000 2024 - Executing "{python3 /openlane/scripts/mergeLib.py --output /openlane/designs/mem_decode/runs/decoder/tmp/synthesis/merged.lib --name sky130A_merged /root/.volare/sky130A/libs.ref/sky130_fd_sc_hd/lib/sky130_fd_sc_hd__tt_025C_1v80.lib}"

Tue May 21 05:19:21 +0000 2024 - Executing "{python3 /openlane/scripts/libtrim.py --cell-file /openlane/designs/mem_decode/runs/decoder/tmp/synthesis/trimmed.lib.exclude.list --output /openlane/designs/mem_decode/runs/decoder/tmp/synthesis/trimmed.lib /openlane/designs/mem_decode/runs/decoder/tmp/synthesis/merged.lib}"

Tue May 21 05:19:21 +0000 2024 - Executing "{python3 /openlane/scripts/libtrim.py --cell-file /openlane/designs/mem_decode/runs/decoder/tmp/cts/cts.lib.exclude.list --output /openlane/designs/mem_decode/runs/decoder/tmp/cts/cts.lib /root/.volare/sky130A/libs.ref/sky130_fd_sc_hd/lib/sky130_fd_sc_hd__tt_025C_1v80.lib}"

Tue May 21 05:19:21 +0000 2024 - Executing "{python3 /openlane/scripts/libtrim.py --cell-file /openlane/designs/mem_decode/runs/decoder/tmp/cts/cts-fastest.lib.exclude.list --output /openlane/designs/mem_decode/runs/decoder/tmp/cts/cts-fastest.lib /root/.volare/sky130A/libs.ref/sky130_fd_sc_hd/lib/sky130_fd_sc_hd__ff_n40C_1v95.lib}"

Tue May 21 05:19:22 +0000 2024 - Executing "{python3 /openlane/scripts/libtrim.py --cell-file /openlane/designs/mem_decode/runs/decoder/tmp/cts/cts-slowest.lib.exclude.list --output /openlane/designs/mem_decode/runs/decoder/tmp/cts/cts-slowest.lib /root/.volare/sky130A/libs.ref/sky130_fd_sc_hd/lib/sky130_fd_sc_hd__ss_100C_1v60.lib}"

Tue May 21 05:19:22 +0000 2024 - Executing "{python3 /openlane/scripts/new_tracks.py -i /root/.volare/sky130A/libs.tech/openlane/sky130_fd_sc_hd/tracks.info -o /openlane/designs/mem_decode/runs/decoder/tmp/routing/config.tracks}"

Tue May 21 05:19:22 +0000 2024 - Executing "{echo {OpenLane 77eb5ffc00966b47b36e332ccbf42103eb95e974} > /openlane/designs/mem_decode/runs/decoder/OPENLANE_VERSION}"

Tue May 21 05:19:45 +0000 2024 - Executing "{sed -E {s/^([[:space:]]+)pg_pin(.*)/\1pin\2\n\1    direction : "inout";/g} /root/.volare/sky130A/libs.ref/sky130_fd_sc_hd/lib/sky130_fd_sc_hd__tt_025C_1v80.lib > /openlane/designs/mem_decode/runs/decoder/tmp/synthesis/1-sky130_fd_sc_hd__tt_025C_1v80.no_pg.lib}"

Tue May 21 05:19:45 +0000 2024 - Executing "{sed -E {s/^([[:space:]]+)pg_pin(.*)/\1pin\2\n\1    direction : "inout";/g} /openlane/designs/mem_decode/runs/decoder/tmp/synthesis/trimmed.lib > /openlane/designs/mem_decode/runs/decoder/tmp/synthesis/1-trimmed.no_pg.lib}"

Tue May 21 05:19:45 +0000 2024 - Executing "yosys -c /openlane/scripts/yosys/synth.tcl |& tee /dev/null /openlane/designs/mem_decode/runs/decoder/logs/synthesis/1-synthesis.log"

Tue May 21 05:19:45 +0000 2024 - Executing "{yosys -c /openlane/scripts/yosys/synth.tcl |& tee /dev/null /openlane/designs/mem_decode/runs/decoder/logs/synthesis/1-synthesis.log}"

Tue May 21 05:19:47 +0000 2024 - Executing "{sed -i.bak -e {s/\(set ::env(CURRENT_NETLIST)\).*/\1 \/openlane\/designs\/mem_decode\/runs\/decoder\/results\/synthesis\/mem_decode.v/} /openlane/designs/mem_decode/runs/decoder/config.tcl}"

Tue May 21 05:19:47 +0000 2024 - Executing "{sed -i.bak /defparam/d /openlane/designs/mem_decode/runs/decoder/results/synthesis/mem_decode.v}"

Tue May 21 05:19:47 +0000 2024 - Executing "sta -exit -no_init /openlane/scripts/openroad/sta/multi_corner.tcl |& tee /dev/null /openlane/designs/mem_decode/runs/decoder/logs/synthesis/2-sta.log"

Tue May 21 05:19:47 +0000 2024 - Executing "{sta -exit -no_init /openlane/scripts/openroad/sta/multi_corner.tcl |& tee /dev/null /openlane/designs/mem_decode/runs/decoder/logs/synthesis/2-sta.log}"

Tue May 21 05:19:47 +0000 2024 - Executing "{sed -E {s/^([[:space:]]+)pg_pin(.*)/\1pin\2\n\1    direction : "inout";/g} /root/.volare/sky130A/libs.ref/sky130_fd_sc_hd/lib/sky130_fd_sc_hd__tt_025C_1v80.lib > /openlane/designs/mem_decode/runs/decoder/tmp/synthesis/2-sky130_fd_sc_hd__tt_025C_1v80.no_pg.lib}"

Tue May 21 05:19:47 +0000 2024 - Executing "{sed -E {s/^([[:space:]]+)pg_pin(.*)/\1pin\2\n\1    direction : "inout";/g} /openlane/designs/mem_decode/runs/decoder/tmp/synthesis/trimmed.lib > /openlane/designs/mem_decode/runs/decoder/tmp/synthesis/2-trimmed.no_pg.lib}"

Tue May 21 05:19:48 +0000 2024 - Executing "yosys -c /openlane/scripts/yosys/synth.tcl |& tee /dev/null /dev/null"

Tue May 21 05:19:48 +0000 2024 - Executing "{yosys -c /openlane/scripts/yosys/synth.tcl |& tee /dev/null /dev/null}"

Tue May 21 05:19:49 +0000 2024 - Executing "{sed -i.bak /defparam/d /openlane/designs/mem_decode/runs/decoder/tmp/synthesis/pg_define.v}"

Tue May 21 05:20:02 +0000 2024 - Executing "openroad -exit /openlane/scripts/openroad/floorplan.tcl |& tee /dev/null /openlane/designs/mem_decode/runs/decoder/logs/floorplan/3-initial_fp.log"

Tue May 21 05:20:02 +0000 2024 - Executing "{openroad -exit /openlane/scripts/openroad/floorplan.tcl |& tee /dev/null /openlane/designs/mem_decode/runs/decoder/logs/floorplan/3-initial_fp.log}"

Tue May 21 05:20:03 +0000 2024 - Executing "{openroad -exit -no_init -python /openlane/scripts/odbpy/defutil.py extract_core_dims --output-data /openlane/designs/mem_decode/runs/decoder/tmp/dimensions.txt --input-lef /openlane/designs/mem_decode/runs/decoder/tmp/merged.nom.lef /openlane/designs/mem_decode/runs/decoder/tmp/floorplan/3-initial_fp.def}"

Tue May 21 05:20:03 +0000 2024 - Executing "{openroad -exit -no_init -python /openlane/scripts/odbpy/io_place.py --config /openlane/designs/mem_decode/pin_order.cfg --hor-layer met3 --ver-layer met2 --ver-width-mult 2 --hor-width-mult 2 --hor-extension 0 --ver-extension 0 --length 4 --unmatched-error --input-lef /openlane/designs/mem_decode/runs/decoder/tmp/merged.nom.lef --output-def /openlane/designs/mem_decode/runs/decoder/tmp/floorplan/4-io.def --output /openlane/designs/mem_decode/runs/decoder/tmp/floorplan/4-io.odb /openlane/designs/mem_decode/runs/decoder/tmp/floorplan/3-initial_fp.odb |& tee /dev/null /openlane/designs/mem_decode/runs/decoder/logs/floorplan/4-place_io.log}"

Tue May 21 05:20:04 +0000 2024 - Executing "openroad -exit /openlane/scripts/openroad/tapcell.tcl |& tee /dev/null /openlane/designs/mem_decode/runs/decoder/logs/floorplan/5-tap.log"

Tue May 21 05:20:04 +0000 2024 - Executing "{openroad -exit /openlane/scripts/openroad/tapcell.tcl |& tee /dev/null /openlane/designs/mem_decode/runs/decoder/logs/floorplan/5-tap.log}"

Tue May 21 05:20:05 +0000 2024 - Executing "openroad -exit /openlane/scripts/openroad/pdn.tcl |& tee /dev/null /openlane/designs/mem_decode/runs/decoder/logs/floorplan/6-pdn.log"

Tue May 21 05:20:05 +0000 2024 - Executing "{openroad -exit /openlane/scripts/openroad/pdn.tcl |& tee /dev/null /openlane/designs/mem_decode/runs/decoder/logs/floorplan/6-pdn.log}"

Tue May 21 05:23:25 +0000 2024 - Executing "openroad -exit /openlane/scripts/openroad/resizer_routing_design.tcl |& tee /dev/null /openlane/designs/mem_decode/runs/decoder/logs/routing/7-resizer_design.log"

Tue May 21 05:23:25 +0000 2024 - Executing "{openroad -exit /openlane/scripts/openroad/resizer_routing_design.tcl |& tee /dev/null /openlane/designs/mem_decode/runs/decoder/logs/routing/7-resizer_design.log}"

