[INFO]: Run Directory: /openlane/designs/mem_decode/runs/decoder
[INFO]: Saving runtime environment...
[INFO]: Preparing LEF files for the nom corner...
[INFO]: Preparing LEF files for the min corner...
[INFO]: Preparing LEF files for the max corner...
[INFO]: Running Synthesis (log: designs/mem_decode/runs/decoder/logs/synthesis/1-synthesis.log)...
[INFO]: Running Single-Corner Static Timing Analysis (log: designs/mem_decode/runs/decoder/logs/synthesis/2-sta.log)...
[INFO]: Creating a netlist with power/ground pins.
[INFO]: Running Initial Floorplanning (log: designs/mem_decode/runs/decoder/logs/floorplan/3-initial_fp.log)...
[INFO]: Floorplanned with width 188.6 and height 576.64.
[INFO]: Running IO Placement (log: designs/mem_decode/runs/decoder/logs/floorplan/4-place_io.log)...
[INFO]: Running Tap/Decap Insertion (log: designs/mem_decode/runs/decoder/logs/floorplan/5-tap.log)...
[INFO]: Power planning with power {vccd1} and ground {vssd1}...
[INFO]: Generating PDN (log: designs/mem_decode/runs/decoder/logs/floorplan/6-pdn.log)...
[INFO]: Running Global Routing Resizer Design Optimizations (log: designs/mem_decode/runs/decoder/logs/routing/7-resizer_design.log)...
[ERROR]: during executing openroad script /openlane/scripts/openroad/resizer_routing_design.tcl
[ERROR]: Log: designs/mem_decode/runs/decoder/logs/routing/7-resizer_design.log
[ERROR]: Last 10 lines:
[INFO GRT-0043] No OR_DEFAULT vias defined.
[INFO GRT-0088] Layer li1     Track-Pitch = 0.4600  line-2-Via Pitch: 0.3400
[INFO GRT-0088] Layer met1    Track-Pitch = 0.3400  line-2-Via Pitch: 0.3400
[INFO GRT-0088] Layer met2    Track-Pitch = 0.4600  line-2-Via Pitch: 0.3500
[INFO GRT-0088] Layer met3    Track-Pitch = 0.6800  line-2-Via Pitch: 0.6150
[INFO GRT-0088] Layer met4    Track-Pitch = 0.9200  line-2-Via Pitch: 0.6150
[INFO GRT-0019] Found 1 clock nets.
[ERROR GRT-0010] Instance _267_ is not placed.
Error: resizer_routing_design.tcl, 46 GRT-0010
child process exited abnormally

[ERROR]: Creating issue reproducible...
[INFO]: Saving runtime environment...
[INFO]: Reproducible packaged: Please tarball and upload 'designs/mem_decode/runs/decoder/issue_reproducible' if you're going to submit an issue.
