
===========================================================================
report_checks -path_delay max (Setup)
============================================================================
======================= Typical Corner ===================================

Startpoint: _16_ (rising edge-triggered flip-flop clocked by clk)
Endpoint: parking_spaces[0] (output port clocked by clk)
Path Group: clk
Path Type: max

Fanout     Cap    Slew   Delay    Time   Description
-----------------------------------------------------------------------------
                  0.15    0.00    0.00   clock clk (rise edge)
                          0.00    0.00   clock network delay (ideal)
                  0.15    0.00    0.00 ^ _16_/CLK (sky130_fd_sc_hd__dfxtp_1)
     2    0.00    0.05    0.36    0.36 ^ _16_/Q (sky130_fd_sc_hd__dfxtp_1)
                                         net9 (net)
                  0.05    0.00    0.36 ^ output9/A (sky130_fd_sc_hd__buf_2)
     1    0.03    0.17    0.21    0.57 ^ output9/X (sky130_fd_sc_hd__buf_2)
                                         parking_spaces[0] (net)
                  0.17    0.00    0.57 ^ parking_spaces[0] (out)
                                  0.57   data arrival time

                  0.15   10.00   10.00   clock clk (rise edge)
                          0.00   10.00   clock network delay (ideal)
                         -0.25    9.75   clock uncertainty
                          0.00    9.75   clock reconvergence pessimism
                         -2.00    7.75   output external delay
                                  7.75   data required time
-----------------------------------------------------------------------------
                                  7.75   data required time
                                 -0.57   data arrival time
-----------------------------------------------------------------------------
                                  7.18   slack (MET)


Startpoint: _23_ (rising edge-triggered flip-flop clocked by clk)
Endpoint: parking_spaces[1] (output port clocked by clk)
Path Group: clk
Path Type: max

Fanout     Cap    Slew   Delay    Time   Description
-----------------------------------------------------------------------------
                  0.15    0.00    0.00   clock clk (rise edge)
                          0.00    0.00   clock network delay (ideal)
                  0.15    0.00    0.00 ^ _23_/CLK (sky130_fd_sc_hd__dfxtp_1)
     2    0.00    0.05    0.36    0.36 ^ _23_/Q (sky130_fd_sc_hd__dfxtp_1)
                                         net10 (net)
                  0.05    0.00    0.36 ^ output10/A (sky130_fd_sc_hd__buf_2)
     1    0.03    0.17    0.21    0.57 ^ output10/X (sky130_fd_sc_hd__buf_2)
                                         parking_spaces[1] (net)
                  0.17    0.00    0.57 ^ parking_spaces[1] (out)
                                  0.57   data arrival time

                  0.15   10.00   10.00   clock clk (rise edge)
                          0.00   10.00   clock network delay (ideal)
                         -0.25    9.75   clock uncertainty
                          0.00    9.75   clock reconvergence pessimism
                         -2.00    7.75   output external delay
                                  7.75   data required time
-----------------------------------------------------------------------------
                                  7.75   data required time
                                 -0.57   data arrival time
-----------------------------------------------------------------------------
                                  7.18   slack (MET)


Startpoint: _22_ (rising edge-triggered flip-flop clocked by clk)
Endpoint: parking_spaces[2] (output port clocked by clk)
Path Group: clk
Path Type: max

Fanout     Cap    Slew   Delay    Time   Description
-----------------------------------------------------------------------------
                  0.15    0.00    0.00   clock clk (rise edge)
                          0.00    0.00   clock network delay (ideal)
                  0.15    0.00    0.00 ^ _22_/CLK (sky130_fd_sc_hd__dfxtp_1)
     2    0.00    0.05    0.36    0.36 ^ _22_/Q (sky130_fd_sc_hd__dfxtp_1)
                                         net11 (net)
                  0.05    0.00    0.36 ^ output11/A (sky130_fd_sc_hd__buf_2)
     1    0.03    0.17    0.21    0.57 ^ output11/X (sky130_fd_sc_hd__buf_2)
                                         parking_spaces[2] (net)
                  0.17    0.00    0.57 ^ parking_spaces[2] (out)
                                  0.57   data arrival time

                  0.15   10.00   10.00   clock clk (rise edge)
                          0.00   10.00   clock network delay (ideal)
                         -0.25    9.75   clock uncertainty
                          0.00    9.75   clock reconvergence pessimism
                         -2.00    7.75   output external delay
                                  7.75   data required time
-----------------------------------------------------------------------------
                                  7.75   data required time
                                 -0.57   data arrival time
-----------------------------------------------------------------------------
                                  7.18   slack (MET)


Startpoint: _21_ (rising edge-triggered flip-flop clocked by clk)
Endpoint: parking_spaces[3] (output port clocked by clk)
Path Group: clk
Path Type: max

Fanout     Cap    Slew   Delay    Time   Description
-----------------------------------------------------------------------------
                  0.15    0.00    0.00   clock clk (rise edge)
                          0.00    0.00   clock network delay (ideal)
                  0.15    0.00    0.00 ^ _21_/CLK (sky130_fd_sc_hd__dfxtp_1)
     2    0.00    0.05    0.36    0.36 ^ _21_/Q (sky130_fd_sc_hd__dfxtp_1)
                                         net12 (net)
                  0.05    0.00    0.36 ^ output12/A (sky130_fd_sc_hd__buf_2)
     1    0.03    0.17    0.21    0.57 ^ output12/X (sky130_fd_sc_hd__buf_2)
                                         parking_spaces[3] (net)
                  0.17    0.00    0.57 ^ parking_spaces[3] (out)
                                  0.57   data arrival time

                  0.15   10.00   10.00   clock clk (rise edge)
                          0.00   10.00   clock network delay (ideal)
                         -0.25    9.75   clock uncertainty
                          0.00    9.75   clock reconvergence pessimism
                         -2.00    7.75   output external delay
                                  7.75   data required time
-----------------------------------------------------------------------------
                                  7.75   data required time
                                 -0.57   data arrival time
-----------------------------------------------------------------------------
                                  7.18   slack (MET)


Startpoint: _20_ (rising edge-triggered flip-flop clocked by clk)
Endpoint: parking_spaces[4] (output port clocked by clk)
Path Group: clk
Path Type: max

Fanout     Cap    Slew   Delay    Time   Description
-----------------------------------------------------------------------------
                  0.15    0.00    0.00   clock clk (rise edge)
                          0.00    0.00   clock network delay (ideal)
                  0.15    0.00    0.00 ^ _20_/CLK (sky130_fd_sc_hd__dfxtp_1)
     2    0.00    0.05    0.36    0.36 ^ _20_/Q (sky130_fd_sc_hd__dfxtp_1)
                                         net13 (net)
                  0.05    0.00    0.36 ^ output13/A (sky130_fd_sc_hd__buf_2)
     1    0.03    0.17    0.21    0.57 ^ output13/X (sky130_fd_sc_hd__buf_2)
                                         parking_spaces[4] (net)
                  0.17    0.00    0.57 ^ parking_spaces[4] (out)
                                  0.57   data arrival time

                  0.15   10.00   10.00   clock clk (rise edge)
                          0.00   10.00   clock network delay (ideal)
                         -0.25    9.75   clock uncertainty
                          0.00    9.75   clock reconvergence pessimism
                         -2.00    7.75   output external delay
                                  7.75   data required time
-----------------------------------------------------------------------------
                                  7.75   data required time
                                 -0.57   data arrival time
-----------------------------------------------------------------------------
                                  7.18   slack (MET)


Startpoint: _18_ (rising edge-triggered flip-flop clocked by clk)
Endpoint: parking_spaces[6] (output port clocked by clk)
Path Group: clk
Path Type: max

Fanout     Cap    Slew   Delay    Time   Description
-----------------------------------------------------------------------------
                  0.15    0.00    0.00   clock clk (rise edge)
                          0.00    0.00   clock network delay (ideal)
                  0.15    0.00    0.00 ^ _18_/CLK (sky130_fd_sc_hd__dfxtp_1)
     2    0.00    0.05    0.36    0.36 ^ _18_/Q (sky130_fd_sc_hd__dfxtp_1)
                                         net15 (net)
                  0.05    0.00    0.36 ^ output15/A (sky130_fd_sc_hd__buf_2)
     1    0.03    0.17    0.21    0.57 ^ output15/X (sky130_fd_sc_hd__buf_2)
                                         parking_spaces[6] (net)
                  0.17    0.00    0.57 ^ parking_spaces[6] (out)
                                  0.57   data arrival time

                  0.15   10.00   10.00   clock clk (rise edge)
                          0.00   10.00   clock network delay (ideal)
                         -0.25    9.75   clock uncertainty
                          0.00    9.75   clock reconvergence pessimism
                         -2.00    7.75   output external delay
                                  7.75   data required time
-----------------------------------------------------------------------------
                                  7.75   data required time
                                 -0.57   data arrival time
-----------------------------------------------------------------------------
                                  7.18   slack (MET)


Startpoint: _17_ (rising edge-triggered flip-flop clocked by clk)
Endpoint: parking_spaces[7] (output port clocked by clk)
Path Group: clk
Path Type: max

Fanout     Cap    Slew   Delay    Time   Description
-----------------------------------------------------------------------------
                  0.15    0.00    0.00   clock clk (rise edge)
                          0.00    0.00   clock network delay (ideal)
                  0.15    0.00    0.00 ^ _17_/CLK (sky130_fd_sc_hd__dfxtp_1)
     2    0.00    0.05    0.36    0.36 ^ _17_/Q (sky130_fd_sc_hd__dfxtp_1)
                                         net16 (net)
                  0.05    0.00    0.36 ^ output16/A (sky130_fd_sc_hd__buf_2)
     1    0.03    0.17    0.21    0.57 ^ output16/X (sky130_fd_sc_hd__buf_2)
                                         parking_spaces[7] (net)
                  0.17    0.00    0.57 ^ parking_spaces[7] (out)
                                  0.57   data arrival time

                  0.15   10.00   10.00   clock clk (rise edge)
                          0.00   10.00   clock network delay (ideal)
                         -0.25    9.75   clock uncertainty
                          0.00    9.75   clock reconvergence pessimism
                         -2.00    7.75   output external delay
                                  7.75   data required time
-----------------------------------------------------------------------------
                                  7.75   data required time
                                 -0.57   data arrival time
-----------------------------------------------------------------------------
                                  7.18   slack (MET)


Startpoint: _19_ (rising edge-triggered flip-flop clocked by clk)
Endpoint: parking_spaces[5] (output port clocked by clk)
Path Group: clk
Path Type: max

Fanout     Cap    Slew   Delay    Time   Description
-----------------------------------------------------------------------------
                  0.15    0.00    0.00   clock clk (rise edge)
                          0.00    0.00   clock network delay (ideal)
                  0.15    0.00    0.00 ^ _19_/CLK (sky130_fd_sc_hd__dfxtp_1)
     2    0.00    0.05    0.36    0.36 ^ _19_/Q (sky130_fd_sc_hd__dfxtp_1)
                                         net14 (net)
                  0.05    0.00    0.36 ^ output14/A (sky130_fd_sc_hd__clkbuf_4)
     1    0.03    0.11    0.20    0.56 ^ output14/X (sky130_fd_sc_hd__clkbuf_4)
                                         parking_spaces[5] (net)
                  0.11    0.00    0.56 ^ parking_spaces[5] (out)
                                  0.56   data arrival time

                  0.15   10.00   10.00   clock clk (rise edge)
                          0.00   10.00   clock network delay (ideal)
                         -0.25    9.75   clock uncertainty
                          0.00    9.75   clock reconvergence pessimism
                         -2.00    7.75   output external delay
                                  7.75   data required time
-----------------------------------------------------------------------------
                                  7.75   data required time
                                 -0.56   data arrival time
-----------------------------------------------------------------------------
                                  7.19   slack (MET)


Startpoint: sensors[0] (input port clocked by clk)
Endpoint: _16_ (rising edge-triggered flip-flop clocked by clk)
Path Group: clk
Path Type: max

Fanout     Cap    Slew   Delay    Time   Description
-----------------------------------------------------------------------------
                  0.15    0.00    0.00   clock clk (rise edge)
                          0.00    0.00   clock network delay (ideal)
                          2.00    2.00 v input external delay
     1    0.00    0.01    0.00    2.00 v sensors[0] (in)
                                         sensors[0] (net)
                  0.01    0.00    2.00 v input1/A (sky130_fd_sc_hd__clkbuf_1)
     1    0.00    0.03    0.08    2.09 v input1/X (sky130_fd_sc_hd__clkbuf_1)
                                         net1 (net)
                  0.03    0.00    2.09 v _08_/B (sky130_fd_sc_hd__xor2_1)
     1    0.00    0.04    0.13    2.22 v _08_/X (sky130_fd_sc_hd__xor2_1)
                                         _00_ (net)
                  0.04    0.00    2.22 v _16_/D (sky130_fd_sc_hd__dfxtp_1)
                                  2.22   data arrival time

                  0.15   10.00   10.00   clock clk (rise edge)
                          0.00   10.00   clock network delay (ideal)
                         -0.25    9.75   clock uncertainty
                          0.00    9.75   clock reconvergence pessimism
                                  9.75 ^ _16_/CLK (sky130_fd_sc_hd__dfxtp_1)
                         -0.08    9.67   library setup time
                                  9.67   data required time
-----------------------------------------------------------------------------
                                  9.67   data required time
                                 -2.22   data arrival time
-----------------------------------------------------------------------------
                                  7.45   slack (MET)


Startpoint: sensors[7] (input port clocked by clk)
Endpoint: _17_ (rising edge-triggered flip-flop clocked by clk)
Path Group: clk
Path Type: max

Fanout     Cap    Slew   Delay    Time   Description
-----------------------------------------------------------------------------
                  0.15    0.00    0.00   clock clk (rise edge)
                          0.00    0.00   clock network delay (ideal)
                          2.00    2.00 v input external delay
     1    0.00    0.01    0.00    2.00 v sensors[7] (in)
                                         sensors[7] (net)
                  0.01    0.00    2.00 v input8/A (sky130_fd_sc_hd__clkbuf_1)
     1    0.00    0.03    0.08    2.09 v input8/X (sky130_fd_sc_hd__clkbuf_1)
                                         net8 (net)
                  0.03    0.00    2.09 v _09_/B (sky130_fd_sc_hd__xor2_1)
     1    0.00    0.04    0.13    2.22 v _09_/X (sky130_fd_sc_hd__xor2_1)
                                         _01_ (net)
                  0.04    0.00    2.22 v _17_/D (sky130_fd_sc_hd__dfxtp_1)
                                  2.22   data arrival time

                  0.15   10.00   10.00   clock clk (rise edge)
                          0.00   10.00   clock network delay (ideal)
                         -0.25    9.75   clock uncertainty
                          0.00    9.75   clock reconvergence pessimism
                                  9.75 ^ _17_/CLK (sky130_fd_sc_hd__dfxtp_1)
                         -0.08    9.67   library setup time
                                  9.67   data required time
-----------------------------------------------------------------------------
                                  9.67   data required time
                                 -2.22   data arrival time
-----------------------------------------------------------------------------
                                  7.45   slack (MET)


Startpoint: sensors[6] (input port clocked by clk)
Endpoint: _18_ (rising edge-triggered flip-flop clocked by clk)
Path Group: clk
Path Type: max

Fanout     Cap    Slew   Delay    Time   Description
-----------------------------------------------------------------------------
                  0.15    0.00    0.00   clock clk (rise edge)
                          0.00    0.00   clock network delay (ideal)
                          2.00    2.00 v input external delay
     1    0.00    0.01    0.00    2.00 v sensors[6] (in)
                                         sensors[6] (net)
                  0.01    0.00    2.00 v input7/A (sky130_fd_sc_hd__clkbuf_1)
     1    0.00    0.03    0.08    2.09 v input7/X (sky130_fd_sc_hd__clkbuf_1)
                                         net7 (net)
                  0.03    0.00    2.09 v _10_/B (sky130_fd_sc_hd__xor2_1)
     1    0.00    0.04    0.13    2.22 v _10_/X (sky130_fd_sc_hd__xor2_1)
                                         _02_ (net)
                  0.04    0.00    2.22 v _18_/D (sky130_fd_sc_hd__dfxtp_1)
                                  2.22   data arrival time

                  0.15   10.00   10.00   clock clk (rise edge)
                          0.00   10.00   clock network delay (ideal)
                         -0.25    9.75   clock uncertainty
                          0.00    9.75   clock reconvergence pessimism
                                  9.75 ^ _18_/CLK (sky130_fd_sc_hd__dfxtp_1)
                         -0.08    9.67   library setup time
                                  9.67   data required time
-----------------------------------------------------------------------------
                                  9.67   data required time
                                 -2.22   data arrival time
-----------------------------------------------------------------------------
                                  7.45   slack (MET)


Startpoint: sensors[5] (input port clocked by clk)
Endpoint: _19_ (rising edge-triggered flip-flop clocked by clk)
Path Group: clk
Path Type: max

Fanout     Cap    Slew   Delay    Time   Description
-----------------------------------------------------------------------------
                  0.15    0.00    0.00   clock clk (rise edge)
                          0.00    0.00   clock network delay (ideal)
                          2.00    2.00 v input external delay
     1    0.00    0.01    0.00    2.00 v sensors[5] (in)
                                         sensors[5] (net)
                  0.01    0.00    2.00 v input6/A (sky130_fd_sc_hd__clkbuf_1)
     1    0.00    0.03    0.08    2.09 v input6/X (sky130_fd_sc_hd__clkbuf_1)
                                         net6 (net)
                  0.03    0.00    2.09 v _11_/B (sky130_fd_sc_hd__xor2_1)
     1    0.00    0.04    0.13    2.22 v _11_/X (sky130_fd_sc_hd__xor2_1)
                                         _03_ (net)
                  0.04    0.00    2.22 v _19_/D (sky130_fd_sc_hd__dfxtp_1)
                                  2.22   data arrival time

                  0.15   10.00   10.00   clock clk (rise edge)
                          0.00   10.00   clock network delay (ideal)
                         -0.25    9.75   clock uncertainty
                          0.00    9.75   clock reconvergence pessimism
                                  9.75 ^ _19_/CLK (sky130_fd_sc_hd__dfxtp_1)
                         -0.08    9.67   library setup time
                                  9.67   data required time
-----------------------------------------------------------------------------
                                  9.67   data required time
                                 -2.22   data arrival time
-----------------------------------------------------------------------------
                                  7.45   slack (MET)


Startpoint: sensors[4] (input port clocked by clk)
Endpoint: _20_ (rising edge-triggered flip-flop clocked by clk)
Path Group: clk
Path Type: max

Fanout     Cap    Slew   Delay    Time   Description
-----------------------------------------------------------------------------
                  0.15    0.00    0.00   clock clk (rise edge)
                          0.00    0.00   clock network delay (ideal)
                          2.00    2.00 v input external delay
     1    0.00    0.01    0.00    2.00 v sensors[4] (in)
                                         sensors[4] (net)
                  0.01    0.00    2.00 v input5/A (sky130_fd_sc_hd__clkbuf_1)
     1    0.00    0.03    0.08    2.09 v input5/X (sky130_fd_sc_hd__clkbuf_1)
                                         net5 (net)
                  0.03    0.00    2.09 v _12_/B (sky130_fd_sc_hd__xor2_1)
     1    0.00    0.04    0.13    2.22 v _12_/X (sky130_fd_sc_hd__xor2_1)
                                         _04_ (net)
                  0.04    0.00    2.22 v _20_/D (sky130_fd_sc_hd__dfxtp_1)
                                  2.22   data arrival time

                  0.15   10.00   10.00   clock clk (rise edge)
                          0.00   10.00   clock network delay (ideal)
                         -0.25    9.75   clock uncertainty
                          0.00    9.75   clock reconvergence pessimism
                                  9.75 ^ _20_/CLK (sky130_fd_sc_hd__dfxtp_1)
                         -0.08    9.67   library setup time
                                  9.67   data required time
-----------------------------------------------------------------------------
                                  9.67   data required time
                                 -2.22   data arrival time
-----------------------------------------------------------------------------
                                  7.45   slack (MET)


Startpoint: sensors[3] (input port clocked by clk)
Endpoint: _21_ (rising edge-triggered flip-flop clocked by clk)
Path Group: clk
Path Type: max

Fanout     Cap    Slew   Delay    Time   Description
-----------------------------------------------------------------------------
                  0.15    0.00    0.00   clock clk (rise edge)
                          0.00    0.00   clock network delay (ideal)
                          2.00    2.00 v input external delay
     1    0.00    0.01    0.00    2.00 v sensors[3] (in)
                                         sensors[3] (net)
                  0.01    0.00    2.00 v input4/A (sky130_fd_sc_hd__clkbuf_1)
     1    0.00    0.03    0.08    2.09 v input4/X (sky130_fd_sc_hd__clkbuf_1)
                                         net4 (net)
                  0.03    0.00    2.09 v _13_/B (sky130_fd_sc_hd__xor2_1)
     1    0.00    0.04    0.13    2.22 v _13_/X (sky130_fd_sc_hd__xor2_1)
                                         _05_ (net)
                  0.04    0.00    2.22 v _21_/D (sky130_fd_sc_hd__dfxtp_1)
                                  2.22   data arrival time

                  0.15   10.00   10.00   clock clk (rise edge)
                          0.00   10.00   clock network delay (ideal)
                         -0.25    9.75   clock uncertainty
                          0.00    9.75   clock reconvergence pessimism
                                  9.75 ^ _21_/CLK (sky130_fd_sc_hd__dfxtp_1)
                         -0.08    9.67   library setup time
                                  9.67   data required time
-----------------------------------------------------------------------------
                                  9.67   data required time
                                 -2.22   data arrival time
-----------------------------------------------------------------------------
                                  7.45   slack (MET)


Startpoint: sensors[2] (input port clocked by clk)
Endpoint: _22_ (rising edge-triggered flip-flop clocked by clk)
Path Group: clk
Path Type: max

Fanout     Cap    Slew   Delay    Time   Description
-----------------------------------------------------------------------------
                  0.15    0.00    0.00   clock clk (rise edge)
                          0.00    0.00   clock network delay (ideal)
                          2.00    2.00 v input external delay
     1    0.00    0.01    0.00    2.00 v sensors[2] (in)
                                         sensors[2] (net)
                  0.01    0.00    2.00 v input3/A (sky130_fd_sc_hd__clkbuf_1)
     1    0.00    0.03    0.08    2.09 v input3/X (sky130_fd_sc_hd__clkbuf_1)
                                         net3 (net)
                  0.03    0.00    2.09 v _14_/B (sky130_fd_sc_hd__xor2_1)
     1    0.00    0.04    0.13    2.22 v _14_/X (sky130_fd_sc_hd__xor2_1)
                                         _06_ (net)
                  0.04    0.00    2.22 v _22_/D (sky130_fd_sc_hd__dfxtp_1)
                                  2.22   data arrival time

                  0.15   10.00   10.00   clock clk (rise edge)
                          0.00   10.00   clock network delay (ideal)
                         -0.25    9.75   clock uncertainty
                          0.00    9.75   clock reconvergence pessimism
                                  9.75 ^ _22_/CLK (sky130_fd_sc_hd__dfxtp_1)
                         -0.08    9.67   library setup time
                                  9.67   data required time
-----------------------------------------------------------------------------
                                  9.67   data required time
                                 -2.22   data arrival time
-----------------------------------------------------------------------------
                                  7.45   slack (MET)


Startpoint: sensors[1] (input port clocked by clk)
Endpoint: _23_ (rising edge-triggered flip-flop clocked by clk)
Path Group: clk
Path Type: max

Fanout     Cap    Slew   Delay    Time   Description
-----------------------------------------------------------------------------
                  0.15    0.00    0.00   clock clk (rise edge)
                          0.00    0.00   clock network delay (ideal)
                          2.00    2.00 v input external delay
     1    0.00    0.01    0.00    2.00 v sensors[1] (in)
                                         sensors[1] (net)
                  0.01    0.00    2.00 v input2/A (sky130_fd_sc_hd__clkbuf_1)
     1    0.00    0.03    0.08    2.09 v input2/X (sky130_fd_sc_hd__clkbuf_1)
                                         net2 (net)
                  0.03    0.00    2.09 v _15_/B (sky130_fd_sc_hd__xor2_1)
     1    0.00    0.04    0.13    2.22 v _15_/X (sky130_fd_sc_hd__xor2_1)
                                         _07_ (net)
                  0.04    0.00    2.22 v _23_/D (sky130_fd_sc_hd__dfxtp_1)
                                  2.22   data arrival time

                  0.15   10.00   10.00   clock clk (rise edge)
                          0.00   10.00   clock network delay (ideal)
                         -0.25    9.75   clock uncertainty
                          0.00    9.75   clock reconvergence pessimism
                                  9.75 ^ _23_/CLK (sky130_fd_sc_hd__dfxtp_1)
                         -0.08    9.67   library setup time
                                  9.67   data required time
-----------------------------------------------------------------------------
                                  9.67   data required time
                                 -2.22   data arrival time
-----------------------------------------------------------------------------
                                  7.45   slack (MET)



worst slack corner Typical: 7.1842
