Tue Jun 11 03:14:05 +0000 2024 - Executing "{openroad -exit -no_init -python /openlane/scripts/odbpy/lefutil.py get_metal_layers -o /openlane/designs/car_park/runs/M_Ayyaz/tmp/layers.list /root/.volare/sky130A/libs.ref/sky130_fd_sc_hd/techlef/sky130_fd_sc_hd__nom.tlef}"

Tue Jun 11 03:14:06 +0000 2024 - Executing "{/openlane/scripts/mergeLef.py -o /openlane/designs/car_park/runs/M_Ayyaz/tmp/merged.nom.lef -i /root/.volare/sky130A/libs.ref/sky130_fd_sc_hd/techlef/sky130_fd_sc_hd__nom.tlef {/root/.volare/sky130A/libs.ref/sky130_fd_sc_hd/lef/sky130_ef_sc_hd.lef /root/.volare/sky130A/libs.ref/sky130_fd_sc_hd/lef/sky130_fd_sc_hd.lef} |& tee /dev/null}"

Tue Jun 11 03:14:06 +0000 2024 - Executing "{/openlane/scripts/mergeLef.py -o /openlane/designs/car_park/runs/M_Ayyaz/tmp/merged.min.lef -i /root/.volare/sky130A/libs.ref/sky130_fd_sc_hd/techlef/sky130_fd_sc_hd__min.tlef {/root/.volare/sky130A/libs.ref/sky130_fd_sc_hd/lef/sky130_ef_sc_hd.lef /root/.volare/sky130A/libs.ref/sky130_fd_sc_hd/lef/sky130_fd_sc_hd.lef} |& tee /dev/null}"

Tue Jun 11 03:14:06 +0000 2024 - Executing "{/openlane/scripts/mergeLef.py -o /openlane/designs/car_park/runs/M_Ayyaz/tmp/merged.max.lef -i /root/.volare/sky130A/libs.ref/sky130_fd_sc_hd/techlef/sky130_fd_sc_hd__max.tlef {/root/.volare/sky130A/libs.ref/sky130_fd_sc_hd/lef/sky130_ef_sc_hd.lef /root/.volare/sky130A/libs.ref/sky130_fd_sc_hd/lef/sky130_fd_sc_hd.lef} |& tee /dev/null}"

Tue Jun 11 03:14:06 +0000 2024 - Executing "{python3 /openlane/scripts/mergeLib.py --output /openlane/designs/car_park/runs/M_Ayyaz/tmp/synthesis/merged.lib --name sky130A_merged /root/.volare/sky130A/libs.ref/sky130_fd_sc_hd/lib/sky130_fd_sc_hd__tt_025C_1v80.lib}"

Tue Jun 11 03:14:07 +0000 2024 - Executing "{python3 /openlane/scripts/libtrim.py --cell-file /openlane/designs/car_park/runs/M_Ayyaz/tmp/synthesis/trimmed.lib.exclude.list --output /openlane/designs/car_park/runs/M_Ayyaz/tmp/synthesis/trimmed.lib /openlane/designs/car_park/runs/M_Ayyaz/tmp/synthesis/merged.lib}"

Tue Jun 11 03:14:07 +0000 2024 - Executing "{python3 /openlane/scripts/libtrim.py --cell-file /openlane/designs/car_park/runs/M_Ayyaz/tmp/cts/cts.lib.exclude.list --output /openlane/designs/car_park/runs/M_Ayyaz/tmp/cts/cts.lib /root/.volare/sky130A/libs.ref/sky130_fd_sc_hd/lib/sky130_fd_sc_hd__tt_025C_1v80.lib}"

Tue Jun 11 03:14:07 +0000 2024 - Executing "{python3 /openlane/scripts/libtrim.py --cell-file /openlane/designs/car_park/runs/M_Ayyaz/tmp/cts/cts-fastest.lib.exclude.list --output /openlane/designs/car_park/runs/M_Ayyaz/tmp/cts/cts-fastest.lib /root/.volare/sky130A/libs.ref/sky130_fd_sc_hd/lib/sky130_fd_sc_hd__ff_n40C_1v95.lib}"

Tue Jun 11 03:14:08 +0000 2024 - Executing "{python3 /openlane/scripts/libtrim.py --cell-file /openlane/designs/car_park/runs/M_Ayyaz/tmp/cts/cts-slowest.lib.exclude.list --output /openlane/designs/car_park/runs/M_Ayyaz/tmp/cts/cts-slowest.lib /root/.volare/sky130A/libs.ref/sky130_fd_sc_hd/lib/sky130_fd_sc_hd__ss_100C_1v60.lib}"

Tue Jun 11 03:14:08 +0000 2024 - Executing "{python3 /openlane/scripts/new_tracks.py -i /root/.volare/sky130A/libs.tech/openlane/sky130_fd_sc_hd/tracks.info -o /openlane/designs/car_park/runs/M_Ayyaz/tmp/routing/config.tracks}"

Tue Jun 11 03:14:08 +0000 2024 - Executing "{echo {OpenLane 77eb5ffc00966b47b36e332ccbf42103eb95e974} > /openlane/designs/car_park/runs/M_Ayyaz/OPENLANE_VERSION}"

Tue Jun 11 03:14:20 +0000 2024 - Executing "{sed -E {s/^([[:space:]]+)pg_pin(.*)/\1pin\2\n\1    direction : "inout";/g} /root/.volare/sky130A/libs.ref/sky130_fd_sc_hd/lib/sky130_fd_sc_hd__tt_025C_1v80.lib > /openlane/designs/car_park/runs/M_Ayyaz/tmp/synthesis/1-sky130_fd_sc_hd__tt_025C_1v80.no_pg.lib}"

Tue Jun 11 03:14:20 +0000 2024 - Executing "{sed -E {s/^([[:space:]]+)pg_pin(.*)/\1pin\2\n\1    direction : "inout";/g} /openlane/designs/car_park/runs/M_Ayyaz/tmp/synthesis/trimmed.lib > /openlane/designs/car_park/runs/M_Ayyaz/tmp/synthesis/1-trimmed.no_pg.lib}"

Tue Jun 11 03:14:20 +0000 2024 - Executing "yosys -c /openlane/scripts/yosys/synth.tcl |& tee /dev/null /openlane/designs/car_park/runs/M_Ayyaz/logs/synthesis/1-synthesis.log"

Tue Jun 11 03:14:20 +0000 2024 - Executing "{yosys -c /openlane/scripts/yosys/synth.tcl |& tee /dev/null /openlane/designs/car_park/runs/M_Ayyaz/logs/synthesis/1-synthesis.log}"

Tue Jun 11 03:14:21 +0000 2024 - Executing "{sed -i.bak -e {s/\(set ::env(CURRENT_NETLIST)\).*/\1 \/openlane\/designs\/car_park\/runs\/M_Ayyaz\/results\/synthesis\/car_park.v/} /openlane/designs/car_park/runs/M_Ayyaz/config.tcl}"

Tue Jun 11 03:14:21 +0000 2024 - Executing "{sed -i.bak /defparam/d /openlane/designs/car_park/runs/M_Ayyaz/results/synthesis/car_park.v}"

Tue Jun 11 03:14:21 +0000 2024 - Executing "sta -exit -no_init /openlane/scripts/openroad/sta/multi_corner.tcl |& tee /dev/null /openlane/designs/car_park/runs/M_Ayyaz/logs/synthesis/2-sta.log"

Tue Jun 11 03:14:21 +0000 2024 - Executing "{sta -exit -no_init /openlane/scripts/openroad/sta/multi_corner.tcl |& tee /dev/null /openlane/designs/car_park/runs/M_Ayyaz/logs/synthesis/2-sta.log}"

Tue Jun 11 03:14:30 +0000 2024 - Executing "openroad -exit /openlane/scripts/openroad/floorplan.tcl |& tee /dev/null /openlane/designs/car_park/runs/M_Ayyaz/logs/floorplan/3-initial_fp.log"

Tue Jun 11 03:14:30 +0000 2024 - Executing "{openroad -exit /openlane/scripts/openroad/floorplan.tcl |& tee /dev/null /openlane/designs/car_park/runs/M_Ayyaz/logs/floorplan/3-initial_fp.log}"

Tue Jun 11 03:14:31 +0000 2024 - Executing "{openroad -exit -no_init -python /openlane/scripts/odbpy/snap_to_grid.py --output /openlane/designs/car_park/runs/M_Ayyaz/tmp/floorplan/3-minimized_pdn.txt --input-lef /openlane/designs/car_park/runs/M_Ayyaz/tmp/merged.nom.lef 3.3350000000000004 4.42 6.670000000000001 8.84}"

Tue Jun 11 03:14:32 +0000 2024 - Executing "{openroad -exit -no_init -python /openlane/scripts/odbpy/defutil.py extract_core_dims --output-data /openlane/designs/car_park/runs/M_Ayyaz/tmp/dimensions.txt --input-lef /openlane/designs/car_park/runs/M_Ayyaz/tmp/merged.nom.lef /openlane/designs/car_park/runs/M_Ayyaz/tmp/floorplan/3-initial_fp.def}"

Tue Jun 11 03:14:32 +0000 2024 - Executing "openroad -exit /openlane/scripts/openroad/ioplacer.tcl |& tee /dev/null /openlane/designs/car_park/runs/M_Ayyaz/logs/floorplan/4-io.log"

Tue Jun 11 03:14:32 +0000 2024 - Executing "{openroad -exit /openlane/scripts/openroad/ioplacer.tcl |& tee /dev/null /openlane/designs/car_park/runs/M_Ayyaz/logs/floorplan/4-io.log}"

Tue Jun 11 03:14:33 +0000 2024 - Executing "openroad -exit /openlane/scripts/openroad/tapcell.tcl |& tee /dev/null /openlane/designs/car_park/runs/M_Ayyaz/logs/floorplan/5-tap.log"

Tue Jun 11 03:14:33 +0000 2024 - Executing "{openroad -exit /openlane/scripts/openroad/tapcell.tcl |& tee /dev/null /openlane/designs/car_park/runs/M_Ayyaz/logs/floorplan/5-tap.log}"

Tue Jun 11 03:14:34 +0000 2024 - Executing "openroad -exit /openlane/scripts/openroad/pdn.tcl |& tee /dev/null /openlane/designs/car_park/runs/M_Ayyaz/logs/floorplan/6-pdn.log"

Tue Jun 11 03:14:34 +0000 2024 - Executing "{openroad -exit /openlane/scripts/openroad/pdn.tcl |& tee /dev/null /openlane/designs/car_park/runs/M_Ayyaz/logs/floorplan/6-pdn.log}"

Tue Jun 11 03:14:42 +0000 2024 - Executing "openroad -exit /openlane/scripts/openroad/gpl.tcl |& tee /dev/null /openlane/designs/car_park/runs/M_Ayyaz/logs/placement/6-global_skip_io.log"

Tue Jun 11 03:14:42 +0000 2024 - Executing "{openroad -exit /openlane/scripts/openroad/gpl.tcl |& tee /dev/null /openlane/designs/car_park/runs/M_Ayyaz/logs/placement/6-global_skip_io.log}"

Tue Jun 11 03:14:43 +0000 2024 - Executing "{sed -i.bak -e {s/\(set ::env(CURRENT_NETLIST)\).*/\1 \/openlane\/designs\/car_park\/runs\/M_Ayyaz\/tmp\/placement\/7-global_skip_io.nl.v/} /openlane/designs/car_park/runs/M_Ayyaz/config.tcl}"

Tue Jun 11 03:14:43 +0000 2024 - Executing "openroad -exit /openlane/scripts/openroad/sta/multi_corner.tcl |& tee /dev/null /openlane/designs/car_park/runs/M_Ayyaz/logs/placement/8-gpl_sta.log"

Tue Jun 11 03:14:43 +0000 2024 - Executing "{openroad -exit /openlane/scripts/openroad/sta/multi_corner.tcl |& tee /dev/null /openlane/designs/car_park/runs/M_Ayyaz/logs/placement/8-gpl_sta.log}"

Tue Jun 11 03:14:44 +0000 2024 - Executing "openroad -exit /openlane/scripts/openroad/ioplacer.tcl |& tee /dev/null /openlane/designs/car_park/runs/M_Ayyaz/logs/placement/9-io.log"

Tue Jun 11 03:14:44 +0000 2024 - Executing "{openroad -exit /openlane/scripts/openroad/ioplacer.tcl |& tee /dev/null /openlane/designs/car_park/runs/M_Ayyaz/logs/placement/9-io.log}"

Tue Jun 11 03:14:44 +0000 2024 - Executing "openroad -exit /openlane/scripts/openroad/gpl.tcl |& tee /dev/null /openlane/designs/car_park/runs/M_Ayyaz/logs/placement/9-global.log"

Tue Jun 11 03:14:44 +0000 2024 - Executing "{openroad -exit /openlane/scripts/openroad/gpl.tcl |& tee /dev/null /openlane/designs/car_park/runs/M_Ayyaz/logs/placement/9-global.log}"

Tue Jun 11 03:14:45 +0000 2024 - Executing "{sed -i.bak -e {s/\(set ::env(CURRENT_NETLIST)\).*/\1 \/openlane\/designs\/car_park\/runs\/M_Ayyaz\/tmp\/placement\/10-global.nl.v/} /openlane/designs/car_park/runs/M_Ayyaz/config.tcl}"

Tue Jun 11 03:14:45 +0000 2024 - Executing "openroad -exit /openlane/scripts/openroad/sta/multi_corner.tcl |& tee /dev/null /openlane/designs/car_park/runs/M_Ayyaz/logs/placement/11-gpl_sta.log"

Tue Jun 11 03:14:45 +0000 2024 - Executing "{openroad -exit /openlane/scripts/openroad/sta/multi_corner.tcl |& tee /dev/null /openlane/designs/car_park/runs/M_Ayyaz/logs/placement/11-gpl_sta.log}"

Tue Jun 11 03:14:46 +0000 2024 - Executing "openroad -exit /openlane/scripts/openroad/resizer.tcl |& tee /dev/null /openlane/designs/car_park/runs/M_Ayyaz/logs/placement/12-resizer.log"

Tue Jun 11 03:14:46 +0000 2024 - Executing "{openroad -exit /openlane/scripts/openroad/resizer.tcl |& tee /dev/null /openlane/designs/car_park/runs/M_Ayyaz/logs/placement/12-resizer.log}"

Tue Jun 11 03:14:48 +0000 2024 - Executing "{sed -i.bak -e {s/\(set ::env(CURRENT_NETLIST)\).*/\1 \/openlane\/designs\/car_park\/runs\/M_Ayyaz\/tmp\/placement\/12-resizer.nl.v/} /openlane/designs/car_park/runs/M_Ayyaz/config.tcl}"

Tue Jun 11 03:14:48 +0000 2024 - Executing "openroad -exit /openlane/scripts/openroad/dpl.tcl |& tee /dev/null /openlane/designs/car_park/runs/M_Ayyaz/logs/placement/13-detailed.log"

Tue Jun 11 03:14:48 +0000 2024 - Executing "{openroad -exit /openlane/scripts/openroad/dpl.tcl |& tee /dev/null /openlane/designs/car_park/runs/M_Ayyaz/logs/placement/13-detailed.log}"

Tue Jun 11 03:14:49 +0000 2024 - Executing "{sed -i.bak -e {s/\(set ::env(CURRENT_NETLIST)\).*/\1 \/openlane\/designs\/car_park\/runs\/M_Ayyaz\/results\/placement\/car_park.nl.v/} /openlane/designs/car_park/runs/M_Ayyaz/config.tcl}"

Tue Jun 11 03:14:49 +0000 2024 - Executing "openroad -exit /openlane/scripts/openroad/sta/multi_corner.tcl |& tee /dev/null /openlane/designs/car_park/runs/M_Ayyaz/logs/placement/14-dpl_sta.log"

Tue Jun 11 03:14:49 +0000 2024 - Executing "{openroad -exit /openlane/scripts/openroad/sta/multi_corner.tcl |& tee /dev/null /openlane/designs/car_park/runs/M_Ayyaz/logs/placement/14-dpl_sta.log}"

Tue Jun 11 03:15:00 +0000 2024 - Executing "openroad -exit /openlane/scripts/openroad/cts.tcl |& tee /dev/null /openlane/designs/car_park/runs/M_Ayyaz/logs/cts/15-cts.log"

Tue Jun 11 03:15:00 +0000 2024 - Executing "{openroad -exit /openlane/scripts/openroad/cts.tcl |& tee /dev/null /openlane/designs/car_park/runs/M_Ayyaz/logs/cts/15-cts.log}"

Tue Jun 11 03:15:07 +0000 2024 - Executing "openroad -exit /openlane/scripts/openroad/sta/multi_corner.tcl |& tee /dev/null /openlane/designs/car_park/runs/M_Ayyaz/logs/cts/16-cts_sta.log"

Tue Jun 11 03:15:07 +0000 2024 - Executing "{openroad -exit /openlane/scripts/openroad/sta/multi_corner.tcl |& tee /dev/null /openlane/designs/car_park/runs/M_Ayyaz/logs/cts/16-cts_sta.log}"

Tue Jun 11 03:15:11 +0000 2024 - Executing "openroad -exit /openlane/scripts/openroad/resizer_routing_design.tcl |& tee /dev/null /openlane/designs/car_park/runs/M_Ayyaz/logs/routing/17-resizer_design.log"

Tue Jun 11 03:15:11 +0000 2024 - Executing "{openroad -exit /openlane/scripts/openroad/resizer_routing_design.tcl |& tee /dev/null /openlane/designs/car_park/runs/M_Ayyaz/logs/routing/17-resizer_design.log}"

Tue Jun 11 03:15:13 +0000 2024 - Executing "{sed -i.bak -e {s/\(set ::env(CURRENT_NETLIST)\).*/\1 \/openlane\/designs\/car_park\/runs\/M_Ayyaz\/tmp\/17-car_park.nl.v/} /openlane/designs/car_park/runs/M_Ayyaz/config.tcl}"

Tue Jun 11 03:15:13 +0000 2024 - Executing "openroad -exit /openlane/scripts/openroad/sta/multi_corner.tcl |& tee /dev/null /openlane/designs/car_park/runs/M_Ayyaz/logs/routing/18-rsz_design_sta.log"

Tue Jun 11 03:15:13 +0000 2024 - Executing "{openroad -exit /openlane/scripts/openroad/sta/multi_corner.tcl |& tee /dev/null /openlane/designs/car_park/runs/M_Ayyaz/logs/routing/18-rsz_design_sta.log}"

Tue Jun 11 03:15:13 +0000 2024 - Executing "openroad -exit /openlane/scripts/openroad/resizer_routing_timing.tcl |& tee /dev/null /openlane/designs/car_park/runs/M_Ayyaz/logs/routing/19-resizer_timing.log"

Tue Jun 11 03:15:13 +0000 2024 - Executing "{openroad -exit /openlane/scripts/openroad/resizer_routing_timing.tcl |& tee /dev/null /openlane/designs/car_park/runs/M_Ayyaz/logs/routing/19-resizer_timing.log}"

Tue Jun 11 03:15:15 +0000 2024 - Executing "{sed -i.bak -e {s/\(set ::env(CURRENT_NETLIST)\).*/\1 \/openlane\/designs\/car_park\/runs\/M_Ayyaz\/tmp\/19-car_park.nl.v/} /openlane/designs/car_park/runs/M_Ayyaz/config.tcl}"

Tue Jun 11 03:15:15 +0000 2024 - Executing "openroad -exit /openlane/scripts/openroad/sta/multi_corner.tcl |& tee /dev/null /openlane/designs/car_park/runs/M_Ayyaz/logs/routing/20-rsz_timing_sta.log"

Tue Jun 11 03:15:15 +0000 2024 - Executing "{openroad -exit /openlane/scripts/openroad/sta/multi_corner.tcl |& tee /dev/null /openlane/designs/car_park/runs/M_Ayyaz/logs/routing/20-rsz_timing_sta.log}"

Tue Jun 11 03:15:16 +0000 2024 - Executing "openroad -exit /openlane/scripts/openroad/repair_antennas.tcl |& tee /dev/null /openlane/designs/car_park/runs/M_Ayyaz/logs/routing/21-global.log"

Tue Jun 11 03:15:16 +0000 2024 - Executing "{openroad -exit /openlane/scripts/openroad/repair_antennas.tcl |& tee /dev/null /openlane/designs/car_park/runs/M_Ayyaz/logs/routing/21-global.log}"

Tue Jun 11 03:15:17 +0000 2024 - Executing "openroad -exit /openlane/scripts/openroad/write_views.tcl |& tee /dev/null /openlane/designs/car_park/runs/M_Ayyaz/logs/routing/21-global_write_netlist.log"

Tue Jun 11 03:15:17 +0000 2024 - Executing "{openroad -exit /openlane/scripts/openroad/write_views.tcl |& tee /dev/null /openlane/designs/car_park/runs/M_Ayyaz/logs/routing/21-global_write_netlist.log}"

Tue Jun 11 03:15:17 +0000 2024 - Executing "{sed -i.bak -e {s/\(set ::env(CURRENT_NETLIST)\).*/\1 \/openlane\/designs\/car_park\/runs\/M_Ayyaz\/tmp\/routing\/global.nl.v/} /openlane/designs/car_park/runs/M_Ayyaz/config.tcl}"

Tue Jun 11 03:15:17 +0000 2024 - Executing "openroad -exit /openlane/scripts/openroad/sta/multi_corner.tcl |& tee /dev/null /openlane/designs/car_park/runs/M_Ayyaz/logs/routing/23-grt_sta.log"

Tue Jun 11 03:15:17 +0000 2024 - Executing "{openroad -exit /openlane/scripts/openroad/sta/multi_corner.tcl |& tee /dev/null /openlane/designs/car_park/runs/M_Ayyaz/logs/routing/23-grt_sta.log}"

Tue Jun 11 03:15:18 +0000 2024 - Executing "openroad -exit /openlane/scripts/openroad/fill.tcl |& tee /dev/null /openlane/designs/car_park/runs/M_Ayyaz/logs/routing/24-fill.log"

Tue Jun 11 03:15:18 +0000 2024 - Executing "{openroad -exit /openlane/scripts/openroad/fill.tcl |& tee /dev/null /openlane/designs/car_park/runs/M_Ayyaz/logs/routing/24-fill.log}"

Tue Jun 11 03:15:19 +0000 2024 - Executing "{sed -i.bak -e {s/\(set ::env(CURRENT_NETLIST)\).*/\1 \/openlane\/designs\/car_park\/runs\/M_Ayyaz\/tmp\/routing\/24-fill.nl.v/} /openlane/designs/car_park/runs/M_Ayyaz/config.tcl}"

Tue Jun 11 03:15:19 +0000 2024 - Executing "openroad -exit -metrics /openlane/designs/car_park/runs/M_Ayyaz/reports/routing/25-drt_metrics.json /openlane/scripts/openroad/droute.tcl |& tee /dev/null /openlane/designs/car_park/runs/M_Ayyaz/logs/routing/25-detailed.log"

Tue Jun 11 03:15:19 +0000 2024 - Executing "{openroad -exit -metrics /openlane/designs/car_park/runs/M_Ayyaz/reports/routing/25-drt_metrics.json /openlane/scripts/openroad/droute.tcl |& tee /dev/null /openlane/designs/car_park/runs/M_Ayyaz/logs/routing/25-detailed.log}"

Tue Jun 11 03:15:21 +0000 2024 - Executing "{sed -i.bak -e {s/\(set ::env(CURRENT_NETLIST)\).*/\1 \/openlane\/designs\/car_park\/runs\/M_Ayyaz\/results\/routing\/car_park.nl.v/} /openlane/designs/car_park/runs/M_Ayyaz/config.tcl}"

Tue Jun 11 03:15:21 +0000 2024 - Executing "{python3 /openlane/scripts/drc_rosetta.py tr to_klayout -o /openlane/designs/car_park/runs/M_Ayyaz/reports/routing/drt.klayout.xml --design-name car_park /openlane/designs/car_park/runs/M_Ayyaz/reports/routing/drt.drc}"

Tue Jun 11 03:15:22 +0000 2024 - Executing "{openroad -exit -no_init -python /openlane/scripts/odbpy/wire_lengths.py --report-out /openlane/designs/car_park/runs/M_Ayyaz/reports/routing/26-wire_lengths.csv --input-lef /openlane/designs/car_park/runs/M_Ayyaz/tmp/merged.nom.lef --output-def /dev/null --output /openlane/designs/car_park/runs/M_Ayyaz/results/routing/car_park.odb /openlane/designs/car_park/runs/M_Ayyaz/results/routing/car_park.odb |& tee /dev/null /openlane/designs/car_park/runs/M_Ayyaz/logs/routing/26-wire_lengths.log}"

Tue Jun 11 03:15:29 +0000 2024 - Executing "magic -noconsole -dnull -rcfile /root/.volare/sky130A/libs.tech/magic/sky130A.magicrc < /openlane/scripts/magic/wrapper.tcl |& tee /dev/null /openlane/designs/car_park/runs/M_Ayyaz/logs/signoff/27-gdsii.log"

Tue Jun 11 03:15:29 +0000 2024 - Executing "{magic -noconsole -dnull -rcfile /root/.volare/sky130A/libs.tech/magic/sky130A.magicrc < /openlane/scripts/magic/wrapper.tcl |& tee /dev/null /openlane/designs/car_park/runs/M_Ayyaz/logs/signoff/27-gdsii.log}"

Tue Jun 11 03:15:29 +0000 2024 - Executing "magic -noconsole -dnull -rcfile /root/.volare/sky130A/libs.tech/magic/sky130A.magicrc < /openlane/scripts/magic/wrapper.tcl |& tee /dev/null /openlane/designs/car_park/runs/M_Ayyaz/logs/signoff/27-gds_ptrs.log"

Tue Jun 11 03:15:29 +0000 2024 - Executing "{magic -noconsole -dnull -rcfile /root/.volare/sky130A/libs.tech/magic/sky130A.magicrc < /openlane/scripts/magic/wrapper.tcl |& tee /dev/null /openlane/designs/car_park/runs/M_Ayyaz/logs/signoff/27-gds_ptrs.log}"

Tue Jun 11 03:15:29 +0000 2024 - Executing "{sed -i.bak -n {/^<< properties >>/,/^<< end >>/p} /openlane/designs/car_park/runs/M_Ayyaz/tmp/signoff/gds_ptrs.mag}"

Tue Jun 11 03:15:29 +0000 2024 - Executing "magic -noconsole -dnull -rcfile /root/.volare/sky130A/libs.tech/magic/sky130A.magicrc < /openlane/scripts/magic/wrapper.tcl |& tee /dev/null /openlane/designs/car_park/runs/M_Ayyaz/logs/signoff/27-lef.log"

Tue Jun 11 03:15:30 +0000 2024 - Executing "{magic -noconsole -dnull -rcfile /root/.volare/sky130A/libs.tech/magic/sky130A.magicrc < /openlane/scripts/magic/wrapper.tcl |& tee /dev/null /openlane/designs/car_park/runs/M_Ayyaz/logs/signoff/27-lef.log}"

Tue Jun 11 03:15:30 +0000 2024 - Executing "magic -noconsole -dnull -rcfile /root/.volare/sky130A/libs.tech/magic/sky130A.magicrc < /openlane/scripts/magic/wrapper.tcl |& tee /dev/null /openlane/designs/car_park/runs/M_Ayyaz/logs/signoff/27-maglef.log"

Tue Jun 11 03:15:30 +0000 2024 - Executing "{magic -noconsole -dnull -rcfile /root/.volare/sky130A/libs.tech/magic/sky130A.magicrc < /openlane/scripts/magic/wrapper.tcl |& tee /dev/null /openlane/designs/car_park/runs/M_Ayyaz/logs/signoff/27-maglef.log}"

