[INFO]: Run Directory: /openlane/designs/car_park/runs/M_Ayyaz
[WARNING]: The variable name DESIGN_IS_CORE was renamed to FP_PDN_MULTILAYER. Update your configuration file.
[INFO]: Saving runtime environment...
[INFO]: Preparing LEF files for the nom corner...
[INFO]: Preparing LEF files for the min corner...
[INFO]: Preparing LEF files for the max corner...
[WARNING]: PNR_SDC_FILE is not set. It is recommended to write a custom SDC file for the design. Defaulting to BASE_SDC_FILE
[WARNING]: SIGNOFF_SDC_FILE is not set. It is recommended to write a custom SDC file for the design. Defaulting to BASE_SDC_FILE
[INFO]: Running Synthesis (log: designs/car_park/runs/M_Ayyaz/logs/synthesis/1-synthesis.log)...
[INFO]: Running Single-Corner Static Timing Analysis (log: designs/car_park/runs/M_Ayyaz/logs/synthesis/2-sta.log)...
[INFO]: Running Initial Floorplanning (log: designs/car_park/runs/M_Ayyaz/logs/floorplan/3-initial_fp.log)...
[WARNING]: Current core area is too small for the power grid settings chosen. The power grid was scaled down to an offset of 1/8 the core width and height and a pitch of 1/4 the core width and height.
[INFO]: Floorplanned with width 26.68 and height 35.36.
[INFO]: Running IO Placement (log: designs/car_park/runs/M_Ayyaz/logs/floorplan/4-io.log)...
[INFO]: Running Tap/Decap Insertion (log: designs/car_park/runs/M_Ayyaz/logs/floorplan/5-tap.log)...
[INFO]: Power planning with power {VPWR} and ground {VGND}...
[INFO]: Generating PDN (log: designs/car_park/runs/M_Ayyaz/logs/floorplan/6-pdn.log)...
[INFO]: Running Global Placement (skip_io) (log: designs/car_park/runs/M_Ayyaz/logs/placement/6-global_skip_io.log)...
[INFO]: Running Single-Corner Static Timing Analysis (log: designs/car_park/runs/M_Ayyaz/logs/placement/8-gpl_sta.log)...
[INFO]: Running IO Placement (log: designs/car_park/runs/M_Ayyaz/logs/placement/9-io.log)...
[INFO]: Running Global Placement (log: designs/car_park/runs/M_Ayyaz/logs/placement/9-global.log)...
[INFO]: Running Single-Corner Static Timing Analysis (log: designs/car_park/runs/M_Ayyaz/logs/placement/11-gpl_sta.log)...
[INFO]: Running Placement Resizer Design Optimizations (log: designs/car_park/runs/M_Ayyaz/logs/placement/12-resizer.log)...
[INFO]: Running Detailed Placement (log: designs/car_park/runs/M_Ayyaz/logs/placement/13-detailed.log)...
[INFO]: Running Single-Corner Static Timing Analysis (log: designs/car_park/runs/M_Ayyaz/logs/placement/14-dpl_sta.log)...
[INFO]: Running Clock Tree Synthesis (log: designs/car_park/runs/M_Ayyaz/logs/cts/15-cts.log)...
[INFO]: Running Single-Corner Static Timing Analysis (log: designs/car_park/runs/M_Ayyaz/logs/cts/16-cts_sta.log)...
[INFO]: Running Global Routing Resizer Design Optimizations (log: designs/car_park/runs/M_Ayyaz/logs/routing/17-resizer_design.log)...
[INFO]: Running Single-Corner Static Timing Analysis (log: designs/car_park/runs/M_Ayyaz/logs/routing/18-rsz_design_sta.log)...
[INFO]: Running Global Routing Resizer Timing Optimizations (log: designs/car_park/runs/M_Ayyaz/logs/routing/19-resizer_timing.log)...
[INFO]: Running Single-Corner Static Timing Analysis (log: designs/car_park/runs/M_Ayyaz/logs/routing/20-rsz_timing_sta.log)...
[INFO]: Running Global Routing (log: designs/car_park/runs/M_Ayyaz/logs/routing/21-global.log)...
[INFO]: Writing Verilog (log: designs/car_park/runs/M_Ayyaz/logs/routing/21-global_write_netlist.log)...
[INFO]: Running Single-Corner Static Timing Analysis (log: designs/car_park/runs/M_Ayyaz/logs/routing/23-grt_sta.log)...
[INFO]: Running Fill Insertion (log: designs/car_park/runs/M_Ayyaz/logs/routing/24-fill.log)...
[INFO]: Running Detailed Routing (log: designs/car_park/runs/M_Ayyaz/logs/routing/25-detailed.log)...
[INFO]: No Magic DRC violations after detailed routing.
[INFO]: Checking Wire Lengths (log: designs/car_park/runs/M_Ayyaz/logs/routing/26-wire_lengths.log)...
[INFO]: Running Magic to generate various views...
[INFO]: Streaming out GDSII with Magic (log: designs/car_park/runs/M_Ayyaz/logs/signoff/27-gdsii.log)...
[INFO]: Generating MAGLEF views...
[INFO]: Generating lef with Magic (/openlane/designs/car_park/runs/M_Ayyaz/logs/signoff/27-lef.log)...
