
===========================================================================
report_checks -path_delay max (Setup)
============================================================================
======================= Typical Corner ===================================

Startpoint: _16_ (rising edge-triggered flip-flop clocked by clk)
Endpoint: parking_spaces[0] (output port clocked by clk)
Path Group: clk
Path Type: max

Fanout     Cap    Slew   Delay    Time   Description
-----------------------------------------------------------------------------
                  0.15    0.00    0.00   clock clk (rise edge)
                          0.00    0.00   clock network delay (ideal)
                  0.15    0.00    0.00 ^ _16_/CLK (sky130_fd_sc_hd__dfxtp_2)
     2    0.04    0.22    0.51    0.51 ^ _16_/Q (sky130_fd_sc_hd__dfxtp_2)
                                         parking_spaces[0] (net)
                  0.22    0.00    0.51 ^ parking_spaces[0] (out)
                                  0.51   data arrival time

                  0.15   10.00   10.00   clock clk (rise edge)
                          0.00   10.00   clock network delay (ideal)
                         -0.25    9.75   clock uncertainty
                          0.00    9.75   clock reconvergence pessimism
                         -2.00    7.75   output external delay
                                  7.75   data required time
-----------------------------------------------------------------------------
                                  7.75   data required time
                                 -0.51   data arrival time
-----------------------------------------------------------------------------
                                  7.24   slack (MET)


Startpoint: _23_ (rising edge-triggered flip-flop clocked by clk)
Endpoint: parking_spaces[1] (output port clocked by clk)
Path Group: clk
Path Type: max

Fanout     Cap    Slew   Delay    Time   Description
-----------------------------------------------------------------------------
                  0.15    0.00    0.00   clock clk (rise edge)
                          0.00    0.00   clock network delay (ideal)
                  0.15    0.00    0.00 ^ _23_/CLK (sky130_fd_sc_hd__dfxtp_2)
     2    0.04    0.22    0.51    0.51 ^ _23_/Q (sky130_fd_sc_hd__dfxtp_2)
                                         parking_spaces[1] (net)
                  0.22    0.00    0.51 ^ parking_spaces[1] (out)
                                  0.51   data arrival time

                  0.15   10.00   10.00   clock clk (rise edge)
                          0.00   10.00   clock network delay (ideal)
                         -0.25    9.75   clock uncertainty
                          0.00    9.75   clock reconvergence pessimism
                         -2.00    7.75   output external delay
                                  7.75   data required time
-----------------------------------------------------------------------------
                                  7.75   data required time
                                 -0.51   data arrival time
-----------------------------------------------------------------------------
                                  7.24   slack (MET)


Startpoint: _22_ (rising edge-triggered flip-flop clocked by clk)
Endpoint: parking_spaces[2] (output port clocked by clk)
Path Group: clk
Path Type: max

Fanout     Cap    Slew   Delay    Time   Description
-----------------------------------------------------------------------------
                  0.15    0.00    0.00   clock clk (rise edge)
                          0.00    0.00   clock network delay (ideal)
                  0.15    0.00    0.00 ^ _22_/CLK (sky130_fd_sc_hd__dfxtp_2)
     2    0.04    0.22    0.51    0.51 ^ _22_/Q (sky130_fd_sc_hd__dfxtp_2)
                                         parking_spaces[2] (net)
                  0.22    0.00    0.51 ^ parking_spaces[2] (out)
                                  0.51   data arrival time

                  0.15   10.00   10.00   clock clk (rise edge)
                          0.00   10.00   clock network delay (ideal)
                         -0.25    9.75   clock uncertainty
                          0.00    9.75   clock reconvergence pessimism
                         -2.00    7.75   output external delay
                                  7.75   data required time
-----------------------------------------------------------------------------
                                  7.75   data required time
                                 -0.51   data arrival time
-----------------------------------------------------------------------------
                                  7.24   slack (MET)


Startpoint: _21_ (rising edge-triggered flip-flop clocked by clk)
Endpoint: parking_spaces[3] (output port clocked by clk)
Path Group: clk
Path Type: max

Fanout     Cap    Slew   Delay    Time   Description
-----------------------------------------------------------------------------
                  0.15    0.00    0.00   clock clk (rise edge)
                          0.00    0.00   clock network delay (ideal)
                  0.15    0.00    0.00 ^ _21_/CLK (sky130_fd_sc_hd__dfxtp_2)
     2    0.04    0.22    0.51    0.51 ^ _21_/Q (sky130_fd_sc_hd__dfxtp_2)
                                         parking_spaces[3] (net)
                  0.22    0.00    0.51 ^ parking_spaces[3] (out)
                                  0.51   data arrival time

                  0.15   10.00   10.00   clock clk (rise edge)
                          0.00   10.00   clock network delay (ideal)
                         -0.25    9.75   clock uncertainty
                          0.00    9.75   clock reconvergence pessimism
                         -2.00    7.75   output external delay
                                  7.75   data required time
-----------------------------------------------------------------------------
                                  7.75   data required time
                                 -0.51   data arrival time
-----------------------------------------------------------------------------
                                  7.24   slack (MET)


Startpoint: _20_ (rising edge-triggered flip-flop clocked by clk)
Endpoint: parking_spaces[4] (output port clocked by clk)
Path Group: clk
Path Type: max

Fanout     Cap    Slew   Delay    Time   Description
-----------------------------------------------------------------------------
                  0.15    0.00    0.00   clock clk (rise edge)
                          0.00    0.00   clock network delay (ideal)
                  0.15    0.00    0.00 ^ _20_/CLK (sky130_fd_sc_hd__dfxtp_2)
     2    0.04    0.22    0.51    0.51 ^ _20_/Q (sky130_fd_sc_hd__dfxtp_2)
                                         parking_spaces[4] (net)
                  0.22    0.00    0.51 ^ parking_spaces[4] (out)
                                  0.51   data arrival time

                  0.15   10.00   10.00   clock clk (rise edge)
                          0.00   10.00   clock network delay (ideal)
                         -0.25    9.75   clock uncertainty
                          0.00    9.75   clock reconvergence pessimism
                         -2.00    7.75   output external delay
                                  7.75   data required time
-----------------------------------------------------------------------------
                                  7.75   data required time
                                 -0.51   data arrival time
-----------------------------------------------------------------------------
                                  7.24   slack (MET)


Startpoint: _19_ (rising edge-triggered flip-flop clocked by clk)
Endpoint: parking_spaces[5] (output port clocked by clk)
Path Group: clk
Path Type: max

Fanout     Cap    Slew   Delay    Time   Description
-----------------------------------------------------------------------------
                  0.15    0.00    0.00   clock clk (rise edge)
                          0.00    0.00   clock network delay (ideal)
                  0.15    0.00    0.00 ^ _19_/CLK (sky130_fd_sc_hd__dfxtp_2)
     2    0.04    0.22    0.51    0.51 ^ _19_/Q (sky130_fd_sc_hd__dfxtp_2)
                                         parking_spaces[5] (net)
                  0.22    0.00    0.51 ^ parking_spaces[5] (out)
                                  0.51   data arrival time

                  0.15   10.00   10.00   clock clk (rise edge)
                          0.00   10.00   clock network delay (ideal)
                         -0.25    9.75   clock uncertainty
                          0.00    9.75   clock reconvergence pessimism
                         -2.00    7.75   output external delay
                                  7.75   data required time
-----------------------------------------------------------------------------
                                  7.75   data required time
                                 -0.51   data arrival time
-----------------------------------------------------------------------------
                                  7.24   slack (MET)


Startpoint: _18_ (rising edge-triggered flip-flop clocked by clk)
Endpoint: parking_spaces[6] (output port clocked by clk)
Path Group: clk
Path Type: max

Fanout     Cap    Slew   Delay    Time   Description
-----------------------------------------------------------------------------
                  0.15    0.00    0.00   clock clk (rise edge)
                          0.00    0.00   clock network delay (ideal)
                  0.15    0.00    0.00 ^ _18_/CLK (sky130_fd_sc_hd__dfxtp_2)
     2    0.04    0.22    0.51    0.51 ^ _18_/Q (sky130_fd_sc_hd__dfxtp_2)
                                         parking_spaces[6] (net)
                  0.22    0.00    0.51 ^ parking_spaces[6] (out)
                                  0.51   data arrival time

                  0.15   10.00   10.00   clock clk (rise edge)
                          0.00   10.00   clock network delay (ideal)
                         -0.25    9.75   clock uncertainty
                          0.00    9.75   clock reconvergence pessimism
                         -2.00    7.75   output external delay
                                  7.75   data required time
-----------------------------------------------------------------------------
                                  7.75   data required time
                                 -0.51   data arrival time
-----------------------------------------------------------------------------
                                  7.24   slack (MET)


Startpoint: _17_ (rising edge-triggered flip-flop clocked by clk)
Endpoint: parking_spaces[7] (output port clocked by clk)
Path Group: clk
Path Type: max

Fanout     Cap    Slew   Delay    Time   Description
-----------------------------------------------------------------------------
                  0.15    0.00    0.00   clock clk (rise edge)
                          0.00    0.00   clock network delay (ideal)
                  0.15    0.00    0.00 ^ _17_/CLK (sky130_fd_sc_hd__dfxtp_2)
     2    0.04    0.22    0.51    0.51 ^ _17_/Q (sky130_fd_sc_hd__dfxtp_2)
                                         parking_spaces[7] (net)
                  0.22    0.00    0.51 ^ parking_spaces[7] (out)
                                  0.51   data arrival time

                  0.15   10.00   10.00   clock clk (rise edge)
                          0.00   10.00   clock network delay (ideal)
                         -0.25    9.75   clock uncertainty
                          0.00    9.75   clock reconvergence pessimism
                         -2.00    7.75   output external delay
                                  7.75   data required time
-----------------------------------------------------------------------------
                                  7.75   data required time
                                 -0.51   data arrival time
-----------------------------------------------------------------------------
                                  7.24   slack (MET)


Startpoint: sensors[0] (input port clocked by clk)
Endpoint: _16_ (rising edge-triggered flip-flop clocked by clk)
Path Group: clk
Path Type: max

Fanout     Cap    Slew   Delay    Time   Description
-----------------------------------------------------------------------------
                  0.15    0.00    0.00   clock clk (rise edge)
                          0.00    0.00   clock network delay (ideal)
                          2.00    2.00 v input external delay
     1    0.01    0.02    0.01    2.01 v sensors[0] (in)
                                         sensors[0] (net)
                  0.02    0.00    2.01 v _08_/B (sky130_fd_sc_hd__xor2_2)
     1    0.00    0.05    0.13    2.14 v _08_/X (sky130_fd_sc_hd__xor2_2)
                                         _00_ (net)
                  0.05    0.00    2.14 v _16_/D (sky130_fd_sc_hd__dfxtp_2)
                                  2.14   data arrival time

                  0.15   10.00   10.00   clock clk (rise edge)
                          0.00   10.00   clock network delay (ideal)
                         -0.25    9.75   clock uncertainty
                          0.00    9.75   clock reconvergence pessimism
                                  9.75 ^ _16_/CLK (sky130_fd_sc_hd__dfxtp_2)
                         -0.09    9.66   library setup time
                                  9.66   data required time
-----------------------------------------------------------------------------
                                  9.66   data required time
                                 -2.14   data arrival time
-----------------------------------------------------------------------------
                                  7.52   slack (MET)


Startpoint: sensors[7] (input port clocked by clk)
Endpoint: _17_ (rising edge-triggered flip-flop clocked by clk)
Path Group: clk
Path Type: max

Fanout     Cap    Slew   Delay    Time   Description
-----------------------------------------------------------------------------
                  0.15    0.00    0.00   clock clk (rise edge)
                          0.00    0.00   clock network delay (ideal)
                          2.00    2.00 v input external delay
     1    0.01    0.02    0.01    2.01 v sensors[7] (in)
                                         sensors[7] (net)
                  0.02    0.00    2.01 v _09_/B (sky130_fd_sc_hd__xor2_2)
     1    0.00    0.05    0.13    2.14 v _09_/X (sky130_fd_sc_hd__xor2_2)
                                         _01_ (net)
                  0.05    0.00    2.14 v _17_/D (sky130_fd_sc_hd__dfxtp_2)
                                  2.14   data arrival time

                  0.15   10.00   10.00   clock clk (rise edge)
                          0.00   10.00   clock network delay (ideal)
                         -0.25    9.75   clock uncertainty
                          0.00    9.75   clock reconvergence pessimism
                                  9.75 ^ _17_/CLK (sky130_fd_sc_hd__dfxtp_2)
                         -0.09    9.66   library setup time
                                  9.66   data required time
-----------------------------------------------------------------------------
                                  9.66   data required time
                                 -2.14   data arrival time
-----------------------------------------------------------------------------
                                  7.52   slack (MET)


Startpoint: sensors[6] (input port clocked by clk)
Endpoint: _18_ (rising edge-triggered flip-flop clocked by clk)
Path Group: clk
Path Type: max

Fanout     Cap    Slew   Delay    Time   Description
-----------------------------------------------------------------------------
                  0.15    0.00    0.00   clock clk (rise edge)
                          0.00    0.00   clock network delay (ideal)
                          2.00    2.00 v input external delay
     1    0.01    0.02    0.01    2.01 v sensors[6] (in)
                                         sensors[6] (net)
                  0.02    0.00    2.01 v _10_/B (sky130_fd_sc_hd__xor2_2)
     1    0.00    0.05    0.13    2.14 v _10_/X (sky130_fd_sc_hd__xor2_2)
                                         _02_ (net)
                  0.05    0.00    2.14 v _18_/D (sky130_fd_sc_hd__dfxtp_2)
                                  2.14   data arrival time

                  0.15   10.00   10.00   clock clk (rise edge)
                          0.00   10.00   clock network delay (ideal)
                         -0.25    9.75   clock uncertainty
                          0.00    9.75   clock reconvergence pessimism
                                  9.75 ^ _18_/CLK (sky130_fd_sc_hd__dfxtp_2)
                         -0.09    9.66   library setup time
                                  9.66   data required time
-----------------------------------------------------------------------------
                                  9.66   data required time
                                 -2.14   data arrival time
-----------------------------------------------------------------------------
                                  7.52   slack (MET)


Startpoint: sensors[5] (input port clocked by clk)
Endpoint: _19_ (rising edge-triggered flip-flop clocked by clk)
Path Group: clk
Path Type: max

Fanout     Cap    Slew   Delay    Time   Description
-----------------------------------------------------------------------------
                  0.15    0.00    0.00   clock clk (rise edge)
                          0.00    0.00   clock network delay (ideal)
                          2.00    2.00 v input external delay
     1    0.01    0.02    0.01    2.01 v sensors[5] (in)
                                         sensors[5] (net)
                  0.02    0.00    2.01 v _11_/B (sky130_fd_sc_hd__xor2_2)
     1    0.00    0.05    0.13    2.14 v _11_/X (sky130_fd_sc_hd__xor2_2)
                                         _03_ (net)
                  0.05    0.00    2.14 v _19_/D (sky130_fd_sc_hd__dfxtp_2)
                                  2.14   data arrival time

                  0.15   10.00   10.00   clock clk (rise edge)
                          0.00   10.00   clock network delay (ideal)
                         -0.25    9.75   clock uncertainty
                          0.00    9.75   clock reconvergence pessimism
                                  9.75 ^ _19_/CLK (sky130_fd_sc_hd__dfxtp_2)
                         -0.09    9.66   library setup time
                                  9.66   data required time
-----------------------------------------------------------------------------
                                  9.66   data required time
                                 -2.14   data arrival time
-----------------------------------------------------------------------------
                                  7.52   slack (MET)


Startpoint: sensors[4] (input port clocked by clk)
Endpoint: _20_ (rising edge-triggered flip-flop clocked by clk)
Path Group: clk
Path Type: max

Fanout     Cap    Slew   Delay    Time   Description
-----------------------------------------------------------------------------
                  0.15    0.00    0.00   clock clk (rise edge)
                          0.00    0.00   clock network delay (ideal)
                          2.00    2.00 v input external delay
     1    0.01    0.02    0.01    2.01 v sensors[4] (in)
                                         sensors[4] (net)
                  0.02    0.00    2.01 v _12_/B (sky130_fd_sc_hd__xor2_2)
     1    0.00    0.05    0.13    2.14 v _12_/X (sky130_fd_sc_hd__xor2_2)
                                         _04_ (net)
                  0.05    0.00    2.14 v _20_/D (sky130_fd_sc_hd__dfxtp_2)
                                  2.14   data arrival time

                  0.15   10.00   10.00   clock clk (rise edge)
                          0.00   10.00   clock network delay (ideal)
                         -0.25    9.75   clock uncertainty
                          0.00    9.75   clock reconvergence pessimism
                                  9.75 ^ _20_/CLK (sky130_fd_sc_hd__dfxtp_2)
                         -0.09    9.66   library setup time
                                  9.66   data required time
-----------------------------------------------------------------------------
                                  9.66   data required time
                                 -2.14   data arrival time
-----------------------------------------------------------------------------
                                  7.52   slack (MET)


Startpoint: sensors[3] (input port clocked by clk)
Endpoint: _21_ (rising edge-triggered flip-flop clocked by clk)
Path Group: clk
Path Type: max

Fanout     Cap    Slew   Delay    Time   Description
-----------------------------------------------------------------------------
                  0.15    0.00    0.00   clock clk (rise edge)
                          0.00    0.00   clock network delay (ideal)
                          2.00    2.00 v input external delay
     1    0.01    0.02    0.01    2.01 v sensors[3] (in)
                                         sensors[3] (net)
                  0.02    0.00    2.01 v _13_/B (sky130_fd_sc_hd__xor2_2)
     1    0.00    0.05    0.13    2.14 v _13_/X (sky130_fd_sc_hd__xor2_2)
                                         _05_ (net)
                  0.05    0.00    2.14 v _21_/D (sky130_fd_sc_hd__dfxtp_2)
                                  2.14   data arrival time

                  0.15   10.00   10.00   clock clk (rise edge)
                          0.00   10.00   clock network delay (ideal)
                         -0.25    9.75   clock uncertainty
                          0.00    9.75   clock reconvergence pessimism
                                  9.75 ^ _21_/CLK (sky130_fd_sc_hd__dfxtp_2)
                         -0.09    9.66   library setup time
                                  9.66   data required time
-----------------------------------------------------------------------------
                                  9.66   data required time
                                 -2.14   data arrival time
-----------------------------------------------------------------------------
                                  7.52   slack (MET)


Startpoint: sensors[2] (input port clocked by clk)
Endpoint: _22_ (rising edge-triggered flip-flop clocked by clk)
Path Group: clk
Path Type: max

Fanout     Cap    Slew   Delay    Time   Description
-----------------------------------------------------------------------------
                  0.15    0.00    0.00   clock clk (rise edge)
                          0.00    0.00   clock network delay (ideal)
                          2.00    2.00 v input external delay
     1    0.01    0.02    0.01    2.01 v sensors[2] (in)
                                         sensors[2] (net)
                  0.02    0.00    2.01 v _14_/B (sky130_fd_sc_hd__xor2_2)
     1    0.00    0.05    0.13    2.14 v _14_/X (sky130_fd_sc_hd__xor2_2)
                                         _06_ (net)
                  0.05    0.00    2.14 v _22_/D (sky130_fd_sc_hd__dfxtp_2)
                                  2.14   data arrival time

                  0.15   10.00   10.00   clock clk (rise edge)
                          0.00   10.00   clock network delay (ideal)
                         -0.25    9.75   clock uncertainty
                          0.00    9.75   clock reconvergence pessimism
                                  9.75 ^ _22_/CLK (sky130_fd_sc_hd__dfxtp_2)
                         -0.09    9.66   library setup time
                                  9.66   data required time
-----------------------------------------------------------------------------
                                  9.66   data required time
                                 -2.14   data arrival time
-----------------------------------------------------------------------------
                                  7.52   slack (MET)


Startpoint: sensors[1] (input port clocked by clk)
Endpoint: _23_ (rising edge-triggered flip-flop clocked by clk)
Path Group: clk
Path Type: max

Fanout     Cap    Slew   Delay    Time   Description
-----------------------------------------------------------------------------
                  0.15    0.00    0.00   clock clk (rise edge)
                          0.00    0.00   clock network delay (ideal)
                          2.00    2.00 v input external delay
     1    0.01    0.02    0.01    2.01 v sensors[1] (in)
                                         sensors[1] (net)
                  0.02    0.00    2.01 v _15_/B (sky130_fd_sc_hd__xor2_2)
     1    0.00    0.05    0.13    2.14 v _15_/X (sky130_fd_sc_hd__xor2_2)
                                         _07_ (net)
                  0.05    0.00    2.14 v _23_/D (sky130_fd_sc_hd__dfxtp_2)
                                  2.14   data arrival time

                  0.15   10.00   10.00   clock clk (rise edge)
                          0.00   10.00   clock network delay (ideal)
                         -0.25    9.75   clock uncertainty
                          0.00    9.75   clock reconvergence pessimism
                                  9.75 ^ _23_/CLK (sky130_fd_sc_hd__dfxtp_2)
                         -0.09    9.66   library setup time
                                  9.66   data required time
-----------------------------------------------------------------------------
                                  9.66   data required time
                                 -2.14   data arrival time
-----------------------------------------------------------------------------
                                  7.52   slack (MET)



worst slack corner Typical: 7.2429
