OpenROAD d423155d69de7f683a23f6916ead418a615ad4ad 
Features included (+) or not (-):  +Charts +GPU +GUI +Python
This program is licensed under the BSD-3 license. See the LICENSE file for details.
Components of this program may be licensed under more restrictive licenses which must be honored.
[INFO]: Reading ODB at '/openlane/designs/mem_decode/runs/decoder/tmp/floorplan/5-tapcell.odb'…
define_corners Typical
read_liberty -corner Typical /root/.volare/sky130A/libs.ref/sky130_fd_sc_hd/lib/sky130_fd_sc_hd__tt_025C_1v80.lib
Using 1e-12 for capacitance...
Using 1e+03 for resistance...
Using 1e-09 for time...
Using 1e+00 for voltage...
Using 1e-03 for current...
Using 1e-09 for power...
Using 1e-06 for distance...
Reading design constraints file at '/openlane/designs/mem_decode/src/mem_decode.sdc'…
[INFO PDN-0001] Inserting grid: stdcell_grid
[INFO PSM-0040] All shapes on net vccd1 are connected.
[INFO PSM-0040] All shapes on net vssd1 are connected.
Setting global connections for newly added cells…
Writing OpenROAD database to '/openlane/designs/mem_decode/runs/decoder/results/floorplan/mem_decode.odb'…
Writing layout to '/openlane/designs/mem_decode/runs/decoder/results/floorplan/mem_decode.def'…
