
38. Executing CHECK pass (checking for obvious problems).
Checking module core...
Checking module control_decoder...
Checking module mux2_4...
Checking module wrappermem...
Checking module alu...
Checking module adder...
Checking module controlunit...
Checking module immediategen...
Checking module mux3_8...
Checking module registerfile...
Checking module mux...
Checking module branch...
Checking module pc...
Checking module fetch...
Checking module fetch_pipe...
Checking module decode...
Checking module execute...
Checking module memory_stage...
Checking module write_back...
Checking module type_decoder...
Found and reported 0 problems.
