Thu May 30 17:35:12 +0000 2024 - Executing "{openroad -exit -no_init -python /openlane/scripts/odbpy/lefutil.py get_metal_layers -o /openlane/designs/processor/runs/results_processor/tmp/layers.list /root/.volare/sky130A/libs.ref/sky130_fd_sc_hd/techlef/sky130_fd_sc_hd__nom.tlef}"

Thu May 30 17:35:13 +0000 2024 - Executing "{/openlane/scripts/mergeLef.py -o /openlane/designs/processor/runs/results_processor/tmp/merged.nom.lef -i /root/.volare/sky130A/libs.ref/sky130_fd_sc_hd/techlef/sky130_fd_sc_hd__nom.tlef {/root/.volare/sky130A/libs.ref/sky130_fd_sc_hd/lef/sky130_ef_sc_hd.lef /root/.volare/sky130A/libs.ref/sky130_fd_sc_hd/lef/sky130_fd_sc_hd.lef} |& tee /dev/null}"

Thu May 30 17:35:13 +0000 2024 - Executing "{/openlane/scripts/mergeLef.py -o /openlane/designs/processor/runs/results_processor/tmp/merged.min.lef -i /root/.volare/sky130A/libs.ref/sky130_fd_sc_hd/techlef/sky130_fd_sc_hd__min.tlef {/root/.volare/sky130A/libs.ref/sky130_fd_sc_hd/lef/sky130_ef_sc_hd.lef /root/.volare/sky130A/libs.ref/sky130_fd_sc_hd/lef/sky130_fd_sc_hd.lef} |& tee /dev/null}"

Thu May 30 17:35:13 +0000 2024 - Executing "{/openlane/scripts/mergeLef.py -o /openlane/designs/processor/runs/results_processor/tmp/merged.max.lef -i /root/.volare/sky130A/libs.ref/sky130_fd_sc_hd/techlef/sky130_fd_sc_hd__max.tlef {/root/.volare/sky130A/libs.ref/sky130_fd_sc_hd/lef/sky130_ef_sc_hd.lef /root/.volare/sky130A/libs.ref/sky130_fd_sc_hd/lef/sky130_fd_sc_hd.lef} |& tee /dev/null}"

Thu May 30 17:35:13 +0000 2024 - Executing "{python3 /openlane/scripts/mergeLib.py --output /openlane/designs/processor/runs/results_processor/tmp/synthesis/merged.lib --name sky130A_merged /root/.volare/sky130A/libs.ref/sky130_fd_sc_hd/lib/sky130_fd_sc_hd__tt_025C_1v80.lib}"

Thu May 30 17:35:14 +0000 2024 - Executing "{python3 /openlane/scripts/libtrim.py --cell-file /openlane/designs/processor/runs/results_processor/tmp/synthesis/trimmed.lib.exclude.list --output /openlane/designs/processor/runs/results_processor/tmp/synthesis/trimmed.lib /openlane/designs/processor/runs/results_processor/tmp/synthesis/merged.lib}"

Thu May 30 17:35:14 +0000 2024 - Executing "{python3 /openlane/scripts/libtrim.py --cell-file /openlane/designs/processor/runs/results_processor/tmp/cts/cts.lib.exclude.list --output /openlane/designs/processor/runs/results_processor/tmp/cts/cts.lib /root/.volare/sky130A/libs.ref/sky130_fd_sc_hd/lib/sky130_fd_sc_hd__tt_025C_1v80.lib}"

Thu May 30 17:35:14 +0000 2024 - Executing "{python3 /openlane/scripts/libtrim.py --cell-file /openlane/designs/processor/runs/results_processor/tmp/cts/cts-fastest.lib.exclude.list --output /openlane/designs/processor/runs/results_processor/tmp/cts/cts-fastest.lib /root/.volare/sky130A/libs.ref/sky130_fd_sc_hd/lib/sky130_fd_sc_hd__ff_n40C_1v95.lib}"

Thu May 30 17:35:15 +0000 2024 - Executing "{python3 /openlane/scripts/libtrim.py --cell-file /openlane/designs/processor/runs/results_processor/tmp/cts/cts-slowest.lib.exclude.list --output /openlane/designs/processor/runs/results_processor/tmp/cts/cts-slowest.lib /root/.volare/sky130A/libs.ref/sky130_fd_sc_hd/lib/sky130_fd_sc_hd__ss_100C_1v60.lib}"

Thu May 30 17:35:16 +0000 2024 - Executing "{python3 /openlane/scripts/new_tracks.py -i /root/.volare/sky130A/libs.tech/openlane/sky130_fd_sc_hd/tracks.info -o /openlane/designs/processor/runs/results_processor/tmp/routing/config.tracks}"

Thu May 30 17:35:16 +0000 2024 - Executing "{echo {OpenLane 77eb5ffc00966b47b36e332ccbf42103eb95e974} > /openlane/designs/processor/runs/results_processor/OPENLANE_VERSION}"

Thu May 30 17:35:30 +0000 2024 - Executing "{sed -E {s/^([[:space:]]+)pg_pin(.*)/\1pin\2\n\1    direction : "inout";/g} /root/.volare/sky130A/libs.ref/sky130_fd_sc_hd/lib/sky130_fd_sc_hd__tt_025C_1v80.lib > /openlane/designs/processor/runs/results_processor/tmp/synthesis/1-sky130_fd_sc_hd__tt_025C_1v80.no_pg.lib}"

Thu May 30 17:35:30 +0000 2024 - Executing "{sed -E {s/^([[:space:]]+)pg_pin(.*)/\1pin\2\n\1    direction : "inout";/g} /openlane/designs/processor/runs/results_processor/tmp/synthesis/trimmed.lib > /openlane/designs/processor/runs/results_processor/tmp/synthesis/1-trimmed.no_pg.lib}"

Thu May 30 17:35:30 +0000 2024 - Executing "yosys -c /openlane/scripts/yosys/synth.tcl |& tee /dev/null /openlane/designs/processor/runs/results_processor/logs/synthesis/1-synthesis.log"

Thu May 30 17:35:30 +0000 2024 - Executing "{yosys -c /openlane/scripts/yosys/synth.tcl |& tee /dev/null /openlane/designs/processor/runs/results_processor/logs/synthesis/1-synthesis.log}"

Thu May 30 17:36:06 +0000 2024 - Executing "{sed -i.bak -e {s/\(set ::env(CURRENT_NETLIST)\).*/\1 \/openlane\/designs\/processor\/runs\/results_processor\/results\/synthesis\/core.v/} /openlane/designs/processor/runs/results_processor/config.tcl}"

Thu May 30 17:36:06 +0000 2024 - Executing "{sed -i.bak /defparam/d /openlane/designs/processor/runs/results_processor/results/synthesis/core.v}"

Thu May 30 17:36:06 +0000 2024 - Executing "sta -exit -no_init /openlane/scripts/openroad/sta/multi_corner.tcl |& tee /dev/null /openlane/designs/processor/runs/results_processor/logs/synthesis/2-sta.log"

Thu May 30 17:36:06 +0000 2024 - Executing "{sta -exit -no_init /openlane/scripts/openroad/sta/multi_corner.tcl |& tee /dev/null /openlane/designs/processor/runs/results_processor/logs/synthesis/2-sta.log}"

Thu May 30 17:38:07 +0000 2024 - Executing "openroad -exit /openlane/scripts/openroad/floorplan.tcl |& tee /dev/null /openlane/designs/processor/runs/results_processor/logs/floorplan/3-initial_fp.log"

Thu May 30 17:38:07 +0000 2024 - Executing "{openroad -exit /openlane/scripts/openroad/floorplan.tcl |& tee /dev/null /openlane/designs/processor/runs/results_processor/logs/floorplan/3-initial_fp.log}"

Thu May 30 17:38:08 +0000 2024 - Executing "{openroad -exit -no_init -python /openlane/scripts/odbpy/defutil.py extract_core_dims --output-data /openlane/designs/processor/runs/results_processor/tmp/dimensions.txt --input-lef /openlane/designs/processor/runs/results_processor/tmp/merged.nom.lef /openlane/designs/processor/runs/results_processor/tmp/floorplan/3-initial_fp.def}"

Thu May 30 17:38:09 +0000 2024 - Executing "openroad -exit /openlane/scripts/openroad/ioplacer.tcl |& tee /dev/null /openlane/designs/processor/runs/results_processor/logs/floorplan/4-io.log"

Thu May 30 17:38:09 +0000 2024 - Executing "{openroad -exit /openlane/scripts/openroad/ioplacer.tcl |& tee /dev/null /openlane/designs/processor/runs/results_processor/logs/floorplan/4-io.log}"

Thu May 30 17:38:10 +0000 2024 - Executing "openroad -exit /openlane/scripts/openroad/tapcell.tcl |& tee /dev/null /openlane/designs/processor/runs/results_processor/logs/floorplan/5-tap.log"

Thu May 30 17:38:10 +0000 2024 - Executing "{openroad -exit /openlane/scripts/openroad/tapcell.tcl |& tee /dev/null /openlane/designs/processor/runs/results_processor/logs/floorplan/5-tap.log}"

Thu May 30 17:38:11 +0000 2024 - Executing "openroad -exit /openlane/scripts/openroad/pdn.tcl |& tee /dev/null /openlane/designs/processor/runs/results_processor/logs/floorplan/6-pdn.log"

Thu May 30 17:38:11 +0000 2024 - Executing "{openroad -exit /openlane/scripts/openroad/pdn.tcl |& tee /dev/null /openlane/designs/processor/runs/results_processor/logs/floorplan/6-pdn.log}"

Thu May 30 17:40:13 +0000 2024 - Executing "openroad -exit /openlane/scripts/openroad/gpl.tcl |& tee /dev/null /openlane/designs/processor/runs/results_processor/logs/placement/6-global_skip_io.log"

Thu May 30 17:40:13 +0000 2024 - Executing "{openroad -exit /openlane/scripts/openroad/gpl.tcl |& tee /dev/null /openlane/designs/processor/runs/results_processor/logs/placement/6-global_skip_io.log}"

Thu May 30 17:40:16 +0000 2024 - Executing "{sed -i.bak -e {s/\(set ::env(CURRENT_NETLIST)\).*/\1 \/openlane\/designs\/processor\/runs\/results_processor\/tmp\/placement\/7-global_skip_io.nl.v/} /openlane/designs/processor/runs/results_processor/config.tcl}"

Thu May 30 17:40:16 +0000 2024 - Executing "openroad -exit /openlane/scripts/openroad/sta/multi_corner.tcl |& tee /dev/null /openlane/designs/processor/runs/results_processor/logs/placement/8-gpl_sta.log"

Thu May 30 17:40:16 +0000 2024 - Executing "{openroad -exit /openlane/scripts/openroad/sta/multi_corner.tcl |& tee /dev/null /openlane/designs/processor/runs/results_processor/logs/placement/8-gpl_sta.log}"

Thu May 30 17:40:26 +0000 2024 - Executing "openroad -exit /openlane/scripts/openroad/ioplacer.tcl |& tee /dev/null /openlane/designs/processor/runs/results_processor/logs/placement/9-io.log"

Thu May 30 17:40:26 +0000 2024 - Executing "{openroad -exit /openlane/scripts/openroad/ioplacer.tcl |& tee /dev/null /openlane/designs/processor/runs/results_processor/logs/placement/9-io.log}"

Thu May 30 17:40:27 +0000 2024 - Executing "openroad -exit /openlane/scripts/openroad/gpl.tcl |& tee /dev/null /openlane/designs/processor/runs/results_processor/logs/placement/9-global.log"

Thu May 30 17:40:27 +0000 2024 - Executing "{openroad -exit /openlane/scripts/openroad/gpl.tcl |& tee /dev/null /openlane/designs/processor/runs/results_processor/logs/placement/9-global.log}"

Thu May 30 17:40:30 +0000 2024 - Executing "{sed -i.bak -e {s/\(set ::env(CURRENT_NETLIST)\).*/\1 \/openlane\/designs\/processor\/runs\/results_processor\/tmp\/placement\/10-global.nl.v/} /openlane/designs/processor/runs/results_processor/config.tcl}"

Thu May 30 17:40:30 +0000 2024 - Executing "openroad -exit /openlane/scripts/openroad/sta/multi_corner.tcl |& tee /dev/null /openlane/designs/processor/runs/results_processor/logs/placement/11-gpl_sta.log"

Thu May 30 17:40:30 +0000 2024 - Executing "{openroad -exit /openlane/scripts/openroad/sta/multi_corner.tcl |& tee /dev/null /openlane/designs/processor/runs/results_processor/logs/placement/11-gpl_sta.log}"

Thu May 30 17:40:38 +0000 2024 - Executing "openroad -exit /openlane/scripts/openroad/resizer.tcl |& tee /dev/null /openlane/designs/processor/runs/results_processor/logs/placement/12-resizer.log"

Thu May 30 17:40:38 +0000 2024 - Executing "{openroad -exit /openlane/scripts/openroad/resizer.tcl |& tee /dev/null /openlane/designs/processor/runs/results_processor/logs/placement/12-resizer.log}"

Thu May 30 17:40:46 +0000 2024 - Executing "{sed -i.bak -e {s/\(set ::env(CURRENT_NETLIST)\).*/\1 \/openlane\/designs\/processor\/runs\/results_processor\/tmp\/placement\/12-resizer.nl.v/} /openlane/designs/processor/runs/results_processor/config.tcl}"

Thu May 30 17:40:46 +0000 2024 - Executing "openroad -exit /openlane/scripts/openroad/dpl.tcl |& tee /dev/null /openlane/designs/processor/runs/results_processor/logs/placement/13-detailed.log"

Thu May 30 17:40:46 +0000 2024 - Executing "{openroad -exit /openlane/scripts/openroad/dpl.tcl |& tee /dev/null /openlane/designs/processor/runs/results_processor/logs/placement/13-detailed.log}"

Thu May 30 17:40:47 +0000 2024 - Executing "{sed -i.bak -e {s/\(set ::env(CURRENT_NETLIST)\).*/\1 \/openlane\/designs\/processor\/runs\/results_processor\/results\/placement\/core.nl.v/} /openlane/designs/processor/runs/results_processor/config.tcl}"

Thu May 30 17:40:47 +0000 2024 - Executing "openroad -exit /openlane/scripts/openroad/sta/multi_corner.tcl |& tee /dev/null /openlane/designs/processor/runs/results_processor/logs/placement/14-dpl_sta.log"

Thu May 30 17:40:47 +0000 2024 - Executing "{openroad -exit /openlane/scripts/openroad/sta/multi_corner.tcl |& tee /dev/null /openlane/designs/processor/runs/results_processor/logs/placement/14-dpl_sta.log}"

Thu May 30 17:44:18 +0000 2024 - Executing "openroad -exit /openlane/scripts/openroad/resizer_routing_design.tcl |& tee /dev/null /openlane/designs/processor/runs/results_processor/logs/routing/15-resizer_design.log"

Thu May 30 17:44:18 +0000 2024 - Executing "{openroad -exit /openlane/scripts/openroad/resizer_routing_design.tcl |& tee /dev/null /openlane/designs/processor/runs/results_processor/logs/routing/15-resizer_design.log}"

Thu May 30 17:44:35 +0000 2024 - Executing "{sed -i.bak -e {s/\(set ::env(CURRENT_NETLIST)\).*/\1 \/openlane\/designs\/processor\/runs\/results_processor\/tmp\/15-core.nl.v/} /openlane/designs/processor/runs/results_processor/config.tcl}"

Thu May 30 17:44:35 +0000 2024 - Executing "openroad -exit /openlane/scripts/openroad/sta/multi_corner.tcl |& tee /dev/null /openlane/designs/processor/runs/results_processor/logs/routing/16-rsz_design_sta.log"

Thu May 30 17:44:35 +0000 2024 - Executing "{openroad -exit /openlane/scripts/openroad/sta/multi_corner.tcl |& tee /dev/null /openlane/designs/processor/runs/results_processor/logs/routing/16-rsz_design_sta.log}"

Thu May 30 17:44:48 +0000 2024 - Executing "openroad -exit /openlane/scripts/openroad/resizer_routing_timing.tcl |& tee /dev/null /openlane/designs/processor/runs/results_processor/logs/routing/17-resizer_timing.log"

Thu May 30 17:44:48 +0000 2024 - Executing "{openroad -exit /openlane/scripts/openroad/resizer_routing_timing.tcl |& tee /dev/null /openlane/designs/processor/runs/results_processor/logs/routing/17-resizer_timing.log}"

Thu May 30 17:45:59 +0000 2024 - Executing "{sed -i.bak -e {s/\(set ::env(CURRENT_NETLIST)\).*/\1 \/openlane\/designs\/processor\/runs\/results_processor\/tmp\/17-core.nl.v/} /openlane/designs/processor/runs/results_processor/config.tcl}"

Thu May 30 17:45:59 +0000 2024 - Executing "openroad -exit /openlane/scripts/openroad/sta/multi_corner.tcl |& tee /dev/null /openlane/designs/processor/runs/results_processor/logs/routing/18-rsz_timing_sta.log"

Thu May 30 17:45:59 +0000 2024 - Executing "{openroad -exit /openlane/scripts/openroad/sta/multi_corner.tcl |& tee /dev/null /openlane/designs/processor/runs/results_processor/logs/routing/18-rsz_timing_sta.log}"

Thu May 30 17:46:08 +0000 2024 - Executing "openroad -exit /openlane/scripts/openroad/repair_antennas.tcl |& tee /dev/null /openlane/designs/processor/runs/results_processor/logs/routing/19-global.log"

Thu May 30 17:46:08 +0000 2024 - Executing "{openroad -exit /openlane/scripts/openroad/repair_antennas.tcl |& tee /dev/null /openlane/designs/processor/runs/results_processor/logs/routing/19-global.log}"

Thu May 30 17:46:19 +0000 2024 - Executing "openroad -exit /openlane/scripts/openroad/write_views.tcl |& tee /dev/null /openlane/designs/processor/runs/results_processor/logs/routing/19-global_write_netlist.log"

Thu May 30 17:46:19 +0000 2024 - Executing "{openroad -exit /openlane/scripts/openroad/write_views.tcl |& tee /dev/null /openlane/designs/processor/runs/results_processor/logs/routing/19-global_write_netlist.log}"

Thu May 30 17:46:20 +0000 2024 - Executing "{sed -i.bak -e {s/\(set ::env(CURRENT_NETLIST)\).*/\1 \/openlane\/designs\/processor\/runs\/results_processor\/tmp\/routing\/global.nl.v/} /openlane/designs/processor/runs/results_processor/config.tcl}"

Thu May 30 17:46:20 +0000 2024 - Executing "openroad -exit /openlane/scripts/openroad/sta/multi_corner.tcl |& tee /dev/null /openlane/designs/processor/runs/results_processor/logs/routing/21-grt_sta.log"

Thu May 30 17:46:20 +0000 2024 - Executing "{openroad -exit /openlane/scripts/openroad/sta/multi_corner.tcl |& tee /dev/null /openlane/designs/processor/runs/results_processor/logs/routing/21-grt_sta.log}"

Thu May 30 17:46:26 +0000 2024 - Executing "openroad -exit /openlane/scripts/openroad/fill.tcl |& tee /dev/null /openlane/designs/processor/runs/results_processor/logs/routing/22-fill.log"

Thu May 30 17:46:26 +0000 2024 - Executing "{openroad -exit /openlane/scripts/openroad/fill.tcl |& tee /dev/null /openlane/designs/processor/runs/results_processor/logs/routing/22-fill.log}"

Thu May 30 17:46:27 +0000 2024 - Executing "{sed -i.bak -e {s/\(set ::env(CURRENT_NETLIST)\).*/\1 \/openlane\/designs\/processor\/runs\/results_processor\/tmp\/routing\/22-fill.nl.v/} /openlane/designs/processor/runs/results_processor/config.tcl}"

Thu May 30 17:46:28 +0000 2024 - Executing "openroad -exit -metrics /openlane/designs/processor/runs/results_processor/reports/routing/23-drt_metrics.json /openlane/scripts/openroad/droute.tcl |& tee /dev/null /openlane/designs/processor/runs/results_processor/logs/routing/23-detailed.log"

Thu May 30 17:46:28 +0000 2024 - Executing "{openroad -exit -metrics /openlane/designs/processor/runs/results_processor/reports/routing/23-drt_metrics.json /openlane/scripts/openroad/droute.tcl |& tee /dev/null /openlane/designs/processor/runs/results_processor/logs/routing/23-detailed.log}"

Thu May 30 18:10:59 +0000 2024 - Executing "{sed -i.bak -e {s/\(set ::env(CURRENT_NETLIST)\).*/\1 \/openlane\/designs\/processor\/runs\/results_processor\/results\/routing\/core.nl.v/} /openlane/designs/processor/runs/results_processor/config.tcl}"

Thu May 30 18:10:59 +0000 2024 - Executing "{python3 /openlane/scripts/drc_rosetta.py tr to_klayout -o /openlane/designs/processor/runs/results_processor/reports/routing/drt.klayout.xml --design-name core /openlane/designs/processor/runs/results_processor/reports/routing/drt.drc}"

Thu May 30 18:11:00 +0000 2024 - Executing "{openroad -exit -no_init -python /openlane/scripts/odbpy/wire_lengths.py --report-out /openlane/designs/processor/runs/results_processor/reports/routing/24-wire_lengths.csv --input-lef /openlane/designs/processor/runs/results_processor/tmp/merged.nom.lef --output-def /dev/null --output /openlane/designs/processor/runs/results_processor/results/routing/core.odb /openlane/designs/processor/runs/results_processor/results/routing/core.odb |& tee /dev/null /openlane/designs/processor/runs/results_processor/logs/routing/24-wire_lengths.log}"

Thu May 30 18:13:17 +0000 2024 - Executing "magic -noconsole -dnull -rcfile /root/.volare/sky130A/libs.tech/magic/sky130A.magicrc < /openlane/scripts/magic/wrapper.tcl |& tee /dev/null /openlane/designs/processor/runs/results_processor/logs/signoff/25-gdsii.log"

Thu May 30 18:13:17 +0000 2024 - Executing "{magic -noconsole -dnull -rcfile /root/.volare/sky130A/libs.tech/magic/sky130A.magicrc < /openlane/scripts/magic/wrapper.tcl |& tee /dev/null /openlane/designs/processor/runs/results_processor/logs/signoff/25-gdsii.log}"

Thu May 30 18:13:37 +0000 2024 - Executing "magic -noconsole -dnull -rcfile /root/.volare/sky130A/libs.tech/magic/sky130A.magicrc < /openlane/scripts/magic/wrapper.tcl |& tee /dev/null /openlane/designs/processor/runs/results_processor/logs/signoff/25-gds_ptrs.log"

Thu May 30 18:13:37 +0000 2024 - Executing "{magic -noconsole -dnull -rcfile /root/.volare/sky130A/libs.tech/magic/sky130A.magicrc < /openlane/scripts/magic/wrapper.tcl |& tee /dev/null /openlane/designs/processor/runs/results_processor/logs/signoff/25-gds_ptrs.log}"

Thu May 30 18:13:51 +0000 2024 - Executing "{sed -i.bak -n {/^<< properties >>/,/^<< end >>/p} /openlane/designs/processor/runs/results_processor/tmp/signoff/gds_ptrs.mag}"

Thu May 30 18:13:52 +0000 2024 - Executing "magic -noconsole -dnull -rcfile /root/.volare/sky130A/libs.tech/magic/sky130A.magicrc < /openlane/scripts/magic/wrapper.tcl |& tee /dev/null /openlane/designs/processor/runs/results_processor/logs/signoff/25-lef.log"

Thu May 30 18:13:52 +0000 2024 - Executing "{magic -noconsole -dnull -rcfile /root/.volare/sky130A/libs.tech/magic/sky130A.magicrc < /openlane/scripts/magic/wrapper.tcl |& tee /dev/null /openlane/designs/processor/runs/results_processor/logs/signoff/25-lef.log}"

Thu May 30 18:14:15 +0000 2024 - Executing "magic -noconsole -dnull -rcfile /root/.volare/sky130A/libs.tech/magic/sky130A.magicrc < /openlane/scripts/magic/wrapper.tcl |& tee /dev/null /openlane/designs/processor/runs/results_processor/logs/signoff/25-maglef.log"

Thu May 30 18:14:15 +0000 2024 - Executing "{magic -noconsole -dnull -rcfile /root/.volare/sky130A/libs.tech/magic/sky130A.magicrc < /openlane/scripts/magic/wrapper.tcl |& tee /dev/null /openlane/designs/processor/runs/results_processor/logs/signoff/25-maglef.log}"

