Fri May 31 10:51:36 +0000 2024 - Executing "{openroad -exit -no_init -python /openlane/scripts/odbpy/lefutil.py get_metal_layers -o /openlane/designs/ram/runs/uroosalab/tmp/layers.list /root/.volare/sky130A/libs.ref/sky130_fd_sc_hd/techlef/sky130_fd_sc_hd__nom.tlef}"

Fri May 31 10:51:37 +0000 2024 - Executing "{/openlane/scripts/mergeLef.py -o /openlane/designs/ram/runs/uroosalab/tmp/merged.nom.lef -i /root/.volare/sky130A/libs.ref/sky130_fd_sc_hd/techlef/sky130_fd_sc_hd__nom.tlef {/root/.volare/sky130A/libs.ref/sky130_fd_sc_hd/lef/sky130_ef_sc_hd.lef /root/.volare/sky130A/libs.ref/sky130_fd_sc_hd/lef/sky130_fd_sc_hd.lef} |& tee /dev/null}"

Fri May 31 10:51:37 +0000 2024 - Executing "{/openlane/scripts/mergeLef.py -o /openlane/designs/ram/runs/uroosalab/tmp/merged.min.lef -i /root/.volare/sky130A/libs.ref/sky130_fd_sc_hd/techlef/sky130_fd_sc_hd__min.tlef {/root/.volare/sky130A/libs.ref/sky130_fd_sc_hd/lef/sky130_ef_sc_hd.lef /root/.volare/sky130A/libs.ref/sky130_fd_sc_hd/lef/sky130_fd_sc_hd.lef} |& tee /dev/null}"

Fri May 31 10:51:38 +0000 2024 - Executing "{/openlane/scripts/mergeLef.py -o /openlane/designs/ram/runs/uroosalab/tmp/merged.max.lef -i /root/.volare/sky130A/libs.ref/sky130_fd_sc_hd/techlef/sky130_fd_sc_hd__max.tlef {/root/.volare/sky130A/libs.ref/sky130_fd_sc_hd/lef/sky130_ef_sc_hd.lef /root/.volare/sky130A/libs.ref/sky130_fd_sc_hd/lef/sky130_fd_sc_hd.lef} |& tee /dev/null}"

Fri May 31 10:51:38 +0000 2024 - Executing "{python3 /openlane/scripts/mergeLib.py --output /openlane/designs/ram/runs/uroosalab/tmp/synthesis/merged.lib --name sky130A_merged /root/.volare/sky130A/libs.ref/sky130_fd_sc_hd/lib/sky130_fd_sc_hd__tt_025C_1v80.lib}"

Fri May 31 10:51:38 +0000 2024 - Executing "{python3 /openlane/scripts/libtrim.py --cell-file /openlane/designs/ram/runs/uroosalab/tmp/synthesis/trimmed.lib.exclude.list --output /openlane/designs/ram/runs/uroosalab/tmp/synthesis/trimmed.lib /openlane/designs/ram/runs/uroosalab/tmp/synthesis/merged.lib}"

Fri May 31 10:51:38 +0000 2024 - Executing "{python3 /openlane/scripts/libtrim.py --cell-file /openlane/designs/ram/runs/uroosalab/tmp/cts/cts.lib.exclude.list --output /openlane/designs/ram/runs/uroosalab/tmp/cts/cts.lib /root/.volare/sky130A/libs.ref/sky130_fd_sc_hd/lib/sky130_fd_sc_hd__tt_025C_1v80.lib}"

Fri May 31 10:51:39 +0000 2024 - Executing "{python3 /openlane/scripts/libtrim.py --cell-file /openlane/designs/ram/runs/uroosalab/tmp/cts/cts-fastest.lib.exclude.list --output /openlane/designs/ram/runs/uroosalab/tmp/cts/cts-fastest.lib /root/.volare/sky130A/libs.ref/sky130_fd_sc_hd/lib/sky130_fd_sc_hd__ff_n40C_1v95.lib}"

Fri May 31 10:51:40 +0000 2024 - Executing "{python3 /openlane/scripts/libtrim.py --cell-file /openlane/designs/ram/runs/uroosalab/tmp/cts/cts-slowest.lib.exclude.list --output /openlane/designs/ram/runs/uroosalab/tmp/cts/cts-slowest.lib /root/.volare/sky130A/libs.ref/sky130_fd_sc_hd/lib/sky130_fd_sc_hd__ss_100C_1v60.lib}"

Fri May 31 10:51:40 +0000 2024 - Executing "{python3 /openlane/scripts/new_tracks.py -i /root/.volare/sky130A/libs.tech/openlane/sky130_fd_sc_hd/tracks.info -o /openlane/designs/ram/runs/uroosalab/tmp/routing/config.tracks}"

Fri May 31 10:51:40 +0000 2024 - Executing "{echo {OpenLane 77eb5ffc00966b47b36e332ccbf42103eb95e974} > /openlane/designs/ram/runs/uroosalab/OPENLANE_VERSION}"

Fri May 31 10:54:28 +0000 2024 - Executing "{sed -E {s/^([[:space:]]+)pg_pin(.*)/\1pin\2\n\1    direction : "inout";/g} /root/.volare/sky130A/libs.ref/sky130_fd_sc_hd/lib/sky130_fd_sc_hd__tt_025C_1v80.lib > /openlane/designs/ram/runs/uroosalab/tmp/synthesis/1-sky130_fd_sc_hd__tt_025C_1v80.no_pg.lib}"

Fri May 31 10:54:28 +0000 2024 - Executing "{sed -E {s/^([[:space:]]+)pg_pin(.*)/\1pin\2\n\1    direction : "inout";/g} /openlane/designs/ram/runs/uroosalab/tmp/synthesis/trimmed.lib > /openlane/designs/ram/runs/uroosalab/tmp/synthesis/1-trimmed.no_pg.lib}"

Fri May 31 10:54:28 +0000 2024 - Executing "yosys -c /openlane/scripts/yosys/synth.tcl |& tee /dev/null /openlane/designs/ram/runs/uroosalab/logs/synthesis/1-synthesis.log"

Fri May 31 10:54:28 +0000 2024 - Executing "{yosys -c /openlane/scripts/yosys/synth.tcl |& tee /dev/null /openlane/designs/ram/runs/uroosalab/logs/synthesis/1-synthesis.log}"

Fri May 31 10:54:33 +0000 2024 - Executing "{sed -i.bak -e {s/\(set ::env(CURRENT_NETLIST)\).*/\1 \/openlane\/designs\/ram\/runs\/uroosalab\/results\/synthesis\/dff_ram_8x72.v/} /openlane/designs/ram/runs/uroosalab/config.tcl}"

Fri May 31 10:54:33 +0000 2024 - Executing "{sed -i.bak /defparam/d /openlane/designs/ram/runs/uroosalab/results/synthesis/dff_ram_8x72.v}"

Fri May 31 10:54:34 +0000 2024 - Executing "sta -exit -no_init /openlane/scripts/openroad/sta/multi_corner.tcl |& tee /dev/null /openlane/designs/ram/runs/uroosalab/logs/synthesis/2-sta.log"

Fri May 31 10:54:34 +0000 2024 - Executing "{sta -exit -no_init /openlane/scripts/openroad/sta/multi_corner.tcl |& tee /dev/null /openlane/designs/ram/runs/uroosalab/logs/synthesis/2-sta.log}"

Fri May 31 10:54:49 +0000 2024 - Executing "openroad -exit /openlane/scripts/openroad/floorplan.tcl |& tee /dev/null /openlane/designs/ram/runs/uroosalab/logs/floorplan/3-initial_fp.log"

Fri May 31 10:54:49 +0000 2024 - Executing "{openroad -exit /openlane/scripts/openroad/floorplan.tcl |& tee /dev/null /openlane/designs/ram/runs/uroosalab/logs/floorplan/3-initial_fp.log}"

Fri May 31 10:54:50 +0000 2024 - Executing "{openroad -exit -no_init -python /openlane/scripts/odbpy/defutil.py extract_core_dims --output-data /openlane/designs/ram/runs/uroosalab/tmp/dimensions.txt --input-lef /openlane/designs/ram/runs/uroosalab/tmp/merged.nom.lef /openlane/designs/ram/runs/uroosalab/tmp/floorplan/3-initial_fp.def}"

Fri May 31 10:54:51 +0000 2024 - Executing "openroad -exit /openlane/scripts/openroad/ioplacer.tcl |& tee /dev/null /openlane/designs/ram/runs/uroosalab/logs/floorplan/4-io.log"

Fri May 31 10:54:51 +0000 2024 - Executing "{openroad -exit /openlane/scripts/openroad/ioplacer.tcl |& tee /dev/null /openlane/designs/ram/runs/uroosalab/logs/floorplan/4-io.log}"

Fri May 31 10:54:52 +0000 2024 - Executing "openroad -exit /openlane/scripts/openroad/tapcell.tcl |& tee /dev/null /openlane/designs/ram/runs/uroosalab/logs/floorplan/5-tap.log"

Fri May 31 10:54:52 +0000 2024 - Executing "{openroad -exit /openlane/scripts/openroad/tapcell.tcl |& tee /dev/null /openlane/designs/ram/runs/uroosalab/logs/floorplan/5-tap.log}"

Fri May 31 10:54:53 +0000 2024 - Executing "openroad -exit /openlane/scripts/openroad/pdn.tcl |& tee /dev/null /openlane/designs/ram/runs/uroosalab/logs/floorplan/6-pdn.log"

Fri May 31 10:54:53 +0000 2024 - Executing "{openroad -exit /openlane/scripts/openroad/pdn.tcl |& tee /dev/null /openlane/designs/ram/runs/uroosalab/logs/floorplan/6-pdn.log}"

Fri May 31 10:54:58 +0000 2024 - Executing "openroad -exit /openlane/scripts/openroad/gpl.tcl |& tee /dev/null /openlane/designs/ram/runs/uroosalab/logs/placement/6-global_skip_io.log"

Fri May 31 10:54:58 +0000 2024 - Executing "{openroad -exit /openlane/scripts/openroad/gpl.tcl |& tee /dev/null /openlane/designs/ram/runs/uroosalab/logs/placement/6-global_skip_io.log}"

Fri May 31 10:55:00 +0000 2024 - Executing "{sed -i.bak -e {s/\(set ::env(CURRENT_NETLIST)\).*/\1 \/openlane\/designs\/ram\/runs\/uroosalab\/tmp\/placement\/7-global_skip_io.nl.v/} /openlane/designs/ram/runs/uroosalab/config.tcl}"

Fri May 31 10:55:00 +0000 2024 - Executing "openroad -exit /openlane/scripts/openroad/sta/multi_corner.tcl |& tee /dev/null /openlane/designs/ram/runs/uroosalab/logs/placement/8-gpl_sta.log"

Fri May 31 10:55:00 +0000 2024 - Executing "{openroad -exit /openlane/scripts/openroad/sta/multi_corner.tcl |& tee /dev/null /openlane/designs/ram/runs/uroosalab/logs/placement/8-gpl_sta.log}"

Fri May 31 10:55:02 +0000 2024 - Executing "openroad -exit /openlane/scripts/openroad/ioplacer.tcl |& tee /dev/null /openlane/designs/ram/runs/uroosalab/logs/placement/9-io.log"

Fri May 31 10:55:02 +0000 2024 - Executing "{openroad -exit /openlane/scripts/openroad/ioplacer.tcl |& tee /dev/null /openlane/designs/ram/runs/uroosalab/logs/placement/9-io.log}"

Fri May 31 10:55:03 +0000 2024 - Executing "openroad -exit /openlane/scripts/openroad/gpl.tcl |& tee /dev/null /openlane/designs/ram/runs/uroosalab/logs/placement/9-global.log"

Fri May 31 10:55:03 +0000 2024 - Executing "{openroad -exit /openlane/scripts/openroad/gpl.tcl |& tee /dev/null /openlane/designs/ram/runs/uroosalab/logs/placement/9-global.log}"

Fri May 31 10:55:04 +0000 2024 - Executing "{sed -i.bak -e {s/\(set ::env(CURRENT_NETLIST)\).*/\1 \/openlane\/designs\/ram\/runs\/uroosalab\/tmp\/placement\/10-global.nl.v/} /openlane/designs/ram/runs/uroosalab/config.tcl}"

Fri May 31 10:55:04 +0000 2024 - Executing "openroad -exit /openlane/scripts/openroad/sta/multi_corner.tcl |& tee /dev/null /openlane/designs/ram/runs/uroosalab/logs/placement/11-gpl_sta.log"

Fri May 31 10:55:04 +0000 2024 - Executing "{openroad -exit /openlane/scripts/openroad/sta/multi_corner.tcl |& tee /dev/null /openlane/designs/ram/runs/uroosalab/logs/placement/11-gpl_sta.log}"

Fri May 31 10:55:06 +0000 2024 - Executing "openroad -exit /openlane/scripts/openroad/resizer.tcl |& tee /dev/null /openlane/designs/ram/runs/uroosalab/logs/placement/12-resizer.log"

Fri May 31 10:55:06 +0000 2024 - Executing "{openroad -exit /openlane/scripts/openroad/resizer.tcl |& tee /dev/null /openlane/designs/ram/runs/uroosalab/logs/placement/12-resizer.log}"

Fri May 31 10:55:11 +0000 2024 - Executing "{sed -i.bak -e {s/\(set ::env(CURRENT_NETLIST)\).*/\1 \/openlane\/designs\/ram\/runs\/uroosalab\/tmp\/placement\/12-resizer.nl.v/} /openlane/designs/ram/runs/uroosalab/config.tcl}"

Fri May 31 10:55:11 +0000 2024 - Executing "openroad -exit /openlane/scripts/openroad/dpl.tcl |& tee /dev/null /openlane/designs/ram/runs/uroosalab/logs/placement/13-detailed.log"

Fri May 31 10:55:11 +0000 2024 - Executing "{openroad -exit /openlane/scripts/openroad/dpl.tcl |& tee /dev/null /openlane/designs/ram/runs/uroosalab/logs/placement/13-detailed.log}"

Fri May 31 10:55:12 +0000 2024 - Executing "{sed -i.bak -e {s/\(set ::env(CURRENT_NETLIST)\).*/\1 \/openlane\/designs\/ram\/runs\/uroosalab\/results\/placement\/dff_ram_8x72.nl.v/} /openlane/designs/ram/runs/uroosalab/config.tcl}"

Fri May 31 10:55:12 +0000 2024 - Executing "openroad -exit /openlane/scripts/openroad/sta/multi_corner.tcl |& tee /dev/null /openlane/designs/ram/runs/uroosalab/logs/placement/14-dpl_sta.log"

Fri May 31 10:55:12 +0000 2024 - Executing "{openroad -exit /openlane/scripts/openroad/sta/multi_corner.tcl |& tee /dev/null /openlane/designs/ram/runs/uroosalab/logs/placement/14-dpl_sta.log}"

Fri May 31 10:55:23 +0000 2024 - Executing "openroad -exit /openlane/scripts/openroad/resizer_routing_design.tcl |& tee /dev/null /openlane/designs/ram/runs/uroosalab/logs/routing/15-resizer_design.log"

Fri May 31 10:55:23 +0000 2024 - Executing "{openroad -exit /openlane/scripts/openroad/resizer_routing_design.tcl |& tee /dev/null /openlane/designs/ram/runs/uroosalab/logs/routing/15-resizer_design.log}"

Fri May 31 10:55:27 +0000 2024 - Executing "{sed -i.bak -e {s/\(set ::env(CURRENT_NETLIST)\).*/\1 \/openlane\/designs\/ram\/runs\/uroosalab\/tmp\/15-dff_ram_8x72.nl.v/} /openlane/designs/ram/runs/uroosalab/config.tcl}"

Fri May 31 10:55:27 +0000 2024 - Executing "openroad -exit /openlane/scripts/openroad/sta/multi_corner.tcl |& tee /dev/null /openlane/designs/ram/runs/uroosalab/logs/routing/16-rsz_design_sta.log"

Fri May 31 10:55:27 +0000 2024 - Executing "{openroad -exit /openlane/scripts/openroad/sta/multi_corner.tcl |& tee /dev/null /openlane/designs/ram/runs/uroosalab/logs/routing/16-rsz_design_sta.log}"

Fri May 31 10:55:30 +0000 2024 - Executing "openroad -exit /openlane/scripts/openroad/resizer_routing_timing.tcl |& tee /dev/null /openlane/designs/ram/runs/uroosalab/logs/routing/17-resizer_timing.log"

Fri May 31 10:55:30 +0000 2024 - Executing "{openroad -exit /openlane/scripts/openroad/resizer_routing_timing.tcl |& tee /dev/null /openlane/designs/ram/runs/uroosalab/logs/routing/17-resizer_timing.log}"

Fri May 31 10:56:43 +0000 2024 - Executing "{sed -i.bak -e {s/\(set ::env(CURRENT_NETLIST)\).*/\1 \/openlane\/designs\/ram\/runs\/uroosalab\/tmp\/17-dff_ram_8x72.nl.v/} /openlane/designs/ram/runs/uroosalab/config.tcl}"

Fri May 31 10:56:43 +0000 2024 - Executing "openroad -exit /openlane/scripts/openroad/sta/multi_corner.tcl |& tee /dev/null /openlane/designs/ram/runs/uroosalab/logs/routing/18-rsz_timing_sta.log"

Fri May 31 10:56:43 +0000 2024 - Executing "{openroad -exit /openlane/scripts/openroad/sta/multi_corner.tcl |& tee /dev/null /openlane/designs/ram/runs/uroosalab/logs/routing/18-rsz_timing_sta.log}"

Fri May 31 10:56:46 +0000 2024 - Executing "openroad -exit /openlane/scripts/openroad/repair_antennas.tcl |& tee /dev/null /openlane/designs/ram/runs/uroosalab/logs/routing/19-global.log"

Fri May 31 10:56:46 +0000 2024 - Executing "{openroad -exit /openlane/scripts/openroad/repair_antennas.tcl |& tee /dev/null /openlane/designs/ram/runs/uroosalab/logs/routing/19-global.log}"

Fri May 31 10:56:50 +0000 2024 - Executing "openroad -exit /openlane/scripts/openroad/write_views.tcl |& tee /dev/null /openlane/designs/ram/runs/uroosalab/logs/routing/19-global_write_netlist.log"

Fri May 31 10:56:50 +0000 2024 - Executing "{openroad -exit /openlane/scripts/openroad/write_views.tcl |& tee /dev/null /openlane/designs/ram/runs/uroosalab/logs/routing/19-global_write_netlist.log}"

Fri May 31 10:56:51 +0000 2024 - Executing "{sed -i.bak -e {s/\(set ::env(CURRENT_NETLIST)\).*/\1 \/openlane\/designs\/ram\/runs\/uroosalab\/tmp\/routing\/global.nl.v/} /openlane/designs/ram/runs/uroosalab/config.tcl}"

Fri May 31 10:56:51 +0000 2024 - Executing "openroad -exit /openlane/scripts/openroad/sta/multi_corner.tcl |& tee /dev/null /openlane/designs/ram/runs/uroosalab/logs/routing/21-grt_sta.log"

Fri May 31 10:56:51 +0000 2024 - Executing "{openroad -exit /openlane/scripts/openroad/sta/multi_corner.tcl |& tee /dev/null /openlane/designs/ram/runs/uroosalab/logs/routing/21-grt_sta.log}"

Fri May 31 10:56:54 +0000 2024 - Executing "openroad -exit /openlane/scripts/openroad/fill.tcl |& tee /dev/null /openlane/designs/ram/runs/uroosalab/logs/routing/22-fill.log"

Fri May 31 10:56:54 +0000 2024 - Executing "{openroad -exit /openlane/scripts/openroad/fill.tcl |& tee /dev/null /openlane/designs/ram/runs/uroosalab/logs/routing/22-fill.log}"

Fri May 31 10:56:55 +0000 2024 - Executing "{sed -i.bak -e {s/\(set ::env(CURRENT_NETLIST)\).*/\1 \/openlane\/designs\/ram\/runs\/uroosalab\/tmp\/routing\/22-fill.nl.v/} /openlane/designs/ram/runs/uroosalab/config.tcl}"

Fri May 31 10:56:55 +0000 2024 - Executing "openroad -exit -metrics /openlane/designs/ram/runs/uroosalab/reports/routing/23-drt_metrics.json /openlane/scripts/openroad/droute.tcl |& tee /dev/null /openlane/designs/ram/runs/uroosalab/logs/routing/23-detailed.log"

Fri May 31 10:56:55 +0000 2024 - Executing "{openroad -exit -metrics /openlane/designs/ram/runs/uroosalab/reports/routing/23-drt_metrics.json /openlane/scripts/openroad/droute.tcl |& tee /dev/null /openlane/designs/ram/runs/uroosalab/logs/routing/23-detailed.log}"

Fri May 31 11:01:17 +0000 2024 - Executing "{sed -i.bak -e {s/\(set ::env(CURRENT_NETLIST)\).*/\1 \/openlane\/designs\/ram\/runs\/uroosalab\/results\/routing\/dff_ram_8x72.nl.v/} /openlane/designs/ram/runs/uroosalab/config.tcl}"

Fri May 31 11:01:17 +0000 2024 - Executing "{python3 /openlane/scripts/drc_rosetta.py tr to_klayout -o /openlane/designs/ram/runs/uroosalab/reports/routing/drt.klayout.xml --design-name dff_ram_8x72 /openlane/designs/ram/runs/uroosalab/reports/routing/drt.drc}"

Fri May 31 11:01:17 +0000 2024 - Executing "{openroad -exit -no_init -python /openlane/scripts/odbpy/wire_lengths.py --report-out /openlane/designs/ram/runs/uroosalab/reports/routing/24-wire_lengths.csv --input-lef /openlane/designs/ram/runs/uroosalab/tmp/merged.nom.lef --output-def /dev/null --output /openlane/designs/ram/runs/uroosalab/results/routing/dff_ram_8x72.odb /openlane/designs/ram/runs/uroosalab/results/routing/dff_ram_8x72.odb |& tee /dev/null /openlane/designs/ram/runs/uroosalab/logs/routing/24-wire_lengths.log}"

Fri May 31 11:05:59 +0000 2024 - Executing "magic -noconsole -dnull -rcfile /root/.volare/sky130A/libs.tech/magic/sky130A.magicrc < /openlane/scripts/magic/wrapper.tcl |& tee /dev/null /openlane/designs/ram/runs/uroosalab/logs/signoff/25-gdsii.log"

Fri May 31 11:05:59 +0000 2024 - Executing "{magic -noconsole -dnull -rcfile /root/.volare/sky130A/libs.tech/magic/sky130A.magicrc < /openlane/scripts/magic/wrapper.tcl |& tee /dev/null /openlane/designs/ram/runs/uroosalab/logs/signoff/25-gdsii.log}"

Fri May 31 11:06:01 +0000 2024 - Executing "magic -noconsole -dnull -rcfile /root/.volare/sky130A/libs.tech/magic/sky130A.magicrc < /openlane/scripts/magic/wrapper.tcl |& tee /dev/null /openlane/designs/ram/runs/uroosalab/logs/signoff/25-gds_ptrs.log"

Fri May 31 11:06:01 +0000 2024 - Executing "{magic -noconsole -dnull -rcfile /root/.volare/sky130A/libs.tech/magic/sky130A.magicrc < /openlane/scripts/magic/wrapper.tcl |& tee /dev/null /openlane/designs/ram/runs/uroosalab/logs/signoff/25-gds_ptrs.log}"

Fri May 31 11:06:03 +0000 2024 - Executing "{sed -i.bak -n {/^<< properties >>/,/^<< end >>/p} /openlane/designs/ram/runs/uroosalab/tmp/signoff/gds_ptrs.mag}"

Fri May 31 11:06:03 +0000 2024 - Executing "magic -noconsole -dnull -rcfile /root/.volare/sky130A/libs.tech/magic/sky130A.magicrc < /openlane/scripts/magic/wrapper.tcl |& tee /dev/null /openlane/designs/ram/runs/uroosalab/logs/signoff/25-lef.log"

Fri May 31 11:06:03 +0000 2024 - Executing "{magic -noconsole -dnull -rcfile /root/.volare/sky130A/libs.tech/magic/sky130A.magicrc < /openlane/scripts/magic/wrapper.tcl |& tee /dev/null /openlane/designs/ram/runs/uroosalab/logs/signoff/25-lef.log}"

Fri May 31 11:06:06 +0000 2024 - Executing "magic -noconsole -dnull -rcfile /root/.volare/sky130A/libs.tech/magic/sky130A.magicrc < /openlane/scripts/magic/wrapper.tcl |& tee /dev/null /openlane/designs/ram/runs/uroosalab/logs/signoff/25-maglef.log"

Fri May 31 11:06:06 +0000 2024 - Executing "{magic -noconsole -dnull -rcfile /root/.volare/sky130A/libs.tech/magic/sky130A.magicrc < /openlane/scripts/magic/wrapper.tcl |& tee /dev/null /openlane/designs/ram/runs/uroosalab/logs/signoff/25-maglef.log}"

