Mon Jun 10 07:25:12 +0000 2024 - Executing "{openroad -exit -no_init -python /openlane/scripts/odbpy/lefutil.py get_metal_layers -o /openlane/designs/car_park/runs/ayyaz/tmp/layers.list /root/.volare/sky130A/libs.ref/sky130_fd_sc_hd/techlef/sky130_fd_sc_hd__nom.tlef}"

Mon Jun 10 07:25:13 +0000 2024 - Executing "{/openlane/scripts/mergeLef.py -o /openlane/designs/car_park/runs/ayyaz/tmp/merged.nom.lef -i /root/.volare/sky130A/libs.ref/sky130_fd_sc_hd/techlef/sky130_fd_sc_hd__nom.tlef {/root/.volare/sky130A/libs.ref/sky130_fd_sc_hd/lef/sky130_ef_sc_hd.lef /root/.volare/sky130A/libs.ref/sky130_fd_sc_hd/lef/sky130_fd_sc_hd.lef} |& tee /dev/null}"

Mon Jun 10 07:25:13 +0000 2024 - Executing "{/openlane/scripts/mergeLef.py -o /openlane/designs/car_park/runs/ayyaz/tmp/merged.min.lef -i /root/.volare/sky130A/libs.ref/sky130_fd_sc_hd/techlef/sky130_fd_sc_hd__min.tlef {/root/.volare/sky130A/libs.ref/sky130_fd_sc_hd/lef/sky130_ef_sc_hd.lef /root/.volare/sky130A/libs.ref/sky130_fd_sc_hd/lef/sky130_fd_sc_hd.lef} |& tee /dev/null}"

Mon Jun 10 07:25:13 +0000 2024 - Executing "{/openlane/scripts/mergeLef.py -o /openlane/designs/car_park/runs/ayyaz/tmp/merged.max.lef -i /root/.volare/sky130A/libs.ref/sky130_fd_sc_hd/techlef/sky130_fd_sc_hd__max.tlef {/root/.volare/sky130A/libs.ref/sky130_fd_sc_hd/lef/sky130_ef_sc_hd.lef /root/.volare/sky130A/libs.ref/sky130_fd_sc_hd/lef/sky130_fd_sc_hd.lef} |& tee /dev/null}"

Mon Jun 10 07:25:13 +0000 2024 - Executing "{python3 /openlane/scripts/mergeLib.py --output /openlane/designs/car_park/runs/ayyaz/tmp/synthesis/merged.lib --name sky130A_merged /root/.volare/sky130A/libs.ref/sky130_fd_sc_hd/lib/sky130_fd_sc_hd__tt_025C_1v80.lib}"

Mon Jun 10 07:25:13 +0000 2024 - Executing "{python3 /openlane/scripts/libtrim.py --cell-file /openlane/designs/car_park/runs/ayyaz/tmp/synthesis/trimmed.lib.exclude.list --output /openlane/designs/car_park/runs/ayyaz/tmp/synthesis/trimmed.lib /openlane/designs/car_park/runs/ayyaz/tmp/synthesis/merged.lib}"

Mon Jun 10 07:25:13 +0000 2024 - Executing "{python3 /openlane/scripts/libtrim.py --cell-file /openlane/designs/car_park/runs/ayyaz/tmp/cts/cts.lib.exclude.list --output /openlane/designs/car_park/runs/ayyaz/tmp/cts/cts.lib /root/.volare/sky130A/libs.ref/sky130_fd_sc_hd/lib/sky130_fd_sc_hd__tt_025C_1v80.lib}"

Mon Jun 10 07:25:14 +0000 2024 - Executing "{python3 /openlane/scripts/libtrim.py --cell-file /openlane/designs/car_park/runs/ayyaz/tmp/cts/cts-fastest.lib.exclude.list --output /openlane/designs/car_park/runs/ayyaz/tmp/cts/cts-fastest.lib /root/.volare/sky130A/libs.ref/sky130_fd_sc_hd/lib/sky130_fd_sc_hd__ff_n40C_1v95.lib}"

Mon Jun 10 07:25:14 +0000 2024 - Executing "{python3 /openlane/scripts/libtrim.py --cell-file /openlane/designs/car_park/runs/ayyaz/tmp/cts/cts-slowest.lib.exclude.list --output /openlane/designs/car_park/runs/ayyaz/tmp/cts/cts-slowest.lib /root/.volare/sky130A/libs.ref/sky130_fd_sc_hd/lib/sky130_fd_sc_hd__ss_100C_1v60.lib}"

Mon Jun 10 07:25:15 +0000 2024 - Executing "{python3 /openlane/scripts/new_tracks.py -i /root/.volare/sky130A/libs.tech/openlane/sky130_fd_sc_hd/tracks.info -o /openlane/designs/car_park/runs/ayyaz/tmp/routing/config.tracks}"

Mon Jun 10 07:25:15 +0000 2024 - Executing "{echo {OpenLane 77eb5ffc00966b47b36e332ccbf42103eb95e974} > /openlane/designs/car_park/runs/ayyaz/OPENLANE_VERSION}"

Mon Jun 10 07:25:22 +0000 2024 - Executing "{sed -E {s/^([[:space:]]+)pg_pin(.*)/\1pin\2\n\1    direction : "inout";/g} /root/.volare/sky130A/libs.ref/sky130_fd_sc_hd/lib/sky130_fd_sc_hd__tt_025C_1v80.lib > /openlane/designs/car_park/runs/ayyaz/tmp/synthesis/1-sky130_fd_sc_hd__tt_025C_1v80.no_pg.lib}"

Mon Jun 10 07:25:22 +0000 2024 - Executing "{sed -E {s/^([[:space:]]+)pg_pin(.*)/\1pin\2\n\1    direction : "inout";/g} /openlane/designs/car_park/runs/ayyaz/tmp/synthesis/trimmed.lib > /openlane/designs/car_park/runs/ayyaz/tmp/synthesis/1-trimmed.no_pg.lib}"

Mon Jun 10 07:25:22 +0000 2024 - Executing "yosys -c /openlane/scripts/yosys/synth.tcl |& tee /dev/null /openlane/designs/car_park/runs/ayyaz/logs/synthesis/1-synthesis.log"

Mon Jun 10 07:25:22 +0000 2024 - Executing "{yosys -c /openlane/scripts/yosys/synth.tcl |& tee /dev/null /openlane/designs/car_park/runs/ayyaz/logs/synthesis/1-synthesis.log}"

Mon Jun 10 07:25:23 +0000 2024 - Executing "{sed -i.bak -e {s/\(set ::env(CURRENT_NETLIST)\).*/\1 \/openlane\/designs\/car_park\/runs\/ayyaz\/results\/synthesis\/car_park.v/} /openlane/designs/car_park/runs/ayyaz/config.tcl}"

Mon Jun 10 07:25:23 +0000 2024 - Executing "{sed -i.bak /defparam/d /openlane/designs/car_park/runs/ayyaz/results/synthesis/car_park.v}"

Mon Jun 10 07:25:24 +0000 2024 - Executing "sta -exit -no_init /openlane/scripts/openroad/sta/multi_corner.tcl |& tee /dev/null /openlane/designs/car_park/runs/ayyaz/logs/synthesis/2-sta.log"

Mon Jun 10 07:25:24 +0000 2024 - Executing "{sta -exit -no_init /openlane/scripts/openroad/sta/multi_corner.tcl |& tee /dev/null /openlane/designs/car_park/runs/ayyaz/logs/synthesis/2-sta.log}"

Mon Jun 10 07:25:42 +0000 2024 - Executing "openroad -exit /openlane/scripts/openroad/floorplan.tcl |& tee /dev/null /openlane/designs/car_park/runs/ayyaz/logs/floorplan/3-initial_fp.log"

Mon Jun 10 07:25:42 +0000 2024 - Executing "{openroad -exit /openlane/scripts/openroad/floorplan.tcl |& tee /dev/null /openlane/designs/car_park/runs/ayyaz/logs/floorplan/3-initial_fp.log}"

Mon Jun 10 07:25:43 +0000 2024 - Executing "{openroad -exit -no_init -python /openlane/scripts/odbpy/snap_to_grid.py --output /openlane/designs/car_park/runs/ayyaz/tmp/floorplan/3-minimized_pdn.txt --input-lef /openlane/designs/car_park/runs/ayyaz/tmp/merged.nom.lef 3.3350000000000004 4.42 6.670000000000001 8.84}"

Mon Jun 10 07:25:43 +0000 2024 - Executing "{openroad -exit -no_init -python /openlane/scripts/odbpy/defutil.py extract_core_dims --output-data /openlane/designs/car_park/runs/ayyaz/tmp/dimensions.txt --input-lef /openlane/designs/car_park/runs/ayyaz/tmp/merged.nom.lef /openlane/designs/car_park/runs/ayyaz/tmp/floorplan/3-initial_fp.def}"

Mon Jun 10 07:25:44 +0000 2024 - Executing "openroad -exit /openlane/scripts/openroad/ioplacer.tcl |& tee /dev/null /openlane/designs/car_park/runs/ayyaz/logs/floorplan/4-io.log"

Mon Jun 10 07:25:44 +0000 2024 - Executing "{openroad -exit /openlane/scripts/openroad/ioplacer.tcl |& tee /dev/null /openlane/designs/car_park/runs/ayyaz/logs/floorplan/4-io.log}"

Mon Jun 10 07:25:45 +0000 2024 - Executing "openroad -exit /openlane/scripts/openroad/tapcell.tcl |& tee /dev/null /openlane/designs/car_park/runs/ayyaz/logs/floorplan/5-tap.log"

Mon Jun 10 07:25:45 +0000 2024 - Executing "{openroad -exit /openlane/scripts/openroad/tapcell.tcl |& tee /dev/null /openlane/designs/car_park/runs/ayyaz/logs/floorplan/5-tap.log}"

Mon Jun 10 07:25:45 +0000 2024 - Executing "openroad -exit /openlane/scripts/openroad/pdn.tcl |& tee /dev/null /openlane/designs/car_park/runs/ayyaz/logs/floorplan/6-pdn.log"

Mon Jun 10 07:25:45 +0000 2024 - Executing "{openroad -exit /openlane/scripts/openroad/pdn.tcl |& tee /dev/null /openlane/designs/car_park/runs/ayyaz/logs/floorplan/6-pdn.log}"

Mon Jun 10 07:25:55 +0000 2024 - Executing "openroad -exit /openlane/scripts/openroad/gpl.tcl |& tee /dev/null /openlane/designs/car_park/runs/ayyaz/logs/placement/6-global_skip_io.log"

Mon Jun 10 07:25:55 +0000 2024 - Executing "{openroad -exit /openlane/scripts/openroad/gpl.tcl |& tee /dev/null /openlane/designs/car_park/runs/ayyaz/logs/placement/6-global_skip_io.log}"

Mon Jun 10 07:25:56 +0000 2024 - Executing "{sed -i.bak -e {s/\(set ::env(CURRENT_NETLIST)\).*/\1 \/openlane\/designs\/car_park\/runs\/ayyaz\/tmp\/placement\/7-global_skip_io.nl.v/} /openlane/designs/car_park/runs/ayyaz/config.tcl}"

Mon Jun 10 07:25:56 +0000 2024 - Executing "openroad -exit /openlane/scripts/openroad/sta/multi_corner.tcl |& tee /dev/null /openlane/designs/car_park/runs/ayyaz/logs/placement/8-gpl_sta.log"

Mon Jun 10 07:25:56 +0000 2024 - Executing "{openroad -exit /openlane/scripts/openroad/sta/multi_corner.tcl |& tee /dev/null /openlane/designs/car_park/runs/ayyaz/logs/placement/8-gpl_sta.log}"

Mon Jun 10 07:25:57 +0000 2024 - Executing "openroad -exit /openlane/scripts/openroad/ioplacer.tcl |& tee /dev/null /openlane/designs/car_park/runs/ayyaz/logs/placement/9-io.log"

Mon Jun 10 07:25:57 +0000 2024 - Executing "{openroad -exit /openlane/scripts/openroad/ioplacer.tcl |& tee /dev/null /openlane/designs/car_park/runs/ayyaz/logs/placement/9-io.log}"

Mon Jun 10 07:25:57 +0000 2024 - Executing "openroad -exit /openlane/scripts/openroad/gpl.tcl |& tee /dev/null /openlane/designs/car_park/runs/ayyaz/logs/placement/9-global.log"

Mon Jun 10 07:25:57 +0000 2024 - Executing "{openroad -exit /openlane/scripts/openroad/gpl.tcl |& tee /dev/null /openlane/designs/car_park/runs/ayyaz/logs/placement/9-global.log}"

Mon Jun 10 07:25:58 +0000 2024 - Executing "{sed -i.bak -e {s/\(set ::env(CURRENT_NETLIST)\).*/\1 \/openlane\/designs\/car_park\/runs\/ayyaz\/tmp\/placement\/10-global.nl.v/} /openlane/designs/car_park/runs/ayyaz/config.tcl}"

Mon Jun 10 07:25:58 +0000 2024 - Executing "openroad -exit /openlane/scripts/openroad/sta/multi_corner.tcl |& tee /dev/null /openlane/designs/car_park/runs/ayyaz/logs/placement/11-gpl_sta.log"

Mon Jun 10 07:25:58 +0000 2024 - Executing "{openroad -exit /openlane/scripts/openroad/sta/multi_corner.tcl |& tee /dev/null /openlane/designs/car_park/runs/ayyaz/logs/placement/11-gpl_sta.log}"

Mon Jun 10 07:25:59 +0000 2024 - Executing "openroad -exit /openlane/scripts/openroad/resizer.tcl |& tee /dev/null /openlane/designs/car_park/runs/ayyaz/logs/placement/12-resizer.log"

Mon Jun 10 07:25:59 +0000 2024 - Executing "{openroad -exit /openlane/scripts/openroad/resizer.tcl |& tee /dev/null /openlane/designs/car_park/runs/ayyaz/logs/placement/12-resizer.log}"

Mon Jun 10 07:26:01 +0000 2024 - Executing "{sed -i.bak -e {s/\(set ::env(CURRENT_NETLIST)\).*/\1 \/openlane\/designs\/car_park\/runs\/ayyaz\/tmp\/placement\/12-resizer.nl.v/} /openlane/designs/car_park/runs/ayyaz/config.tcl}"

Mon Jun 10 07:26:01 +0000 2024 - Executing "openroad -exit /openlane/scripts/openroad/dpl.tcl |& tee /dev/null /openlane/designs/car_park/runs/ayyaz/logs/placement/13-detailed.log"

Mon Jun 10 07:26:01 +0000 2024 - Executing "{openroad -exit /openlane/scripts/openroad/dpl.tcl |& tee /dev/null /openlane/designs/car_park/runs/ayyaz/logs/placement/13-detailed.log}"

Mon Jun 10 07:26:02 +0000 2024 - Executing "{sed -i.bak -e {s/\(set ::env(CURRENT_NETLIST)\).*/\1 \/openlane\/designs\/car_park\/runs\/ayyaz\/results\/placement\/car_park.nl.v/} /openlane/designs/car_park/runs/ayyaz/config.tcl}"

Mon Jun 10 07:26:02 +0000 2024 - Executing "openroad -exit /openlane/scripts/openroad/sta/multi_corner.tcl |& tee /dev/null /openlane/designs/car_park/runs/ayyaz/logs/placement/14-dpl_sta.log"

Mon Jun 10 07:26:02 +0000 2024 - Executing "{openroad -exit /openlane/scripts/openroad/sta/multi_corner.tcl |& tee /dev/null /openlane/designs/car_park/runs/ayyaz/logs/placement/14-dpl_sta.log}"

Mon Jun 10 07:26:05 +0000 2024 - Executing "openroad -exit /openlane/scripts/openroad/cts.tcl |& tee /dev/null /openlane/designs/car_park/runs/ayyaz/logs/cts/15-cts.log"

Mon Jun 10 07:26:05 +0000 2024 - Executing "{openroad -exit /openlane/scripts/openroad/cts.tcl |& tee /dev/null /openlane/designs/car_park/runs/ayyaz/logs/cts/15-cts.log}"

Mon Jun 10 07:26:13 +0000 2024 - Executing "openroad -exit /openlane/scripts/openroad/sta/multi_corner.tcl |& tee /dev/null /openlane/designs/car_park/runs/ayyaz/logs/cts/16-cts_sta.log"

Mon Jun 10 07:26:13 +0000 2024 - Executing "{openroad -exit /openlane/scripts/openroad/sta/multi_corner.tcl |& tee /dev/null /openlane/designs/car_park/runs/ayyaz/logs/cts/16-cts_sta.log}"

Mon Jun 10 07:26:20 +0000 2024 - Executing "openroad -exit /openlane/scripts/openroad/resizer_timing.tcl |& tee /dev/null /openlane/designs/car_park/runs/ayyaz/logs/cts/17-resizer.log"

Mon Jun 10 07:26:20 +0000 2024 - Executing "{openroad -exit /openlane/scripts/openroad/resizer_timing.tcl |& tee /dev/null /openlane/designs/car_park/runs/ayyaz/logs/cts/17-resizer.log}"

Mon Jun 10 07:26:22 +0000 2024 - Executing "{sed -i.bak -e {s/\(set ::env(CURRENT_NETLIST)\).*/\1 \/openlane\/designs\/car_park\/runs\/ayyaz\/tmp\/cts\/17-car_park.resized.nl.v/} /openlane/designs/car_park/runs/ayyaz/config.tcl}"

Mon Jun 10 07:26:29 +0000 2024 - Executing "openroad -exit /openlane/scripts/openroad/resizer_routing_design.tcl |& tee /dev/null /openlane/designs/car_park/runs/ayyaz/logs/routing/18-resizer_design.log"

Mon Jun 10 07:26:29 +0000 2024 - Executing "{openroad -exit /openlane/scripts/openroad/resizer_routing_design.tcl |& tee /dev/null /openlane/designs/car_park/runs/ayyaz/logs/routing/18-resizer_design.log}"

Mon Jun 10 07:26:31 +0000 2024 - Executing "{sed -i.bak -e {s/\(set ::env(CURRENT_NETLIST)\).*/\1 \/openlane\/designs\/car_park\/runs\/ayyaz\/tmp\/18-car_park.nl.v/} /openlane/designs/car_park/runs/ayyaz/config.tcl}"

Mon Jun 10 07:26:32 +0000 2024 - Executing "openroad -exit /openlane/scripts/openroad/sta/multi_corner.tcl |& tee /dev/null /openlane/designs/car_park/runs/ayyaz/logs/routing/19-rsz_design_sta.log"

Mon Jun 10 07:26:32 +0000 2024 - Executing "{openroad -exit /openlane/scripts/openroad/sta/multi_corner.tcl |& tee /dev/null /openlane/designs/car_park/runs/ayyaz/logs/routing/19-rsz_design_sta.log}"

Mon Jun 10 07:26:32 +0000 2024 - Executing "openroad -exit /openlane/scripts/openroad/resizer_routing_timing.tcl |& tee /dev/null /openlane/designs/car_park/runs/ayyaz/logs/routing/20-resizer_timing.log"

Mon Jun 10 07:26:32 +0000 2024 - Executing "{openroad -exit /openlane/scripts/openroad/resizer_routing_timing.tcl |& tee /dev/null /openlane/designs/car_park/runs/ayyaz/logs/routing/20-resizer_timing.log}"

Mon Jun 10 07:26:34 +0000 2024 - Executing "{sed -i.bak -e {s/\(set ::env(CURRENT_NETLIST)\).*/\1 \/openlane\/designs\/car_park\/runs\/ayyaz\/tmp\/20-car_park.nl.v/} /openlane/designs/car_park/runs/ayyaz/config.tcl}"

Mon Jun 10 07:26:34 +0000 2024 - Executing "openroad -exit /openlane/scripts/openroad/sta/multi_corner.tcl |& tee /dev/null /openlane/designs/car_park/runs/ayyaz/logs/routing/21-rsz_timing_sta.log"

Mon Jun 10 07:26:34 +0000 2024 - Executing "{openroad -exit /openlane/scripts/openroad/sta/multi_corner.tcl |& tee /dev/null /openlane/designs/car_park/runs/ayyaz/logs/routing/21-rsz_timing_sta.log}"

Mon Jun 10 07:26:35 +0000 2024 - Executing "openroad -exit /openlane/scripts/openroad/repair_antennas.tcl |& tee /dev/null /openlane/designs/car_park/runs/ayyaz/logs/routing/22-global.log"

Mon Jun 10 07:26:35 +0000 2024 - Executing "{openroad -exit /openlane/scripts/openroad/repair_antennas.tcl |& tee /dev/null /openlane/designs/car_park/runs/ayyaz/logs/routing/22-global.log}"

Mon Jun 10 07:26:35 +0000 2024 - Executing "openroad -exit /openlane/scripts/openroad/write_views.tcl |& tee /dev/null /openlane/designs/car_park/runs/ayyaz/logs/routing/22-global_write_netlist.log"

Mon Jun 10 07:26:36 +0000 2024 - Executing "{openroad -exit /openlane/scripts/openroad/write_views.tcl |& tee /dev/null /openlane/designs/car_park/runs/ayyaz/logs/routing/22-global_write_netlist.log}"

Mon Jun 10 07:26:36 +0000 2024 - Executing "{sed -i.bak -e {s/\(set ::env(CURRENT_NETLIST)\).*/\1 \/openlane\/designs\/car_park\/runs\/ayyaz\/tmp\/routing\/global.nl.v/} /openlane/designs/car_park/runs/ayyaz/config.tcl}"

Mon Jun 10 07:26:36 +0000 2024 - Executing "openroad -exit /openlane/scripts/openroad/sta/multi_corner.tcl |& tee /dev/null /openlane/designs/car_park/runs/ayyaz/logs/routing/24-grt_sta.log"

Mon Jun 10 07:26:36 +0000 2024 - Executing "{openroad -exit /openlane/scripts/openroad/sta/multi_corner.tcl |& tee /dev/null /openlane/designs/car_park/runs/ayyaz/logs/routing/24-grt_sta.log}"

Mon Jun 10 07:26:37 +0000 2024 - Executing "openroad -exit /openlane/scripts/openroad/fill.tcl |& tee /dev/null /openlane/designs/car_park/runs/ayyaz/logs/routing/25-fill.log"

Mon Jun 10 07:26:37 +0000 2024 - Executing "{openroad -exit /openlane/scripts/openroad/fill.tcl |& tee /dev/null /openlane/designs/car_park/runs/ayyaz/logs/routing/25-fill.log}"

Mon Jun 10 07:26:37 +0000 2024 - Executing "{sed -i.bak -e {s/\(set ::env(CURRENT_NETLIST)\).*/\1 \/openlane\/designs\/car_park\/runs\/ayyaz\/tmp\/routing\/25-fill.nl.v/} /openlane/designs/car_park/runs/ayyaz/config.tcl}"

Mon Jun 10 07:26:38 +0000 2024 - Executing "openroad -exit -metrics /openlane/designs/car_park/runs/ayyaz/reports/routing/26-drt_metrics.json /openlane/scripts/openroad/droute.tcl |& tee /dev/null /openlane/designs/car_park/runs/ayyaz/logs/routing/26-detailed.log"

Mon Jun 10 07:26:38 +0000 2024 - Executing "{openroad -exit -metrics /openlane/designs/car_park/runs/ayyaz/reports/routing/26-drt_metrics.json /openlane/scripts/openroad/droute.tcl |& tee /dev/null /openlane/designs/car_park/runs/ayyaz/logs/routing/26-detailed.log}"

Mon Jun 10 07:26:40 +0000 2024 - Executing "{sed -i.bak -e {s/\(set ::env(CURRENT_NETLIST)\).*/\1 \/openlane\/designs\/car_park\/runs\/ayyaz\/results\/routing\/car_park.nl.v/} /openlane/designs/car_park/runs/ayyaz/config.tcl}"

Mon Jun 10 07:26:40 +0000 2024 - Executing "{python3 /openlane/scripts/drc_rosetta.py tr to_klayout -o /openlane/designs/car_park/runs/ayyaz/reports/routing/drt.klayout.xml --design-name car_park /openlane/designs/car_park/runs/ayyaz/reports/routing/drt.drc}"

Mon Jun 10 07:26:41 +0000 2024 - Executing "{openroad -exit -no_init -python /openlane/scripts/odbpy/wire_lengths.py --report-out /openlane/designs/car_park/runs/ayyaz/reports/routing/27-wire_lengths.csv --input-lef /openlane/designs/car_park/runs/ayyaz/tmp/merged.nom.lef --output-def /dev/null --output /openlane/designs/car_park/runs/ayyaz/results/routing/car_park.odb /openlane/designs/car_park/runs/ayyaz/results/routing/car_park.odb |& tee /dev/null /openlane/designs/car_park/runs/ayyaz/logs/routing/27-wire_lengths.log}"

Mon Jun 10 07:26:52 +0000 2024 - Executing "magic -noconsole -dnull -rcfile /root/.volare/sky130A/libs.tech/magic/sky130A.magicrc < /openlane/scripts/magic/wrapper.tcl |& tee /dev/null /openlane/designs/car_park/runs/ayyaz/logs/signoff/28-gdsii.log"

Mon Jun 10 07:26:52 +0000 2024 - Executing "{magic -noconsole -dnull -rcfile /root/.volare/sky130A/libs.tech/magic/sky130A.magicrc < /openlane/scripts/magic/wrapper.tcl |& tee /dev/null /openlane/designs/car_park/runs/ayyaz/logs/signoff/28-gdsii.log}"

Mon Jun 10 07:26:53 +0000 2024 - Executing "magic -noconsole -dnull -rcfile /root/.volare/sky130A/libs.tech/magic/sky130A.magicrc < /openlane/scripts/magic/wrapper.tcl |& tee /dev/null /openlane/designs/car_park/runs/ayyaz/logs/signoff/28-gds_ptrs.log"

Mon Jun 10 07:26:53 +0000 2024 - Executing "{magic -noconsole -dnull -rcfile /root/.volare/sky130A/libs.tech/magic/sky130A.magicrc < /openlane/scripts/magic/wrapper.tcl |& tee /dev/null /openlane/designs/car_park/runs/ayyaz/logs/signoff/28-gds_ptrs.log}"

Mon Jun 10 07:26:53 +0000 2024 - Executing "{sed -i.bak -n {/^<< properties >>/,/^<< end >>/p} /openlane/designs/car_park/runs/ayyaz/tmp/signoff/gds_ptrs.mag}"

Mon Jun 10 07:26:53 +0000 2024 - Executing "magic -noconsole -dnull -rcfile /root/.volare/sky130A/libs.tech/magic/sky130A.magicrc < /openlane/scripts/magic/wrapper.tcl |& tee /dev/null /openlane/designs/car_park/runs/ayyaz/logs/signoff/28-lef.log"

Mon Jun 10 07:26:53 +0000 2024 - Executing "{magic -noconsole -dnull -rcfile /root/.volare/sky130A/libs.tech/magic/sky130A.magicrc < /openlane/scripts/magic/wrapper.tcl |& tee /dev/null /openlane/designs/car_park/runs/ayyaz/logs/signoff/28-lef.log}"

Mon Jun 10 07:26:54 +0000 2024 - Executing "magic -noconsole -dnull -rcfile /root/.volare/sky130A/libs.tech/magic/sky130A.magicrc < /openlane/scripts/magic/wrapper.tcl |& tee /dev/null /openlane/designs/car_park/runs/ayyaz/logs/signoff/28-maglef.log"

Mon Jun 10 07:26:54 +0000 2024 - Executing "{magic -noconsole -dnull -rcfile /root/.volare/sky130A/libs.tech/magic/sky130A.magicrc < /openlane/scripts/magic/wrapper.tcl |& tee /dev/null /openlane/designs/car_park/runs/ayyaz/logs/signoff/28-maglef.log}"

Mon Jun 10 07:27:02 +0000 2024 - Executing "{python3 /openlane/scripts/klayout/stream_out.py --output /openlane/designs/car_park/runs/ayyaz/results/signoff/car_park.klayout.gds --lyt /root/.volare/sky130A/libs.tech/klayout/tech/sky130A.lyt --lym /root/.volare/sky130A/libs.tech/klayout/tech/sky130A.map --lyp /root/.volare/sky130A/libs.tech/klayout/tech/sky130A.lyp --top car_park --with-gds-file /root/.volare/sky130A/libs.ref/sky130_fd_sc_hd/gds/sky130_fd_sc_hd.gds --input-lef /openlane/designs/car_park/runs/ayyaz/tmp/merged.nom.lef /openlane/designs/car_park/runs/ayyaz/results/routing/car_park.def |& tee /dev/null /openlane/designs/car_park/runs/ayyaz/logs/signoff/29-gdsii-klayout.log}"

Mon Jun 10 07:27:12 +0000 2024 - Executing "{klayout -b -r /openlane/scripts/klayout/xor.drc -rd a=/openlane/designs/car_park/runs/ayyaz/results/signoff/car_park.gds -rd b=/openlane/designs/car_park/runs/ayyaz/results/signoff/car_park.klayout.gds -rd jobs=1 -rd rdb_out=/openlane/designs/car_park/runs/ayyaz/reports/signoff/30-xor.xml -rd ignore=81/14 -rd rpt_out=/openlane/designs/car_park/runs/ayyaz/reports/signoff/30-xor.rpt |& tee /dev/null /openlane/designs/car_park/runs/ayyaz/logs/signoff/30-xor.log}"

Mon Jun 10 07:27:23 +0000 2024 - Executing "magic -noconsole -dnull -rcfile /root/.volare/sky130A/libs.tech/magic/sky130A.magicrc < /openlane/scripts/magic/wrapper.tcl |& tee /dev/null /openlane/designs/car_park/runs/ayyaz/logs/signoff/31-spice.log"

Mon Jun 10 07:27:23 +0000 2024 - Executing "{magic -noconsole -dnull -rcfile /root/.volare/sky130A/libs.tech/magic/sky130A.magicrc < /openlane/scripts/magic/wrapper.tcl |& tee /dev/null /openlane/designs/car_park/runs/ayyaz/logs/signoff/31-spice.log}"

Mon Jun 10 07:27:30 +0000 2024 - Executing "{openroad -exit -no_init -python /openlane/scripts/odbpy/power_utils.py write_powered_def --output /openlane/designs/car_park/runs/ayyaz/tmp/signoff/31-car_park.p.def --input-lef /openlane/designs/car_park/runs/ayyaz/tmp/merged.nom.lef --power-port VPWR --ground-port VGND --powered-netlist {} /openlane/designs/car_park/runs/ayyaz/results/routing/car_park.def |& tee /dev/null /openlane/designs/car_park/runs/ayyaz/logs/signoff/32-write_powered_def.log}"

Mon Jun 10 07:27:31 +0000 2024 - Executing "openroad -exit /openlane/scripts/openroad/write_views.tcl |& tee /dev/null /openlane/designs/car_park/runs/ayyaz/logs/signoff/32-write_powered_verilog.log"

Mon Jun 10 07:27:31 +0000 2024 - Executing "{openroad -exit /openlane/scripts/openroad/write_views.tcl |& tee /dev/null /openlane/designs/car_park/runs/ayyaz/logs/signoff/32-write_powered_verilog.log}"

Mon Jun 10 07:27:32 +0000 2024 - Executing "{sed -i.bak -e {s/\(set ::env(CURRENT_NETLIST)\).*/\1 \/openlane\/designs\/car_park\/runs\/ayyaz\/tmp\/signoff\/31-car_park.nl.v/} /openlane/designs/car_park/runs/ayyaz/config.tcl}"

Mon Jun 10 07:27:32 +0000 2024 - Executing "{netgen -batch source /openlane/designs/car_park/runs/ayyaz/tmp/signoff/34-setup_file.lef.lvs |& tee /dev/null /openlane/designs/car_park/runs/ayyaz/logs/signoff/34-lvs.lef.log}"

Mon Jun 10 07:27:38 +0000 2024 - Executing "magic -noconsole -dnull -rcfile /root/.volare/sky130A/libs.tech/magic/sky130A.magicrc < /openlane/scripts/magic/wrapper.tcl |& tee /dev/null /openlane/designs/car_park/runs/ayyaz/logs/signoff/35-drc.log"

Mon Jun 10 07:27:38 +0000 2024 - Executing "{magic -noconsole -dnull -rcfile /root/.volare/sky130A/libs.tech/magic/sky130A.magicrc < /openlane/scripts/magic/wrapper.tcl |& tee /dev/null /openlane/designs/car_park/runs/ayyaz/logs/signoff/35-drc.log}"

Mon Jun 10 07:27:39 +0000 2024 - Executing "{python3 /openlane/scripts/drc_rosetta.py magic to_tcl -o /openlane/designs/car_park/runs/ayyaz/reports/signoff/drc.tcl /openlane/designs/car_park/runs/ayyaz/reports/signoff/drc.rpt}"

Mon Jun 10 07:27:39 +0000 2024 - Executing "{python3 /openlane/scripts/drc_rosetta.py magic to_tr -o /openlane/designs/car_park/runs/ayyaz/reports/signoff/drc.tr /openlane/designs/car_park/runs/ayyaz/reports/signoff/drc.rpt}"

Mon Jun 10 07:27:39 +0000 2024 - Executing "{python3 /openlane/scripts/drc_rosetta.py tr to_klayout -o /openlane/designs/car_park/runs/ayyaz/reports/signoff/drc.klayout.xml --design-name car_park /openlane/designs/car_park/runs/ayyaz/reports/signoff/drc.tr}"

Mon Jun 10 07:27:39 +0000 2024 - Executing "{python3 /openlane/scripts/drc_rosetta.py magic to_rdb -o /openlane/designs/car_park/runs/ayyaz/reports/signoff/drc.rdb /openlane/designs/car_park/runs/ayyaz/reports/signoff/drc.rpt}"

Mon Jun 10 07:27:46 +0000 2024 - Executing "{klayout -b -zz -r /root/.volare/sky130A/libs.tech/klayout/drc/sky130A_mr.drc -rd topcell=car_park -rd input=/openlane/designs/car_park/runs/ayyaz/results/signoff/car_park.gds -rd report=/openlane/designs/car_park/runs/ayyaz/reports/signoff/violations.xml -rd feol=true -rd beol=true -rd floating_metal=false -rd seal=true -rd thread=1 |& tee /dev/null /openlane/designs/car_park/runs/ayyaz/logs/signoff/36-drc-klayout.log}"

Mon Jun 10 07:27:48 +0000 2024 - Executing "{python3 /openlane/scripts/klayout/xml_drc_report_to_json.py --xml-file /openlane/designs/car_park/runs/ayyaz/reports/signoff/violations.xml --json-file /openlane/designs/car_park/runs/ayyaz/reports/signoff/violations.json}"

Mon Jun 10 07:27:53 +0000 2024 - Executing "openroad -exit /openlane/scripts/openroad/antenna_check.tcl |& tee /dev/null /openlane/designs/car_park/runs/ayyaz/logs/signoff/37-arc.log"

Mon Jun 10 07:27:54 +0000 2024 - Executing "{openroad -exit /openlane/scripts/openroad/antenna_check.tcl |& tee /dev/null /openlane/designs/car_park/runs/ayyaz/logs/signoff/37-arc.log}"

Mon Jun 10 07:27:54 +0000 2024 - Executing "{python3 /openlane/scripts/extract_antenna_violators.py --output /openlane/designs/car_park/runs/ayyaz/reports/signoff/37-antenna_violators.rpt --plain-out /openlane/designs/car_park/runs/ayyaz/reports/signoff/37-antenna_violators_pins.txt /openlane/designs/car_park/runs/ayyaz/logs/signoff/37-arc.log}"

Mon Jun 10 07:28:09 +0000 2024 - Executing "{python3 /openlane/scripts/write_runtime.py --conclude --seconds --time-in 1718004489 {flow completed}}"

Mon Jun 10 07:28:16 +0000 2024 - Executing "{python3 /openlane/scripts/generate_reports.py -d /openlane/designs/car_park --design_name car_park --tag ayyaz --output_file /openlane/designs/car_park/runs/ayyaz/reports/metrics.csv --man_report /openlane/designs/car_park/runs/ayyaz/reports/manufacturability.rpt --run_path /openlane/designs/car_park/runs/ayyaz}"

