[WARNING]: The variable name DESIGN_IS_CORE was renamed to FP_PDN_MULTILAYER. Update your configuration file.
[INFO]: Saving runtime environment...
[INFO]: Preparing LEF files for the nom corner...
[INFO]: Preparing LEF files for the min corner...
[INFO]: Preparing LEF files for the max corner...
[WARNING]: PNR_SDC_FILE is not set. It is recommended to write a custom SDC file for the design. Defaulting to BASE_SDC_FILE
[WARNING]: SIGNOFF_SDC_FILE is not set. It is recommended to write a custom SDC file for the design. Defaulting to BASE_SDC_FILE
[INFO]: Running Synthesis (log: designs/car_park/runs/ayyaz/logs/synthesis/1-synthesis.log)...
[INFO]: Running Single-Corner Static Timing Analysis (log: designs/car_park/runs/ayyaz/logs/synthesis/2-sta.log)...
[INFO]: Running Initial Floorplanning (log: designs/car_park/runs/ayyaz/logs/floorplan/3-initial_fp.log)...
[WARNING]: Current core area is too small for the power grid settings chosen. The power grid was scaled down to an offset of 1/8 the core width and height and a pitch of 1/4 the core width and height.
[INFO]: Floorplanned with width 26.68 and height 35.36.
[INFO]: Running IO Placement (log: designs/car_park/runs/ayyaz/logs/floorplan/4-io.log)...
[INFO]: Running Tap/Decap Insertion (log: designs/car_park/runs/ayyaz/logs/floorplan/5-tap.log)...
[INFO]: Power planning with power {VPWR} and ground {VGND}...
[INFO]: Generating PDN (log: designs/car_park/runs/ayyaz/logs/floorplan/6-pdn.log)...
[INFO]: Running Global Placement (skip_io) (log: designs/car_park/runs/ayyaz/logs/placement/6-global_skip_io.log)...
[INFO]: Running Single-Corner Static Timing Analysis (log: designs/car_park/runs/ayyaz/logs/placement/8-gpl_sta.log)...
[INFO]: Running IO Placement (log: designs/car_park/runs/ayyaz/logs/placement/9-io.log)...
[INFO]: Running Global Placement (log: designs/car_park/runs/ayyaz/logs/placement/9-global.log)...
[INFO]: Running Single-Corner Static Timing Analysis (log: designs/car_park/runs/ayyaz/logs/placement/11-gpl_sta.log)...
[INFO]: Running Placement Resizer Design Optimizations (log: designs/car_park/runs/ayyaz/logs/placement/12-resizer.log)...
[INFO]: Running Detailed Placement (log: designs/car_park/runs/ayyaz/logs/placement/13-detailed.log)...
[INFO]: Running Single-Corner Static Timing Analysis (log: designs/car_park/runs/ayyaz/logs/placement/14-dpl_sta.log)...
[INFO]: Running Clock Tree Synthesis (log: designs/car_park/runs/ayyaz/logs/cts/15-cts.log)...
[INFO]: Running Single-Corner Static Timing Analysis (log: designs/car_park/runs/ayyaz/logs/cts/16-cts_sta.log)...
[INFO]: Running Placement Resizer Timing Optimizations (log: designs/car_park/runs/ayyaz/logs/cts/17-resizer.log)...
[INFO]: Running Global Routing Resizer Design Optimizations (log: designs/car_park/runs/ayyaz/logs/routing/18-resizer_design.log)...
[INFO]: Running Single-Corner Static Timing Analysis (log: designs/car_park/runs/ayyaz/logs/routing/19-rsz_design_sta.log)...
[INFO]: Running Global Routing Resizer Timing Optimizations (log: designs/car_park/runs/ayyaz/logs/routing/20-resizer_timing.log)...
[INFO]: Running Single-Corner Static Timing Analysis (log: designs/car_park/runs/ayyaz/logs/routing/21-rsz_timing_sta.log)...
[INFO]: Running Global Routing (log: designs/car_park/runs/ayyaz/logs/routing/22-global.log)...
[INFO]: Writing Verilog (log: designs/car_park/runs/ayyaz/logs/routing/22-global_write_netlist.log)...
[INFO]: Running Single-Corner Static Timing Analysis (log: designs/car_park/runs/ayyaz/logs/routing/24-grt_sta.log)...
[INFO]: Running Fill Insertion (log: designs/car_park/runs/ayyaz/logs/routing/25-fill.log)...
[INFO]: Running Detailed Routing (log: designs/car_park/runs/ayyaz/logs/routing/26-detailed.log)...
[INFO]: No Magic DRC violations after detailed routing.
[INFO]: Checking Wire Lengths (log: designs/car_park/runs/ayyaz/logs/routing/27-wire_lengths.log)...
[INFO]: Running Magic to generate various views...
[INFO]: Streaming out GDSII with Magic (log: designs/car_park/runs/ayyaz/logs/signoff/28-gdsii.log)...
[INFO]: Generating MAGLEF views...
[INFO]: Generating lef with Magic (/openlane/designs/car_park/runs/ayyaz/logs/signoff/28-lef.log)...
[INFO]: Streaming out GDSII with KLayout (log: designs/car_park/runs/ayyaz/logs/signoff/29-gdsii-klayout.log)...
[INFO]: Running XOR on the layouts using KLayout (log: designs/car_park/runs/ayyaz/logs/signoff/30-xor.log)...
[INFO]: No XOR differences between KLayout and Magic gds.
[INFO]: Running Magic Spice Export from LEF (log: designs/car_park/runs/ayyaz/logs/signoff/31-spice.log)...
[INFO]: Writing Powered Verilog (logs: designs/car_park/runs/ayyaz/logs/signoff/32-write_powered_def.log, designs/car_park/runs/ayyaz/logs/signoff/32-write_powered_verilog.log)...
[INFO]: Writing Verilog (log: designs/car_park/runs/ayyaz/logs/signoff/32-write_powered_verilog.log)...
[INFO]: Running LVS (log: designs/car_park/runs/ayyaz/logs/signoff/34-lvs.lef.log)...
[INFO]: Running Magic DRC (log: designs/car_park/runs/ayyaz/logs/signoff/35-drc.log)...
[INFO]: Converting Magic DRC database to various tool-readable formats...
[INFO]: No Magic DRC violations after GDS streaming out.
[INFO]: Running KLayout DRC (log: designs/car_park/runs/ayyaz/logs/signoff/36-drc-klayout.log)...
[INFO]: No KLayout DRC violations after GDS streaming out.
[INFO]: Running OpenROAD Antenna Rule Checker (log: designs/car_park/runs/ayyaz/logs/signoff/37-arc.log)...
[INFO]: Generating final set of reports...
[INFO]: Created manufacturability report at 'designs/car_park/runs/ayyaz/reports/manufacturability.rpt'.
[INFO]: Created metrics report at 'designs/car_park/runs/ayyaz/reports/metrics.csv'.
